2023-06-25 16:07:52,547 I event_name:TransferSingle,from_block:17547194, to_block:17548194, current_block_height:17555206
2023-06-25 16:07:52,549 I contract_address:0xB66a603f4cFe17e3D27B87a8BfCaD319856518B8,event_name:TransferSingle,from_block:17547194, to_block:17548194, current_block_height:17555206
2023-06-25 16:07:54,201 I event_name:TransferSingle,from_block:42414040, to_block:42415040, current_block_height:44314069
2023-06-25 16:07:54,202 I contract_address:0xA2D9Ded6115b7B7208459450D676f0127418ae7A,event_name:TransferSingle,from_block:42414040, to_block:42415040, current_block_height:44314069
2023-06-25 16:07:55,222 I event_name:TransferBatch,from_block:17546193, to_block:17547193, current_block_height:17555206
2023-06-25 16:07:55,225 I contract_address:0xB66a603f4cFe17e3D27B87a8BfCaD319856518B8,event_name:TransferBatch,from_block:17546193, to_block:17547193, current_block_height:17555206
2023-06-25 16:07:56,334 I event_name:TransferBatch,from_block:42413039, to_block:42414039, current_block_height:44314069
2023-06-25 16:07:56,337 I contract_address:0xA2D9Ded6115b7B7208459450D676f0127418ae7A,event_name:TransferBatch,from_block:42413039, to_block:42414039, current_block_height:44314069
2023-06-25 16:07:58,323 I event_name:Create1155RaribleUserProxy,from_block:17546193, to_block:17547193, current_block_height:17555206
2023-06-25 16:07:58,325 I contract_address:0x6a26E902E41B31c91701bBbf33773Ead8BF1691d,event_name:Create1155RaribleUserProxy,from_block:17546193, to_block:17547193, current_block_height:17555206
2023-06-25 16:07:59,409 I event_name:Create1155RaribleUserProxy,from_block:42413039, to_block:42414039, current_block_height:44314072
2023-06-25 16:07:59,412 I contract_address:0xfa63EA28fB0F6901d76E9B418eB4350281a89c62,event_name:Create1155RaribleUserProxy,from_block:42413039, to_block:42414039, current_block_height:44314072
2023-06-25 16:08:06,447 I event_name:TransferSingle,from_block:17548195, to_block:17549195, current_block_height:17555207
2023-06-25 16:08:06,449 I contract_address:0xB66a603f4cFe17e3D27B87a8BfCaD319856518B8,event_name:TransferSingle,from_block:17548195, to_block:17549195, current_block_height:17555207
2023-06-25 16:08:07,598 I event_name:TransferSingle,from_block:42415041, to_block:42416041, current_block_height:44314076
2023-06-25 16:08:07,599 I contract_address:0xA2D9Ded6115b7B7208459450D676f0127418ae7A,event_name:TransferSingle,from_block:42415041, to_block:42416041, current_block_height:44314076
2023-06-25 16:08:08,624 I event_name:TransferBatch,from_block:17547194, to_block:17548194, current_block_height:17555207
2023-06-25 16:08:08,626 I contract_address:0xB66a603f4cFe17e3D27B87a8BfCaD319856518B8,event_name:TransferBatch,from_block:17547194, to_block:17548194, current_block_height:17555207
2023-06-25 16:08:09,648 I event_name:TransferBatch,from_block:42414040, to_block:42415040, current_block_height:44314076
2023-06-25 16:08:09,650 I contract_address:0xA2D9Ded6115b7B7208459450D676f0127418ae7A,event_name:TransferBatch,from_block:42414040, to_block:42415040, current_block_height:44314076
2023-06-25 16:08:11,870 I event_name:Create1155RaribleUserProxy,from_block:17547194, to_block:17548194, current_block_height:17555207
2023-06-25 16:08:11,872 I contract_address:0x6a26E902E41B31c91701bBbf33773Ead8BF1691d,event_name:Create1155RaribleUserProxy,from_block:17547194, to_block:17548194, current_block_height:17555207
2023-06-25 16:08:12,920 I event_name:Create1155RaribleUserProxy,from_block:42414040, to_block:42415040, current_block_height:44314079
2023-06-25 16:08:12,921 I contract_address:0xfa63EA28fB0F6901d76E9B418eB4350281a89c62,event_name:Create1155RaribleUserProxy,from_block:42414040, to_block:42415040, current_block_height:44314079
2023-06-25 16:08:20,606 I event_name:TransferSingle,from_block:17549196, to_block:17550196, current_block_height:17555208
2023-06-25 16:08:20,608 I contract_address:0xB66a603f4cFe17e3D27B87a8BfCaD319856518B8,event_name:TransferSingle,from_block:17549196, to_block:17550196, current_block_height:17555208
2023-06-25 16:08:21,630 I event_name:TransferSingle,from_block:42416042, to_block:42417042, current_block_height:44314082
2023-06-25 16:08:21,632 I contract_address:0xA2D9Ded6115b7B7208459450D676f0127418ae7A,event_name:TransferSingle,from_block:42416042, to_block:42417042, current_block_height:44314082
2023-06-25 16:08:22,654 I event_name:TransferBatch,from_block:17548195, to_block:17549195, current_block_height:17555208
2023-06-25 16:08:22,656 I contract_address:0xB66a603f4cFe17e3D27B87a8BfCaD319856518B8,event_name:TransferBatch,from_block:17548195, to_block:17549195, current_block_height:17555208
2023-06-25 16:08:23,815 I event_name:TransferBatch,from_block:42415041, to_block:42416041, current_block_height:44314082
2023-06-25 16:08:23,816 I contract_address:0xA2D9Ded6115b7B7208459450D676f0127418ae7A,event_name:TransferBatch,from_block:42415041, to_block:42416041, current_block_height:44314082
2023-06-25 16:08:26,237 I event_name:Create1155RaribleUserProxy,from_block:17548195, to_block:17549195, current_block_height:17555209
2023-06-25 16:08:26,239 I contract_address:0x6a26E902E41B31c91701bBbf33773Ead8BF1691d,event_name:Create1155RaribleUserProxy,from_block:17548195, to_block:17549195, current_block_height:17555209
2023-06-25 16:08:27,617 I event_name:Create1155RaribleUserProxy,from_block:42415041, to_block:42416041, current_block_height:44314085
2023-06-25 16:08:27,619 I contract_address:0xfa63EA28fB0F6901d76E9B418eB4350281a89c62,event_name:Create1155RaribleUserProxy,from_block:42415041, to_block:42416041, current_block_height:44314085
2023-06-25 16:08:34,635 I event_name:TransferSingle,from_block:17550197, to_block:17551197, current_block_height:17555209
2023-06-25 16:08:34,637 I contract_address:0xB66a603f4cFe17e3D27B87a8BfCaD319856518B8,event_name:TransferSingle,from_block:17550197, to_block:17551197, current_block_height:17555209
2023-06-25 16:08:35,654 I event_name:TransferSingle,from_block:42417043, to_block:42418043, current_block_height:44314089
2023-06-25 16:08:35,656 I contract_address:0xA2D9Ded6115b7B7208459450D676f0127418ae7A,event_name:TransferSingle,from_block:42417043, to_block:42418043, current_block_height:44314089
2023-06-25 16:08:36,701 I event_name:TransferBatch,from_block:17549196, to_block:17550196, current_block_height:17555209
2023-06-25 16:08:36,702 I contract_address:0xB66a603f4cFe17e3D27B87a8BfCaD319856518B8,event_name:TransferBatch,from_block:17549196, to_block:17550196, current_block_height:17555209
2023-06-25 16:08:37,629 I event_name:TransferBatch,from_block:42416042, to_block:42417042, current_block_height:44314089
2023-06-25 16:08:37,631 I contract_address:0xA2D9Ded6115b7B7208459450D676f0127418ae7A,event_name:TransferBatch,from_block:42416042, to_block:42417042, current_block_height:44314089
2023-06-25 16:08:39,708 I event_name:Create1155RaribleUserProxy,from_block:17549196, to_block:17550196, current_block_height:17555210
2023-06-25 16:08:39,710 I contract_address:0x6a26E902E41B31c91701bBbf33773Ead8BF1691d,event_name:Create1155RaribleUserProxy,from_block:17549196, to_block:17550196, current_block_height:17555210
2023-06-25 16:08:40,691 I event_name:Create1155RaribleUserProxy,from_block:42416042, to_block:42417042, current_block_height:44314091
2023-06-25 16:08:40,693 I contract_address:0xfa63EA28fB0F6901d76E9B418eB4350281a89c62,event_name:Create1155RaribleUserProxy,from_block:42416042, to_block:42417042, current_block_height:44314091
2023-06-25 16:09:55,638 I event_name:TransferSingle,from_block:17551198, to_block:17552198, current_block_height:17555216
2023-06-25 16:09:55,640 I contract_address:0xB66a603f4cFe17e3D27B87a8BfCaD319856518B8,event_name:TransferSingle,from_block:17551198, to_block:17552198, current_block_height:17555216
2023-06-25 16:09:57,205 I event_name:TransferSingle,from_block:42418044, to_block:42419044, current_block_height:44314127
2023-06-25 16:09:57,207 I contract_address:0xA2D9Ded6115b7B7208459450D676f0127418ae7A,event_name:TransferSingle,from_block:42418044, to_block:42419044, current_block_height:44314127
2023-06-25 16:09:58,649 I event_name:TransferBatch,from_block:17550197, to_block:17551197, current_block_height:17555216
2023-06-25 16:09:58,650 I contract_address:0xB66a603f4cFe17e3D27B87a8BfCaD319856518B8,event_name:TransferBatch,from_block:17550197, to_block:17551197, current_block_height:17555216
