2023-06-24 15:27:59,450 I event_name:TransferSingle,from_block:17514161, to_block:17515161, current_block_height:17547868
2023-06-24 15:27:59,456 I contract_address:0xB66a603f4cFe17e3D27B87a8BfCaD319856518B8,event_name:TransferSingle,from_block:17514161, to_block:17515161, current_block_height:17547868
2023-06-24 15:28:01,892 I event_name:TransferBatch,from_block:17514161, to_block:17515161, current_block_height:17547868
2023-06-24 15:28:01,898 I contract_address:0xB66a603f4cFe17e3D27B87a8BfCaD319856518B8,event_name:TransferBatch,from_block:17514161, to_block:17515161, current_block_height:17547868
2023-06-24 15:28:06,075 I event_name:TransferSingle,from_block:42380006, to_block:42381006, current_block_height:44274348
2023-06-24 15:28:06,079 I contract_address:0xA2D9Ded6115b7B7208459450D676f0127418ae7A,event_name:TransferSingle,from_block:42380006, to_block:42381006, current_block_height:44274348
2023-06-24 15:28:07,748 I event_name:TransferBatch,from_block:42380006, to_block:42381006, current_block_height:44274348
2023-06-24 15:28:07,751 I contract_address:0xA2D9Ded6115b7B7208459450D676f0127418ae7A,event_name:TransferBatch,from_block:42380006, to_block:42381006, current_block_height:44274348
2023-06-24 15:29:26,669 I event_name:Create1155RaribleUserProxy,from_block:17513160, to_block:17514160, current_block_height:17547904
2023-06-24 15:29:26,675 I contract_address:0x6a26E902E41B31c91701bBbf33773Ead8BF1691d,event_name:Create1155RaribleUserProxy,from_block:17513160, to_block:17514160, current_block_height:17547904
2023-06-24 15:29:28,866 I event_name:Create1155RaribleUserProxy,from_block:42379005, to_block:42380005, current_block_height:44274387
2023-06-24 15:29:28,870 I contract_address:0xfa63EA28fB0F6901d76E9B418eB4350281a89c62,event_name:Create1155RaribleUserProxy,from_block:42379005, to_block:42380005, current_block_height:44274387
2023-06-24 15:29:44,671 I event_name:TransferSingle,from_block:17515162, to_block:17516162, current_block_height:17547907
2023-06-24 15:29:44,678 I contract_address:0xB66a603f4cFe17e3D27B87a8BfCaD319856518B8,event_name:TransferSingle,from_block:17515162, to_block:17516162, current_block_height:17547907
2023-06-24 15:29:45,806 I event_name:TransferBatch,from_block:17515162, to_block:17516162, current_block_height:17547907
2023-06-24 15:29:45,809 I contract_address:0xB66a603f4cFe17e3D27B87a8BfCaD319856518B8,event_name:TransferBatch,from_block:17515162, to_block:17516162, current_block_height:17547907
2023-06-24 15:29:47,922 I event_name:TransferSingle,from_block:42381007, to_block:42382007, current_block_height:44274396
2023-06-24 15:29:47,926 I contract_address:0xA2D9Ded6115b7B7208459450D676f0127418ae7A,event_name:TransferSingle,from_block:42381007, to_block:42382007, current_block_height:44274396
2023-06-24 15:29:49,480 I event_name:TransferBatch,from_block:42381007, to_block:42382007, current_block_height:44274396
2023-06-24 15:29:49,484 I contract_address:0xA2D9Ded6115b7B7208459450D676f0127418ae7A,event_name:TransferBatch,from_block:42381007, to_block:42382007, current_block_height:44274396
2023-06-24 15:29:55,447 I event_name:Create1155RaribleUserProxy,from_block:17514161, to_block:17515161, current_block_height:17547908
2023-06-24 15:29:55,451 I contract_address:0x6a26E902E41B31c91701bBbf33773Ead8BF1691d,event_name:Create1155RaribleUserProxy,from_block:17514161, to_block:17515161, current_block_height:17547908
2023-06-24 15:29:58,889 I event_name:Create1155RaribleUserProxy,from_block:42380006, to_block:42381006, current_block_height:44274401
2023-06-24 15:29:58,892 I contract_address:0xfa63EA28fB0F6901d76E9B418eB4350281a89c62,event_name:Create1155RaribleUserProxy,from_block:42380006, to_block:42381006, current_block_height:44274401
2023-06-24 15:30:06,422 I event_name:TransferSingle,from_block:17516163, to_block:17517163, current_block_height:17547909
2023-06-24 15:30:06,426 I contract_address:0xB66a603f4cFe17e3D27B87a8BfCaD319856518B8,event_name:TransferSingle,from_block:17516163, to_block:17517163, current_block_height:17547909
2023-06-24 15:30:08,272 I event_name:TransferBatch,from_block:17516163, to_block:17517163, current_block_height:17547909
2023-06-24 15:30:08,275 I contract_address:0xB66a603f4cFe17e3D27B87a8BfCaD319856518B8,event_name:TransferBatch,from_block:17516163, to_block:17517163, current_block_height:17547909
2023-06-24 15:30:12,302 I event_name:TransferSingle,from_block:42382008, to_block:42383008, current_block_height:44274408
2023-06-24 15:30:12,306 I contract_address:0xA2D9Ded6115b7B7208459450D676f0127418ae7A,event_name:TransferSingle,from_block:42382008, to_block:42383008, current_block_height:44274408
2023-06-24 15:30:13,598 I event_name:TransferBatch,from_block:42382008, to_block:42383008, current_block_height:44274408
2023-06-24 15:30:13,600 I contract_address:0xA2D9Ded6115b7B7208459450D676f0127418ae7A,event_name:TransferBatch,from_block:42382008, to_block:42383008, current_block_height:44274408
2023-06-24 15:30:17,183 I event_name:Create1155RaribleUserProxy,from_block:17515162, to_block:17516162, current_block_height:17547910
2023-06-24 15:30:17,188 I contract_address:0x6a26E902E41B31c91701bBbf33773Ead8BF1691d,event_name:Create1155RaribleUserProxy,from_block:17515162, to_block:17516162, current_block_height:17547910
2023-06-24 15:30:59,164 I event_name:TransferSingle,from_block:17517164, to_block:17518164, current_block_height:17547913
2023-06-24 15:30:59,167 I contract_address:0xB66a603f4cFe17e3D27B87a8BfCaD319856518B8,event_name:TransferSingle,from_block:17517164, to_block:17518164, current_block_height:17547913
2023-06-24 15:31:00,656 I event_name:TransferSingle,from_block:42383009, to_block:42384009, current_block_height:44274429
2023-06-24 15:31:00,658 I contract_address:0xA2D9Ded6115b7B7208459450D676f0127418ae7A,event_name:TransferSingle,from_block:42383009, to_block:42384009, current_block_height:44274429
2023-06-24 15:31:01,914 I event_name:TransferBatch,from_block:17517164, to_block:17518164, current_block_height:17547913
2023-06-24 15:31:01,915 I contract_address:0xB66a603f4cFe17e3D27B87a8BfCaD319856518B8,event_name:TransferBatch,from_block:17517164, to_block:17518164, current_block_height:17547913
2023-06-24 15:31:02,995 I event_name:TransferBatch,from_block:42383009, to_block:42384009, current_block_height:44274429
2023-06-24 15:31:02,996 I contract_address:0xA2D9Ded6115b7B7208459450D676f0127418ae7A,event_name:TransferBatch,from_block:42383009, to_block:42384009, current_block_height:44274429
2023-06-24 15:31:05,536 I event_name:Create1155RaribleUserProxy,from_block:17516163, to_block:17517163, current_block_height:17547914
2023-06-24 15:31:05,539 I contract_address:0x6a26E902E41B31c91701bBbf33773Ead8BF1691d,event_name:Create1155RaribleUserProxy,from_block:17516163, to_block:17517163, current_block_height:17547914
2023-06-24 15:31:07,343 I event_name:Create1155RaribleUserProxy,from_block:42381007, to_block:42382007, current_block_height:44274431
2023-06-24 15:31:07,344 I contract_address:0xfa63EA28fB0F6901d76E9B418eB4350281a89c62,event_name:Create1155RaribleUserProxy,from_block:42381007, to_block:42382007, current_block_height:44274431
2023-06-24 15:31:14,777 I event_name:TransferSingle,from_block:17518165, to_block:17519165, current_block_height:17547915
2023-06-24 15:31:14,779 I contract_address:0xB66a603f4cFe17e3D27B87a8BfCaD319856518B8,event_name:TransferSingle,from_block:17518165, to_block:17519165, current_block_height:17547915
2023-06-24 15:31:16,013 I event_name:TransferSingle,from_block:42384010, to_block:42385010, current_block_height:44274433
2023-06-24 15:31:16,015 I contract_address:0xA2D9Ded6115b7B7208459450D676f0127418ae7A,event_name:TransferSingle,from_block:42384010, to_block:42385010, current_block_height:44274433
2023-06-24 15:31:17,176 I event_name:TransferBatch,from_block:17518165, to_block:17519165, current_block_height:17547915
2023-06-24 15:31:17,178 I contract_address:0xB66a603f4cFe17e3D27B87a8BfCaD319856518B8,event_name:TransferBatch,from_block:17518165, to_block:17519165, current_block_height:17547915
2023-06-24 15:31:18,390 I event_name:TransferBatch,from_block:42384010, to_block:42385010, current_block_height:44274433
2023-06-24 15:31:18,391 I contract_address:0xA2D9Ded6115b7B7208459450D676f0127418ae7A,event_name:TransferBatch,from_block:42384010, to_block:42385010, current_block_height:44274433
2023-06-24 15:31:21,027 I event_name:Create1155RaribleUserProxy,from_block:17517164, to_block:17518164, current_block_height:17547915
2023-06-24 15:31:21,030 I contract_address:0x6a26E902E41B31c91701bBbf33773Ead8BF1691d,event_name:Create1155RaribleUserProxy,from_block:17517164, to_block:17518164, current_block_height:17547915
2023-06-24 15:31:22,262 I event_name:Create1155RaribleUserProxy,from_block:42382008, to_block:42383008, current_block_height:44274436
2023-06-24 15:31:22,264 I contract_address:0xfa63EA28fB0F6901d76E9B418eB4350281a89c62,event_name:Create1155RaribleUserProxy,from_block:42382008, to_block:42383008, current_block_height:44274436
2023-06-24 15:31:31,335 I event_name:TransferSingle,from_block:17519166, to_block:17520166, current_block_height:17547916
2023-06-24 15:31:31,339 I contract_address:0xB66a603f4cFe17e3D27B87a8BfCaD319856518B8,event_name:TransferSingle,from_block:17519166, to_block:17520166, current_block_height:17547916
2023-06-24 15:31:32,621 I event_name:TransferSingle,from_block:42385011, to_block:42386011, current_block_height:44274441
2023-06-24 15:31:32,622 I contract_address:0xA2D9Ded6115b7B7208459450D676f0127418ae7A,event_name:TransferSingle,from_block:42385011, to_block:42386011, current_block_height:44274441
2023-06-24 15:31:34,489 I event_name:TransferBatch,from_block:17519166, to_block:17520166, current_block_height:17547916
2023-06-24 15:31:34,490 I contract_address:0xB66a603f4cFe17e3D27B87a8BfCaD319856518B8,event_name:TransferBatch,from_block:17519166, to_block:17520166, current_block_height:17547916
2023-06-24 15:31:36,145 I event_name:TransferBatch,from_block:42385011, to_block:42386011, current_block_height:44274441
2023-06-24 15:31:36,147 I contract_address:0xA2D9Ded6115b7B7208459450D676f0127418ae7A,event_name:TransferBatch,from_block:42385011, to_block:42386011, current_block_height:44274441
2023-06-24 15:31:38,138 I event_name:Create1155RaribleUserProxy,from_block:17518165, to_block:17519165, current_block_height:17547916
2023-06-24 15:31:38,141 I contract_address:0x6a26E902E41B31c91701bBbf33773Ead8BF1691d,event_name:Create1155RaribleUserProxy,from_block:17518165, to_block:17519165, current_block_height:17547916
2023-06-24 15:31:39,569 I event_name:Create1155RaribleUserProxy,from_block:42383009, to_block:42384009, current_block_height:44274445
2023-06-24 15:31:39,571 I contract_address:0xfa63EA28fB0F6901d76E9B418eB4350281a89c62,event_name:Create1155RaribleUserProxy,from_block:42383009, to_block:42384009, current_block_height:44274445
2023-06-24 15:31:46,944 I event_name:TransferSingle,from_block:17520167, to_block:17521167, current_block_height:17547916
2023-06-24 15:31:46,946 I contract_address:0xB66a603f4cFe17e3D27B87a8BfCaD319856518B8,event_name:TransferSingle,from_block:17520167, to_block:17521167, current_block_height:17547916
2023-06-24 15:31:48,580 I event_name:TransferSingle,from_block:42386012, to_block:42387012, current_block_height:44274447
2023-06-24 15:31:48,582 I contract_address:0xA2D9Ded6115b7B7208459450D676f0127418ae7A,event_name:TransferSingle,from_block:42386012, to_block:42387012, current_block_height:44274447
2023-06-24 15:31:49,761 I event_name:TransferBatch,from_block:17520167, to_block:17521167, current_block_height:17547916
2023-06-24 15:31:49,763 I contract_address:0xB66a603f4cFe17e3D27B87a8BfCaD319856518B8,event_name:TransferBatch,from_block:17520167, to_block:17521167, current_block_height:17547916
2023-06-24 15:31:50,808 I event_name:TransferBatch,from_block:42386012, to_block:42387012, current_block_height:44274447
2023-06-24 15:31:50,810 I contract_address:0xA2D9Ded6115b7B7208459450D676f0127418ae7A,event_name:TransferBatch,from_block:42386012, to_block:42387012, current_block_height:44274447
2023-06-24 15:31:53,816 I event_name:Create1155RaribleUserProxy,from_block:17519166, to_block:17520166, current_block_height:17547918
2023-06-24 15:31:53,818 I contract_address:0x6a26E902E41B31c91701bBbf33773Ead8BF1691d,event_name:Create1155RaribleUserProxy,from_block:17519166, to_block:17520166, current_block_height:17547918
2023-06-24 15:31:55,250 I event_name:Create1155RaribleUserProxy,from_block:42384010, to_block:42385010, current_block_height:44274451
2023-06-24 15:31:55,251 I contract_address:0xfa63EA28fB0F6901d76E9B418eB4350281a89c62,event_name:Create1155RaribleUserProxy,from_block:42384010, to_block:42385010, current_block_height:44274451
2023-06-24 15:32:29,911 I event_name:TransferSingle,from_block:17521168, to_block:17522168, current_block_height:17547921
2023-06-24 15:32:29,915 I contract_address:0xB66a603f4cFe17e3D27B87a8BfCaD319856518B8,event_name:TransferSingle,from_block:17521168, to_block:17522168, current_block_height:17547921
2023-06-24 15:32:30,942 I event_name:TransferBatch,from_block:17521168, to_block:17522168, current_block_height:17547921
2023-06-24 15:32:30,943 I contract_address:0xB66a603f4cFe17e3D27B87a8BfCaD319856518B8,event_name:TransferBatch,from_block:17521168, to_block:17522168, current_block_height:17547921
2023-06-24 15:32:33,836 I event_name:TransferSingle,from_block:42387013, to_block:42388013, current_block_height:44274471
2023-06-24 15:32:33,838 I contract_address:0xA2D9Ded6115b7B7208459450D676f0127418ae7A,event_name:TransferSingle,from_block:42387013, to_block:42388013, current_block_height:44274471
2023-06-24 15:32:35,504 I event_name:TransferBatch,from_block:42387013, to_block:42388013, current_block_height:44274471
2023-06-24 15:32:35,505 I contract_address:0xA2D9Ded6115b7B7208459450D676f0127418ae7A,event_name:TransferBatch,from_block:42387013, to_block:42388013, current_block_height:44274471
2023-06-24 15:32:36,995 I event_name:Create1155RaribleUserProxy,from_block:17520167, to_block:17521167, current_block_height:17547921
2023-06-24 15:32:36,998 I contract_address:0x6a26E902E41B31c91701bBbf33773Ead8BF1691d,event_name:Create1155RaribleUserProxy,from_block:17520167, to_block:17521167, current_block_height:17547921
2023-06-24 15:32:38,722 I event_name:Create1155RaribleUserProxy,from_block:42385011, to_block:42386011, current_block_height:44274473
2023-06-24 15:32:38,725 I contract_address:0xfa63EA28fB0F6901d76E9B418eB4350281a89c62,event_name:Create1155RaribleUserProxy,from_block:42385011, to_block:42386011, current_block_height:44274473
2023-06-24 15:32:45,319 I event_name:TransferSingle,from_block:17522169, to_block:17523169, current_block_height:17547922
2023-06-24 15:32:45,321 I contract_address:0xB66a603f4cFe17e3D27B87a8BfCaD319856518B8,event_name:TransferSingle,from_block:17522169, to_block:17523169, current_block_height:17547922
2023-06-24 15:32:46,343 I event_name:TransferBatch,from_block:17522169, to_block:17523169, current_block_height:17547922
2023-06-24 15:32:46,345 I contract_address:0xB66a603f4cFe17e3D27B87a8BfCaD319856518B8,event_name:TransferBatch,from_block:17522169, to_block:17523169, current_block_height:17547922
2023-06-24 15:32:47,717 I event_name:TransferSingle,from_block:42388014, to_block:42389014, current_block_height:44274477
2023-06-24 15:32:47,719 I contract_address:0xA2D9Ded6115b7B7208459450D676f0127418ae7A,event_name:TransferSingle,from_block:42388014, to_block:42389014, current_block_height:44274477
2023-06-24 15:32:48,868 I event_name:TransferBatch,from_block:42388014, to_block:42389014, current_block_height:44274477
2023-06-24 15:32:48,869 I contract_address:0xA2D9Ded6115b7B7208459450D676f0127418ae7A,event_name:TransferBatch,from_block:42388014, to_block:42389014, current_block_height:44274477
2023-06-24 15:32:50,758 I event_name:Create1155RaribleUserProxy,from_block:17521168, to_block:17522168, current_block_height:17547923
2023-06-24 15:32:50,760 I contract_address:0x6a26E902E41B31c91701bBbf33773Ead8BF1691d,event_name:Create1155RaribleUserProxy,from_block:17521168, to_block:17522168, current_block_height:17547923
2023-06-24 15:32:52,317 I event_name:Create1155RaribleUserProxy,from_block:42386012, to_block:42387012, current_block_height:44274479
2023-06-24 15:32:52,318 I contract_address:0xfa63EA28fB0F6901d76E9B418eB4350281a89c62,event_name:Create1155RaribleUserProxy,from_block:42386012, to_block:42387012, current_block_height:44274479
2023-06-24 15:32:58,799 I event_name:TransferSingle,from_block:17523170, to_block:17524170, current_block_height:17547923
2023-06-24 15:32:58,802 I contract_address:0xB66a603f4cFe17e3D27B87a8BfCaD319856518B8,event_name:TransferSingle,from_block:17523170, to_block:17524170, current_block_height:17547923
2023-06-24 15:32:59,797 I event_name:TransferBatch,from_block:17523170, to_block:17524170, current_block_height:17547923
2023-06-24 15:32:59,799 I contract_address:0xB66a603f4cFe17e3D27B87a8BfCaD319856518B8,event_name:TransferBatch,from_block:17523170, to_block:17524170, current_block_height:17547923
2023-06-24 15:33:01,465 I event_name:TransferSingle,from_block:42389015, to_block:42390015, current_block_height:44274483
2023-06-24 15:33:01,467 I contract_address:0xA2D9Ded6115b7B7208459450D676f0127418ae7A,event_name:TransferSingle,from_block:42389015, to_block:42390015, current_block_height:44274483
2023-06-24 15:35:28,743 I event_name:TransferSingle,from_block:17524171, to_block:17525171, current_block_height:17547935
2023-06-24 15:35:28,747 I contract_address:0xB66a603f4cFe17e3D27B87a8BfCaD319856518B8,event_name:TransferSingle,from_block:17524171, to_block:17525171, current_block_height:17547935
2023-06-24 15:35:30,474 I event_name:TransferSingle,from_block:42389015, to_block:42390015, current_block_height:44274527
2023-06-24 15:35:30,476 I contract_address:0xA2D9Ded6115b7B7208459450D676f0127418ae7A,event_name:TransferSingle,from_block:42389015, to_block:42390015, current_block_height:44274527
2023-06-24 15:35:31,820 I event_name:TransferBatch,from_block:17524171, to_block:17525171, current_block_height:17547935
2023-06-24 15:35:31,821 I contract_address:0xB66a603f4cFe17e3D27B87a8BfCaD319856518B8,event_name:TransferBatch,from_block:17524171, to_block:17525171, current_block_height:17547935
2023-06-24 15:35:34,982 I event_name:TransferBatch,from_block:42389015, to_block:42390015, current_block_height:44274527
2023-06-24 15:35:34,984 I contract_address:0xA2D9Ded6115b7B7208459450D676f0127418ae7A,event_name:TransferBatch,from_block:42389015, to_block:42390015, current_block_height:44274527
2023-06-24 15:35:37,250 I event_name:Create1155RaribleUserProxy,from_block:17522169, to_block:17523169, current_block_height:17547936
2023-06-24 15:35:37,253 I contract_address:0x6a26E902E41B31c91701bBbf33773Ead8BF1691d,event_name:Create1155RaribleUserProxy,from_block:17522169, to_block:17523169, current_block_height:17547936
2023-06-24 15:35:38,191 I event_name:Create1155RaribleUserProxy,from_block:42387013, to_block:42388013, current_block_height:44274531
2023-06-24 15:35:38,193 I contract_address:0xfa63EA28fB0F6901d76E9B418eB4350281a89c62,event_name:Create1155RaribleUserProxy,from_block:42387013, to_block:42388013, current_block_height:44274531
2023-06-24 15:35:45,220 I event_name:TransferSingle,from_block:17525172, to_block:17526172, current_block_height:17547937
2023-06-24 15:35:45,222 I contract_address:0xB66a603f4cFe17e3D27B87a8BfCaD319856518B8,event_name:TransferSingle,from_block:17525172, to_block:17526172, current_block_height:17547937
2023-06-24 15:35:46,150 I event_name:TransferSingle,from_block:42390016, to_block:42391016, current_block_height:44274535
2023-06-24 15:35:46,153 I contract_address:0xA2D9Ded6115b7B7208459450D676f0127418ae7A,event_name:TransferSingle,from_block:42390016, to_block:42391016, current_block_height:44274535
2023-06-24 15:35:47,297 I event_name:TransferBatch,from_block:17525172, to_block:17526172, current_block_height:17547937
2023-06-24 15:35:47,299 I contract_address:0xB66a603f4cFe17e3D27B87a8BfCaD319856518B8,event_name:TransferBatch,from_block:17525172, to_block:17526172, current_block_height:17547937
2023-06-24 15:35:48,234 I event_name:TransferBatch,from_block:42390016, to_block:42391016, current_block_height:44274535
2023-06-24 15:35:48,236 I contract_address:0xA2D9Ded6115b7B7208459450D676f0127418ae7A,event_name:TransferBatch,from_block:42390016, to_block:42391016, current_block_height:44274535
2023-06-24 15:35:50,171 I event_name:Create1155RaribleUserProxy,from_block:17523170, to_block:17524170, current_block_height:17547938
2023-06-24 15:35:50,173 I contract_address:0x6a26E902E41B31c91701bBbf33773Ead8BF1691d,event_name:Create1155RaribleUserProxy,from_block:17523170, to_block:17524170, current_block_height:17547938
2023-06-24 15:35:51,552 I event_name:Create1155RaribleUserProxy,from_block:42388014, to_block:42389014, current_block_height:44274538
2023-06-24 15:35:51,554 I contract_address:0xfa63EA28fB0F6901d76E9B418eB4350281a89c62,event_name:Create1155RaribleUserProxy,from_block:42388014, to_block:42389014, current_block_height:44274538
2023-06-24 15:40:06,000 I event_name:TransferSingle,from_block:17506153, to_block:17507153, current_block_height:17547958
2023-06-24 15:40:06,004 I contract_address:0xB66a603f4cFe17e3D27B87a8BfCaD319856518B8,event_name:TransferSingle,from_block:17506153, to_block:17507153, current_block_height:17547958
2023-06-24 15:40:09,128 I event_name:TransferSingle,from_block:42372999, to_block:42373999, current_block_height:44274655
2023-06-24 15:40:09,129 I contract_address:0xA2D9Ded6115b7B7208459450D676f0127418ae7A,event_name:TransferSingle,from_block:42372999, to_block:42373999, current_block_height:44274655
2023-06-24 15:40:10,275 I event_name:TransferBatch,from_block:17506153, to_block:17507153, current_block_height:17547958
2023-06-24 15:40:10,276 I contract_address:0xB66a603f4cFe17e3D27B87a8BfCaD319856518B8,event_name:TransferBatch,from_block:17506153, to_block:17507153, current_block_height:17547958
2023-06-24 15:40:10,989 I event_name:TransferBatch,from_block:42372999, to_block:42373999, current_block_height:44274655
2023-06-24 15:40:10,991 I contract_address:0xA2D9Ded6115b7B7208459450D676f0127418ae7A,event_name:TransferBatch,from_block:42372999, to_block:42373999, current_block_height:44274655
2023-06-24 15:40:14,287 I event_name:Create1155RaribleUserProxy,from_block:17506153, to_block:17507153, current_block_height:17547959
2023-06-24 15:40:14,290 I contract_address:0x6a26E902E41B31c91701bBbf33773Ead8BF1691d,event_name:Create1155RaribleUserProxy,from_block:17506153, to_block:17507153, current_block_height:17547959
2023-06-24 15:40:16,952 I event_name:Create1155RaribleUserProxy,from_block:42372999, to_block:42373999, current_block_height:44274657
2023-06-24 15:40:16,954 I contract_address:0xfa63EA28fB0F6901d76E9B418eB4350281a89c62,event_name:Create1155RaribleUserProxy,from_block:42372999, to_block:42373999, current_block_height:44274657
2023-06-24 15:40:25,901 I event_name:TransferSingle,from_block:17507154, to_block:17508154, current_block_height:17547960
2023-06-24 15:40:25,904 I contract_address:0xB66a603f4cFe17e3D27B87a8BfCaD319856518B8,event_name:TransferSingle,from_block:17507154, to_block:17508154, current_block_height:17547960
2023-06-24 15:40:26,721 I event_name:TransferSingle,from_block:42374000, to_block:42375000, current_block_height:44274663
2023-06-24 15:40:26,724 I contract_address:0xA2D9Ded6115b7B7208459450D676f0127418ae7A,event_name:TransferSingle,from_block:42374000, to_block:42375000, current_block_height:44274663
2023-06-24 15:40:28,607 I event_name:TransferBatch,from_block:17507154, to_block:17508154, current_block_height:17547960
2023-06-24 15:40:28,609 I contract_address:0xB66a603f4cFe17e3D27B87a8BfCaD319856518B8,event_name:TransferBatch,from_block:17507154, to_block:17508154, current_block_height:17547960
2023-06-24 15:40:29,345 I event_name:TransferBatch,from_block:42374000, to_block:42375000, current_block_height:44274663
2023-06-24 15:40:29,348 I contract_address:0xA2D9Ded6115b7B7208459450D676f0127418ae7A,event_name:TransferBatch,from_block:42374000, to_block:42375000, current_block_height:44274663
2023-06-24 15:40:33,280 I event_name:Create1155RaribleUserProxy,from_block:17507154, to_block:17508154, current_block_height:17547961
2023-06-24 15:40:33,284 I contract_address:0x6a26E902E41B31c91701bBbf33773Ead8BF1691d,event_name:Create1155RaribleUserProxy,from_block:17507154, to_block:17508154, current_block_height:17547961
2023-06-24 15:40:33,978 I event_name:Create1155RaribleUserProxy,from_block:42374000, to_block:42375000, current_block_height:44274666
2023-06-24 15:40:33,980 I contract_address:0xfa63EA28fB0F6901d76E9B418eB4350281a89c62,event_name:Create1155RaribleUserProxy,from_block:42374000, to_block:42375000, current_block_height:44274666
2023-06-24 15:40:43,362 I event_name:TransferSingle,from_block:17508155, to_block:17509155, current_block_height:17547962
2023-06-24 15:40:43,369 I contract_address:0xB66a603f4cFe17e3D27B87a8BfCaD319856518B8,event_name:TransferSingle,from_block:17508155, to_block:17509155, current_block_height:17547962
2023-06-24 15:40:44,341 I event_name:TransferSingle,from_block:42375001, to_block:42376001, current_block_height:44274670
2023-06-24 15:40:44,345 I contract_address:0xA2D9Ded6115b7B7208459450D676f0127418ae7A,event_name:TransferSingle,from_block:42375001, to_block:42376001, current_block_height:44274670
2023-06-24 15:40:46,276 I event_name:TransferBatch,from_block:17508155, to_block:17509155, current_block_height:17547962
2023-06-24 15:40:46,278 I contract_address:0xB66a603f4cFe17e3D27B87a8BfCaD319856518B8,event_name:TransferBatch,from_block:17508155, to_block:17509155, current_block_height:17547962
2023-06-24 15:40:47,891 I event_name:TransferBatch,from_block:42375001, to_block:42376001, current_block_height:44274670
2023-06-24 15:40:47,896 I contract_address:0xA2D9Ded6115b7B7208459450D676f0127418ae7A,event_name:TransferBatch,from_block:42375001, to_block:42376001, current_block_height:44274670
2023-06-24 15:40:51,799 I event_name:Create1155RaribleUserProxy,from_block:17508155, to_block:17509155, current_block_height:17547963
2023-06-24 15:40:51,806 I contract_address:0x6a26E902E41B31c91701bBbf33773Ead8BF1691d,event_name:Create1155RaribleUserProxy,from_block:17508155, to_block:17509155, current_block_height:17547963
2023-06-24 15:40:52,646 I event_name:Create1155RaribleUserProxy,from_block:42375001, to_block:42376001, current_block_height:44274675
2023-06-24 15:40:52,652 I contract_address:0xfa63EA28fB0F6901d76E9B418eB4350281a89c62,event_name:Create1155RaribleUserProxy,from_block:42375001, to_block:42376001, current_block_height:44274675
2023-06-24 15:41:01,442 I event_name:TransferSingle,from_block:17509156, to_block:17510156, current_block_height:17547963
2023-06-24 15:41:01,450 I contract_address:0xB66a603f4cFe17e3D27B87a8BfCaD319856518B8,event_name:TransferSingle,from_block:17509156, to_block:17510156, current_block_height:17547963
2023-06-24 15:41:05,716 I event_name:TransferSingle,from_block:42376002, to_block:42377002, current_block_height:44274680
2023-06-24 15:41:05,722 I contract_address:0xA2D9Ded6115b7B7208459450D676f0127418ae7A,event_name:TransferSingle,from_block:42376002, to_block:42377002, current_block_height:44274680
2023-06-24 15:41:08,439 I event_name:TransferBatch,from_block:17509156, to_block:17510156, current_block_height:17547963
2023-06-24 15:41:08,441 I contract_address:0xB66a603f4cFe17e3D27B87a8BfCaD319856518B8,event_name:TransferBatch,from_block:17509156, to_block:17510156, current_block_height:17547963
2023-06-24 15:41:09,152 I event_name:TransferBatch,from_block:42376002, to_block:42377002, current_block_height:44274680
2023-06-24 15:41:09,156 I contract_address:0xA2D9Ded6115b7B7208459450D676f0127418ae7A,event_name:TransferBatch,from_block:42376002, to_block:42377002, current_block_height:44274680
2023-06-24 15:41:10,877 I event_name:Create1155RaribleUserProxy,from_block:17509156, to_block:17510156, current_block_height:17547964
2023-06-24 15:41:10,886 I contract_address:0x6a26E902E41B31c91701bBbf33773Ead8BF1691d,event_name:Create1155RaribleUserProxy,from_block:17509156, to_block:17510156, current_block_height:17547964
2023-06-24 15:41:12,216 I event_name:Create1155RaribleUserProxy,from_block:42376002, to_block:42377002, current_block_height:44274684
2023-06-24 15:41:12,227 I contract_address:0xfa63EA28fB0F6901d76E9B418eB4350281a89c62,event_name:Create1155RaribleUserProxy,from_block:42376002, to_block:42377002, current_block_height:44274684
2023-06-24 15:41:19,668 I event_name:TransferSingle,from_block:17510157, to_block:17511157, current_block_height:17547965
2023-06-24 15:41:19,673 I contract_address:0xB66a603f4cFe17e3D27B87a8BfCaD319856518B8,event_name:TransferSingle,from_block:17510157, to_block:17511157, current_block_height:17547965
2023-06-24 15:41:21,356 I event_name:TransferSingle,from_block:42377003, to_block:42378003, current_block_height:44274688
2023-06-24 15:41:21,361 I contract_address:0xA2D9Ded6115b7B7208459450D676f0127418ae7A,event_name:TransferSingle,from_block:42377003, to_block:42378003, current_block_height:44274688
2023-06-24 15:41:23,767 I event_name:TransferBatch,from_block:17510157, to_block:17511157, current_block_height:17547965
2023-06-24 15:41:23,783 I contract_address:0xB66a603f4cFe17e3D27B87a8BfCaD319856518B8,event_name:TransferBatch,from_block:17510157, to_block:17511157, current_block_height:17547965
2023-06-24 15:41:24,517 I event_name:TransferBatch,from_block:42377003, to_block:42378003, current_block_height:44274688
2023-06-24 15:41:24,518 I contract_address:0xA2D9Ded6115b7B7208459450D676f0127418ae7A,event_name:TransferBatch,from_block:42377003, to_block:42378003, current_block_height:44274688
2023-06-24 15:41:26,929 I event_name:Create1155RaribleUserProxy,from_block:17510157, to_block:17511157, current_block_height:17547966
2023-06-24 15:41:26,942 I contract_address:0x6a26E902E41B31c91701bBbf33773Ead8BF1691d,event_name:Create1155RaribleUserProxy,from_block:17510157, to_block:17511157, current_block_height:17547966
2023-06-24 15:41:28,127 I event_name:Create1155RaribleUserProxy,from_block:42377003, to_block:42378003, current_block_height:44274692
2023-06-24 15:41:28,136 I contract_address:0xfa63EA28fB0F6901d76E9B418eB4350281a89c62,event_name:Create1155RaribleUserProxy,from_block:42377003, to_block:42378003, current_block_height:44274692
2023-06-24 15:41:40,918 I event_name:TransferSingle,from_block:17511158, to_block:17512158, current_block_height:17547966
2023-06-24 15:41:40,921 I contract_address:0xB66a603f4cFe17e3D27B87a8BfCaD319856518B8,event_name:TransferSingle,from_block:17511158, to_block:17512158, current_block_height:17547966
2023-06-24 15:41:41,955 I event_name:TransferSingle,from_block:42378004, to_block:42379004, current_block_height:44274698
2023-06-24 15:41:41,961 I contract_address:0xA2D9Ded6115b7B7208459450D676f0127418ae7A,event_name:TransferSingle,from_block:42378004, to_block:42379004, current_block_height:44274698
2023-06-24 15:41:45,086 I event_name:TransferBatch,from_block:17511158, to_block:17512158, current_block_height:17547966
2023-06-24 15:41:45,088 I contract_address:0xB66a603f4cFe17e3D27B87a8BfCaD319856518B8,event_name:TransferBatch,from_block:17511158, to_block:17512158, current_block_height:17547966
2023-06-24 15:41:46,011 I event_name:TransferBatch,from_block:42378004, to_block:42379004, current_block_height:44274698
2023-06-24 15:41:46,015 I contract_address:0xA2D9Ded6115b7B7208459450D676f0127418ae7A,event_name:TransferBatch,from_block:42378004, to_block:42379004, current_block_height:44274698
2023-06-24 15:41:48,534 I event_name:Create1155RaribleUserProxy,from_block:17511158, to_block:17512158, current_block_height:17547967
2023-06-24 15:41:48,542 I contract_address:0x6a26E902E41B31c91701bBbf33773Ead8BF1691d,event_name:Create1155RaribleUserProxy,from_block:17511158, to_block:17512158, current_block_height:17547967
2023-06-24 15:41:50,051 I event_name:Create1155RaribleUserProxy,from_block:42378004, to_block:42379004, current_block_height:44274703
2023-06-24 15:41:50,057 I contract_address:0xfa63EA28fB0F6901d76E9B418eB4350281a89c62,event_name:Create1155RaribleUserProxy,from_block:42378004, to_block:42379004, current_block_height:44274703
2023-06-24 15:42:01,340 I event_name:TransferSingle,from_block:17512159, to_block:17513159, current_block_height:17547968
2023-06-24 15:42:01,347 I contract_address:0xB66a603f4cFe17e3D27B87a8BfCaD319856518B8,event_name:TransferSingle,from_block:17512159, to_block:17513159, current_block_height:17547968
2023-06-24 15:42:02,074 I event_name:TransferSingle,from_block:42379005, to_block:42380005, current_block_height:44274706
2023-06-24 15:42:02,078 I contract_address:0xA2D9Ded6115b7B7208459450D676f0127418ae7A,event_name:TransferSingle,from_block:42379005, to_block:42380005, current_block_height:44274706
2023-06-24 15:42:05,965 I event_name:TransferBatch,from_block:17512159, to_block:17513159, current_block_height:17547968
2023-06-24 15:42:05,967 I contract_address:0xB66a603f4cFe17e3D27B87a8BfCaD319856518B8,event_name:TransferBatch,from_block:17512159, to_block:17513159, current_block_height:17547968
2023-06-24 15:42:07,886 I event_name:TransferBatch,from_block:42379005, to_block:42380005, current_block_height:44274706
2023-06-24 15:42:07,892 I contract_address:0xA2D9Ded6115b7B7208459450D676f0127418ae7A,event_name:TransferBatch,from_block:42379005, to_block:42380005, current_block_height:44274706
2023-06-24 15:42:09,664 I event_name:Create1155RaribleUserProxy,from_block:17512159, to_block:17513159, current_block_height:17547969
2023-06-24 15:42:09,674 I contract_address:0x6a26E902E41B31c91701bBbf33773Ead8BF1691d,event_name:Create1155RaribleUserProxy,from_block:17512159, to_block:17513159, current_block_height:17547969
2023-06-24 15:42:10,458 I event_name:Create1155RaribleUserProxy,from_block:42379005, to_block:42380005, current_block_height:44274712
2023-06-24 15:42:10,460 I contract_address:0xfa63EA28fB0F6901d76E9B418eB4350281a89c62,event_name:Create1155RaribleUserProxy,from_block:42379005, to_block:42380005, current_block_height:44274712
2023-06-24 15:42:18,841 I event_name:TransferSingle,from_block:17513160, to_block:17514160, current_block_height:17547970
2023-06-24 15:42:18,843 I contract_address:0xB66a603f4cFe17e3D27B87a8BfCaD319856518B8,event_name:TransferSingle,from_block:17513160, to_block:17514160, current_block_height:17547970
2023-06-24 15:42:19,881 I event_name:TransferSingle,from_block:42380006, to_block:42381006, current_block_height:44274717
2023-06-24 15:42:19,883 I contract_address:0xA2D9Ded6115b7B7208459450D676f0127418ae7A,event_name:TransferSingle,from_block:42380006, to_block:42381006, current_block_height:44274717
2023-06-24 15:42:22,262 I event_name:TransferBatch,from_block:17513160, to_block:17514160, current_block_height:17547970
2023-06-24 15:42:22,263 I contract_address:0xB66a603f4cFe17e3D27B87a8BfCaD319856518B8,event_name:TransferBatch,from_block:17513160, to_block:17514160, current_block_height:17547970
2023-06-24 15:42:23,760 I event_name:TransferBatch,from_block:42380006, to_block:42381006, current_block_height:44274717
2023-06-24 15:42:23,761 I contract_address:0xA2D9Ded6115b7B7208459450D676f0127418ae7A,event_name:TransferBatch,from_block:42380006, to_block:42381006, current_block_height:44274717
2023-06-24 15:42:26,784 I event_name:Create1155RaribleUserProxy,from_block:17513160, to_block:17514160, current_block_height:17547971
2023-06-24 15:42:26,787 I contract_address:0x6a26E902E41B31c91701bBbf33773Ead8BF1691d,event_name:Create1155RaribleUserProxy,from_block:17513160, to_block:17514160, current_block_height:17547971
2023-06-24 15:42:27,542 I event_name:Create1155RaribleUserProxy,from_block:42380006, to_block:42381006, current_block_height:44274720
2023-06-24 15:42:27,543 I contract_address:0xfa63EA28fB0F6901d76E9B418eB4350281a89c62,event_name:Create1155RaribleUserProxy,from_block:42380006, to_block:42381006, current_block_height:44274720
2023-06-24 15:42:34,983 I event_name:TransferSingle,from_block:17514161, to_block:17515161, current_block_height:17547971
2023-06-24 15:42:34,984 I contract_address:0xB66a603f4cFe17e3D27B87a8BfCaD319856518B8,event_name:TransferSingle,from_block:17514161, to_block:17515161, current_block_height:17547971
2023-06-24 15:42:36,427 I event_name:TransferSingle,from_block:42381007, to_block:42382007, current_block_height:44274723
2023-06-24 15:42:36,428 I contract_address:0xA2D9Ded6115b7B7208459450D676f0127418ae7A,event_name:TransferSingle,from_block:42381007, to_block:42382007, current_block_height:44274723
2023-06-24 15:42:39,668 I event_name:TransferBatch,from_block:17514161, to_block:17515161, current_block_height:17547971
2023-06-24 15:42:39,671 I contract_address:0xB66a603f4cFe17e3D27B87a8BfCaD319856518B8,event_name:TransferBatch,from_block:17514161, to_block:17515161, current_block_height:17547971
2023-06-24 15:42:41,364 I event_name:TransferBatch,from_block:42381007, to_block:42382007, current_block_height:44274723
2023-06-24 15:42:41,366 I contract_address:0xA2D9Ded6115b7B7208459450D676f0127418ae7A,event_name:TransferBatch,from_block:42381007, to_block:42382007, current_block_height:44274723
2023-06-24 15:42:43,934 I event_name:Create1155RaribleUserProxy,from_block:17514161, to_block:17515161, current_block_height:17547972
2023-06-24 15:42:43,937 I contract_address:0x6a26E902E41B31c91701bBbf33773Ead8BF1691d,event_name:Create1155RaribleUserProxy,from_block:17514161, to_block:17515161, current_block_height:17547972
2023-06-24 15:42:45,474 I event_name:Create1155RaribleUserProxy,from_block:42381007, to_block:42382007, current_block_height:44274728
2023-06-24 15:42:45,476 I contract_address:0xfa63EA28fB0F6901d76E9B418eB4350281a89c62,event_name:Create1155RaribleUserProxy,from_block:42381007, to_block:42382007, current_block_height:44274728
2023-06-24 15:42:53,124 I event_name:TransferSingle,from_block:17515162, to_block:17516162, current_block_height:17547973
2023-06-24 15:42:53,127 I contract_address:0xB66a603f4cFe17e3D27B87a8BfCaD319856518B8,event_name:TransferSingle,from_block:17515162, to_block:17516162, current_block_height:17547973
2023-06-24 15:42:53,866 I event_name:TransferSingle,from_block:42382008, to_block:42383008, current_block_height:44274733
2023-06-24 15:42:53,869 I contract_address:0xA2D9Ded6115b7B7208459450D676f0127418ae7A,event_name:TransferSingle,from_block:42382008, to_block:42383008, current_block_height:44274733
2023-06-24 15:42:55,337 I event_name:TransferBatch,from_block:17515162, to_block:17516162, current_block_height:17547973
2023-06-24 15:42:55,339 I contract_address:0xB66a603f4cFe17e3D27B87a8BfCaD319856518B8,event_name:TransferBatch,from_block:17515162, to_block:17516162, current_block_height:17547973
2023-06-24 15:42:56,881 I event_name:TransferBatch,from_block:42382008, to_block:42383008, current_block_height:44274733
2023-06-24 15:42:56,888 I contract_address:0xA2D9Ded6115b7B7208459450D676f0127418ae7A,event_name:TransferBatch,from_block:42382008, to_block:42383008, current_block_height:44274733
2023-06-24 15:42:59,976 I event_name:Create1155RaribleUserProxy,from_block:17515162, to_block:17516162, current_block_height:17547973
2023-06-24 15:42:59,977 I contract_address:0x6a26E902E41B31c91701bBbf33773Ead8BF1691d,event_name:Create1155RaribleUserProxy,from_block:17515162, to_block:17516162, current_block_height:17547973
2023-06-24 15:43:01,390 I event_name:Create1155RaribleUserProxy,from_block:42382008, to_block:42383008, current_block_height:44274735
2023-06-24 15:43:01,391 I contract_address:0xfa63EA28fB0F6901d76E9B418eB4350281a89c62,event_name:Create1155RaribleUserProxy,from_block:42382008, to_block:42383008, current_block_height:44274735
2023-06-24 15:43:13,973 I event_name:TransferSingle,from_block:17516163, to_block:17517163, current_block_height:17547974
2023-06-24 15:43:13,974 I contract_address:0xB66a603f4cFe17e3D27B87a8BfCaD319856518B8,event_name:TransferSingle,from_block:17516163, to_block:17517163, current_block_height:17547974
2023-06-24 15:43:14,719 I event_name:TransferSingle,from_block:42383009, to_block:42384009, current_block_height:44274742
2023-06-24 15:43:14,720 I contract_address:0xA2D9Ded6115b7B7208459450D676f0127418ae7A,event_name:TransferSingle,from_block:42383009, to_block:42384009, current_block_height:44274742
2023-06-24 15:43:17,631 I event_name:TransferBatch,from_block:17516163, to_block:17517163, current_block_height:17547974
2023-06-24 15:43:17,633 I contract_address:0xB66a603f4cFe17e3D27B87a8BfCaD319856518B8,event_name:TransferBatch,from_block:17516163, to_block:17517163, current_block_height:17547974
2023-06-24 15:43:19,202 I event_name:TransferBatch,from_block:42383009, to_block:42384009, current_block_height:44274742
2023-06-24 15:43:19,204 I contract_address:0xA2D9Ded6115b7B7208459450D676f0127418ae7A,event_name:TransferBatch,from_block:42383009, to_block:42384009, current_block_height:44274742
2023-06-24 15:43:23,348 I event_name:Create1155RaribleUserProxy,from_block:17516163, to_block:17517163, current_block_height:17547975
2023-06-24 15:43:23,352 I contract_address:0x6a26E902E41B31c91701bBbf33773Ead8BF1691d,event_name:Create1155RaribleUserProxy,from_block:17516163, to_block:17517163, current_block_height:17547975
2023-06-24 15:43:25,298 I event_name:Create1155RaribleUserProxy,from_block:42383009, to_block:42384009, current_block_height:44274747
2023-06-24 15:43:25,300 I contract_address:0xfa63EA28fB0F6901d76E9B418eB4350281a89c62,event_name:Create1155RaribleUserProxy,from_block:42383009, to_block:42384009, current_block_height:44274747
2023-06-24 15:43:35,247 I event_name:TransferSingle,from_block:17517164, to_block:17518164, current_block_height:17547976
2023-06-24 15:43:35,253 I contract_address:0xB66a603f4cFe17e3D27B87a8BfCaD319856518B8,event_name:TransferSingle,from_block:17517164, to_block:17518164, current_block_height:17547976
2023-06-24 15:43:35,985 I event_name:TransferSingle,from_block:42384010, to_block:42385010, current_block_height:44274751
2023-06-24 15:43:35,995 I contract_address:0xA2D9Ded6115b7B7208459450D676f0127418ae7A,event_name:TransferSingle,from_block:42384010, to_block:42385010, current_block_height:44274751
2023-06-24 15:43:38,107 I event_name:TransferBatch,from_block:17517164, to_block:17518164, current_block_height:17547976
2023-06-24 15:43:38,109 I contract_address:0xB66a603f4cFe17e3D27B87a8BfCaD319856518B8,event_name:TransferBatch,from_block:17517164, to_block:17518164, current_block_height:17547976
2023-06-24 15:43:38,837 I event_name:TransferBatch,from_block:42384010, to_block:42385010, current_block_height:44274751
2023-06-24 15:43:38,841 I contract_address:0xA2D9Ded6115b7B7208459450D676f0127418ae7A,event_name:TransferBatch,from_block:42384010, to_block:42385010, current_block_height:44274751
2023-06-24 15:43:41,362 I event_name:Create1155RaribleUserProxy,from_block:17517164, to_block:17518164, current_block_height:17547977
2023-06-24 15:43:41,366 I contract_address:0x6a26E902E41B31c91701bBbf33773Ead8BF1691d,event_name:Create1155RaribleUserProxy,from_block:17517164, to_block:17518164, current_block_height:17547977
2023-06-24 15:43:42,535 I event_name:Create1155RaribleUserProxy,from_block:42384010, to_block:42385010, current_block_height:44274752
2023-06-24 15:43:42,539 I contract_address:0xfa63EA28fB0F6901d76E9B418eB4350281a89c62,event_name:Create1155RaribleUserProxy,from_block:42384010, to_block:42385010, current_block_height:44274752
2023-06-24 15:43:58,167 I event_name:TransferSingle,from_block:17518165, to_block:17519165, current_block_height:17547978
2023-06-24 15:43:58,174 I contract_address:0xB66a603f4cFe17e3D27B87a8BfCaD319856518B8,event_name:TransferSingle,from_block:17518165, to_block:17519165, current_block_height:17547978
2023-06-24 15:43:59,031 I event_name:TransferSingle,from_block:42385011, to_block:42386011, current_block_height:44274755
2023-06-24 15:43:59,038 I contract_address:0xA2D9Ded6115b7B7208459450D676f0127418ae7A,event_name:TransferSingle,from_block:42385011, to_block:42386011, current_block_height:44274755
2023-06-24 15:44:00,387 I event_name:TransferBatch,from_block:17518165, to_block:17519165, current_block_height:17547978
2023-06-24 15:44:00,389 I contract_address:0xB66a603f4cFe17e3D27B87a8BfCaD319856518B8,event_name:TransferBatch,from_block:17518165, to_block:17519165, current_block_height:17547978
2023-06-24 15:44:01,868 I event_name:TransferBatch,from_block:42385011, to_block:42386011, current_block_height:44274755
2023-06-24 15:44:01,873 I contract_address:0xA2D9Ded6115b7B7208459450D676f0127418ae7A,event_name:TransferBatch,from_block:42385011, to_block:42386011, current_block_height:44274755
2023-06-24 15:44:04,611 I event_name:Create1155RaribleUserProxy,from_block:17518165, to_block:17519165, current_block_height:17547979
2023-06-24 15:44:04,617 I contract_address:0x6a26E902E41B31c91701bBbf33773Ead8BF1691d,event_name:Create1155RaribleUserProxy,from_block:17518165, to_block:17519165, current_block_height:17547979
2023-06-24 15:44:06,575 I event_name:Create1155RaribleUserProxy,from_block:42385011, to_block:42386011, current_block_height:44274757
2023-06-24 15:44:06,577 I contract_address:0xfa63EA28fB0F6901d76E9B418eB4350281a89c62,event_name:Create1155RaribleUserProxy,from_block:42385011, to_block:42386011, current_block_height:44274757
2023-06-24 15:44:14,512 I event_name:TransferSingle,from_block:17519166, to_block:17520166, current_block_height:17547979
2023-06-24 15:44:14,513 I contract_address:0xB66a603f4cFe17e3D27B87a8BfCaD319856518B8,event_name:TransferSingle,from_block:17519166, to_block:17520166, current_block_height:17547979
2023-06-24 15:44:15,231 I event_name:TransferSingle,from_block:42386012, to_block:42387012, current_block_height:44274760
2023-06-24 15:44:15,232 I contract_address:0xA2D9Ded6115b7B7208459450D676f0127418ae7A,event_name:TransferSingle,from_block:42386012, to_block:42387012, current_block_height:44274760
2023-06-24 15:44:16,736 I event_name:TransferBatch,from_block:17519166, to_block:17520166, current_block_height:17547979
2023-06-24 15:44:16,738 I contract_address:0xB66a603f4cFe17e3D27B87a8BfCaD319856518B8,event_name:TransferBatch,from_block:17519166, to_block:17520166, current_block_height:17547979
2023-06-24 15:44:18,598 I event_name:TransferBatch,from_block:42386012, to_block:42387012, current_block_height:44274760
2023-06-24 15:44:18,600 I contract_address:0xA2D9Ded6115b7B7208459450D676f0127418ae7A,event_name:TransferBatch,from_block:42386012, to_block:42387012, current_block_height:44274760
2023-06-24 15:44:21,515 I event_name:Create1155RaribleUserProxy,from_block:17519166, to_block:17520166, current_block_height:17547980
2023-06-24 15:44:21,517 I contract_address:0x6a26E902E41B31c91701bBbf33773Ead8BF1691d,event_name:Create1155RaribleUserProxy,from_block:17519166, to_block:17520166, current_block_height:17547980
2023-06-24 15:44:22,317 I event_name:Create1155RaribleUserProxy,from_block:42386012, to_block:42387012, current_block_height:44274761
2023-06-24 15:44:22,319 I contract_address:0xfa63EA28fB0F6901d76E9B418eB4350281a89c62,event_name:Create1155RaribleUserProxy,from_block:42386012, to_block:42387012, current_block_height:44274761
2023-06-24 15:44:30,097 I event_name:TransferSingle,from_block:17520167, to_block:17521167, current_block_height:17547981
2023-06-24 15:44:30,105 I contract_address:0xB66a603f4cFe17e3D27B87a8BfCaD319856518B8,event_name:TransferSingle,from_block:17520167, to_block:17521167, current_block_height:17547981
2023-06-24 15:44:31,153 I event_name:TransferSingle,from_block:42387013, to_block:42388013, current_block_height:44274763
2023-06-24 15:44:31,157 I contract_address:0xA2D9Ded6115b7B7208459450D676f0127418ae7A,event_name:TransferSingle,from_block:42387013, to_block:42388013, current_block_height:44274763
2023-06-24 15:44:33,018 I event_name:TransferBatch,from_block:17520167, to_block:17521167, current_block_height:17547981
2023-06-24 15:44:33,019 I contract_address:0xB66a603f4cFe17e3D27B87a8BfCaD319856518B8,event_name:TransferBatch,from_block:17520167, to_block:17521167, current_block_height:17547981
2023-06-24 15:44:35,780 I event_name:TransferBatch,from_block:42387013, to_block:42388013, current_block_height:44274763
2023-06-24 15:44:35,787 I contract_address:0xA2D9Ded6115b7B7208459450D676f0127418ae7A,event_name:TransferBatch,from_block:42387013, to_block:42388013, current_block_height:44274763
2023-06-24 15:44:39,422 I event_name:Create1155RaribleUserProxy,from_block:17520167, to_block:17521167, current_block_height:17547982
2023-06-24 15:44:39,427 I contract_address:0x6a26E902E41B31c91701bBbf33773Ead8BF1691d,event_name:Create1155RaribleUserProxy,from_block:17520167, to_block:17521167, current_block_height:17547982
2023-06-24 15:44:41,388 I event_name:Create1155RaribleUserProxy,from_block:42387013, to_block:42388013, current_block_height:44274766
2023-06-24 15:44:41,394 I contract_address:0xfa63EA28fB0F6901d76E9B418eB4350281a89c62,event_name:Create1155RaribleUserProxy,from_block:42387013, to_block:42388013, current_block_height:44274766
2023-06-24 15:44:49,847 I event_name:TransferSingle,from_block:17521168, to_block:17522168, current_block_height:17547982
2023-06-24 15:44:49,854 I contract_address:0xB66a603f4cFe17e3D27B87a8BfCaD319856518B8,event_name:TransferSingle,from_block:17521168, to_block:17522168, current_block_height:17547982
2023-06-24 15:44:50,645 I event_name:TransferSingle,from_block:42388014, to_block:42389014, current_block_height:44274769
2023-06-24 15:44:50,651 I contract_address:0xA2D9Ded6115b7B7208459450D676f0127418ae7A,event_name:TransferSingle,from_block:42388014, to_block:42389014, current_block_height:44274769
2023-06-24 15:44:52,304 I event_name:TransferBatch,from_block:17521168, to_block:17522168, current_block_height:17547982
2023-06-24 15:44:52,305 I contract_address:0xB66a603f4cFe17e3D27B87a8BfCaD319856518B8,event_name:TransferBatch,from_block:17521168, to_block:17522168, current_block_height:17547982
2023-06-24 15:44:53,042 I event_name:TransferBatch,from_block:42388014, to_block:42389014, current_block_height:44274769
2023-06-24 15:44:53,045 I contract_address:0xA2D9Ded6115b7B7208459450D676f0127418ae7A,event_name:TransferBatch,from_block:42388014, to_block:42389014, current_block_height:44274769
2023-06-24 15:44:55,493 I event_name:Create1155RaribleUserProxy,from_block:17521168, to_block:17522168, current_block_height:17547983
2023-06-24 15:44:55,498 I contract_address:0x6a26E902E41B31c91701bBbf33773Ead8BF1691d,event_name:Create1155RaribleUserProxy,from_block:17521168, to_block:17522168, current_block_height:17547983
2023-06-24 15:44:57,411 I event_name:Create1155RaribleUserProxy,from_block:42388014, to_block:42389014, current_block_height:44274772
2023-06-24 15:44:57,417 I contract_address:0xfa63EA28fB0F6901d76E9B418eB4350281a89c62,event_name:Create1155RaribleUserProxy,from_block:42388014, to_block:42389014, current_block_height:44274772
2023-06-24 15:45:06,117 I event_name:TransferSingle,from_block:17522169, to_block:17523169, current_block_height:17547984
2023-06-24 15:45:06,119 I contract_address:0xB66a603f4cFe17e3D27B87a8BfCaD319856518B8,event_name:TransferSingle,from_block:17522169, to_block:17523169, current_block_height:17547984
2023-06-24 15:45:07,851 I event_name:TransferSingle,from_block:42389015, to_block:42390015, current_block_height:44274777
2023-06-24 15:45:07,855 I contract_address:0xA2D9Ded6115b7B7208459450D676f0127418ae7A,event_name:TransferSingle,from_block:42389015, to_block:42390015, current_block_height:44274777
2023-06-24 15:45:09,268 I event_name:TransferBatch,from_block:17522169, to_block:17523169, current_block_height:17547984
2023-06-24 15:45:09,269 I contract_address:0xB66a603f4cFe17e3D27B87a8BfCaD319856518B8,event_name:TransferBatch,from_block:17522169, to_block:17523169, current_block_height:17547984
2023-06-24 15:45:10,000 I event_name:TransferBatch,from_block:42389015, to_block:42390015, current_block_height:44274777
2023-06-24 15:45:10,003 I contract_address:0xA2D9Ded6115b7B7208459450D676f0127418ae7A,event_name:TransferBatch,from_block:42389015, to_block:42390015, current_block_height:44274777
2023-06-24 15:45:13,090 I event_name:Create1155RaribleUserProxy,from_block:17522169, to_block:17523169, current_block_height:17547984
2023-06-24 15:45:13,095 I contract_address:0x6a26E902E41B31c91701bBbf33773Ead8BF1691d,event_name:Create1155RaribleUserProxy,from_block:17522169, to_block:17523169, current_block_height:17547984
2023-06-24 15:45:14,546 I event_name:Create1155RaribleUserProxy,from_block:42389015, to_block:42390015, current_block_height:44274781
2023-06-24 15:45:14,555 I contract_address:0xfa63EA28fB0F6901d76E9B418eB4350281a89c62,event_name:Create1155RaribleUserProxy,from_block:42389015, to_block:42390015, current_block_height:44274781
2023-06-24 15:45:22,172 I event_name:TransferSingle,from_block:17523170, to_block:17524170, current_block_height:17547985
2023-06-24 15:45:22,176 I contract_address:0xB66a603f4cFe17e3D27B87a8BfCaD319856518B8,event_name:TransferSingle,from_block:17523170, to_block:17524170, current_block_height:17547985
2023-06-24 15:45:24,357 I event_name:TransferSingle,from_block:42390016, to_block:42391016, current_block_height:44274784
2023-06-24 15:45:24,359 I contract_address:0xA2D9Ded6115b7B7208459450D676f0127418ae7A,event_name:TransferSingle,from_block:42390016, to_block:42391016, current_block_height:44274784
2023-06-24 15:45:25,548 I event_name:TransferBatch,from_block:17523170, to_block:17524170, current_block_height:17547985
2023-06-24 15:45:25,549 I contract_address:0xB66a603f4cFe17e3D27B87a8BfCaD319856518B8,event_name:TransferBatch,from_block:17523170, to_block:17524170, current_block_height:17547985
2023-06-24 15:45:26,602 I event_name:TransferBatch,from_block:42390016, to_block:42391016, current_block_height:44274784
2023-06-24 15:45:26,607 I contract_address:0xA2D9Ded6115b7B7208459450D676f0127418ae7A,event_name:TransferBatch,from_block:42390016, to_block:42391016, current_block_height:44274784
2023-06-24 15:45:31,208 I event_name:Create1155RaribleUserProxy,from_block:17523170, to_block:17524170, current_block_height:17547986
2023-06-24 15:45:31,210 I contract_address:0x6a26E902E41B31c91701bBbf33773Ead8BF1691d,event_name:Create1155RaribleUserProxy,from_block:17523170, to_block:17524170, current_block_height:17547986
2023-06-24 15:45:31,973 I event_name:Create1155RaribleUserProxy,from_block:42390016, to_block:42391016, current_block_height:44274788
2023-06-24 15:45:31,978 I contract_address:0xfa63EA28fB0F6901d76E9B418eB4350281a89c62,event_name:Create1155RaribleUserProxy,from_block:42390016, to_block:42391016, current_block_height:44274788
2023-06-24 15:45:40,483 I event_name:TransferSingle,from_block:17524171, to_block:17525171, current_block_height:17547987
2023-06-24 15:45:40,487 I contract_address:0xB66a603f4cFe17e3D27B87a8BfCaD319856518B8,event_name:TransferSingle,from_block:17524171, to_block:17525171, current_block_height:17547987
2023-06-24 15:45:43,399 I event_name:TransferSingle,from_block:42391017, to_block:42392017, current_block_height:44274793
2023-06-24 15:45:43,404 I contract_address:0xA2D9Ded6115b7B7208459450D676f0127418ae7A,event_name:TransferSingle,from_block:42391017, to_block:42392017, current_block_height:44274793
2023-06-24 15:45:47,519 I event_name:TransferBatch,from_block:17524171, to_block:17525171, current_block_height:17547987
2023-06-24 15:45:47,522 I contract_address:0xB66a603f4cFe17e3D27B87a8BfCaD319856518B8,event_name:TransferBatch,from_block:17524171, to_block:17525171, current_block_height:17547987
2023-06-24 15:45:48,274 I event_name:TransferBatch,from_block:42391017, to_block:42392017, current_block_height:44274793
2023-06-24 15:45:48,278 I contract_address:0xA2D9Ded6115b7B7208459450D676f0127418ae7A,event_name:TransferBatch,from_block:42391017, to_block:42392017, current_block_height:44274793
2023-06-24 15:45:53,080 I event_name:Create1155RaribleUserProxy,from_block:17524171, to_block:17525171, current_block_height:17547988
2023-06-24 15:45:53,085 I contract_address:0x6a26E902E41B31c91701bBbf33773Ead8BF1691d,event_name:Create1155RaribleUserProxy,from_block:17524171, to_block:17525171, current_block_height:17547988
2023-06-24 15:45:53,794 I event_name:Create1155RaribleUserProxy,from_block:42391017, to_block:42392017, current_block_height:44274799
2023-06-24 15:45:53,798 I contract_address:0xfa63EA28fB0F6901d76E9B418eB4350281a89c62,event_name:Create1155RaribleUserProxy,from_block:42391017, to_block:42392017, current_block_height:44274799
2023-06-24 15:46:01,368 I event_name:TransferSingle,from_block:17525172, to_block:17526172, current_block_height:17547988
2023-06-24 15:46:01,372 I contract_address:0xB66a603f4cFe17e3D27B87a8BfCaD319856518B8,event_name:TransferSingle,from_block:17525172, to_block:17526172, current_block_height:17547988
2023-06-24 15:46:02,096 I event_name:TransferSingle,from_block:42392018, to_block:42393018, current_block_height:44274803
2023-06-24 15:46:02,100 I contract_address:0xA2D9Ded6115b7B7208459450D676f0127418ae7A,event_name:TransferSingle,from_block:42392018, to_block:42393018, current_block_height:44274803
2023-06-24 15:46:05,007 I event_name:TransferBatch,from_block:17525172, to_block:17526172, current_block_height:17547988
2023-06-24 15:46:05,009 I contract_address:0xB66a603f4cFe17e3D27B87a8BfCaD319856518B8,event_name:TransferBatch,from_block:17525172, to_block:17526172, current_block_height:17547988
2023-06-24 15:46:06,433 I event_name:TransferBatch,from_block:42392018, to_block:42393018, current_block_height:44274803
2023-06-24 15:46:06,440 I contract_address:0xA2D9Ded6115b7B7208459450D676f0127418ae7A,event_name:TransferBatch,from_block:42392018, to_block:42393018, current_block_height:44274803
2023-06-24 15:46:08,537 I event_name:Create1155RaribleUserProxy,from_block:17525172, to_block:17526172, current_block_height:17547989
2023-06-24 15:46:08,539 I contract_address:0x6a26E902E41B31c91701bBbf33773Ead8BF1691d,event_name:Create1155RaribleUserProxy,from_block:17525172, to_block:17526172, current_block_height:17547989
2023-06-24 15:46:09,589 I event_name:Create1155RaribleUserProxy,from_block:42392018, to_block:42393018, current_block_height:44274806
2023-06-24 15:46:09,594 I contract_address:0xfa63EA28fB0F6901d76E9B418eB4350281a89c62,event_name:Create1155RaribleUserProxy,from_block:42392018, to_block:42393018, current_block_height:44274806
2023-06-24 15:46:18,090 I event_name:TransferSingle,from_block:17526173, to_block:17527173, current_block_height:17547990
2023-06-24 15:46:18,091 I contract_address:0xB66a603f4cFe17e3D27B87a8BfCaD319856518B8,event_name:TransferSingle,from_block:17526173, to_block:17527173, current_block_height:17547990
2023-06-24 15:46:18,780 I event_name:TransferSingle,from_block:42393019, to_block:42394019, current_block_height:44274811
2023-06-24 15:46:18,782 I contract_address:0xA2D9Ded6115b7B7208459450D676f0127418ae7A,event_name:TransferSingle,from_block:42393019, to_block:42394019, current_block_height:44274811
2023-06-24 15:46:21,290 I event_name:TransferBatch,from_block:17526173, to_block:17527173, current_block_height:17547990
2023-06-24 15:46:21,291 I contract_address:0xB66a603f4cFe17e3D27B87a8BfCaD319856518B8,event_name:TransferBatch,from_block:17526173, to_block:17527173, current_block_height:17547990
2023-06-24 15:46:22,022 I event_name:TransferBatch,from_block:42393019, to_block:42394019, current_block_height:44274811
2023-06-24 15:46:22,023 I contract_address:0xA2D9Ded6115b7B7208459450D676f0127418ae7A,event_name:TransferBatch,from_block:42393019, to_block:42394019, current_block_height:44274811
2023-06-24 15:46:25,546 I event_name:Create1155RaribleUserProxy,from_block:17526173, to_block:17527173, current_block_height:17547990
2023-06-24 15:46:25,548 I contract_address:0x6a26E902E41B31c91701bBbf33773Ead8BF1691d,event_name:Create1155RaribleUserProxy,from_block:17526173, to_block:17527173, current_block_height:17547990
2023-06-24 15:46:27,195 I event_name:Create1155RaribleUserProxy,from_block:42393019, to_block:42394019, current_block_height:44274815
2023-06-24 15:46:27,196 I contract_address:0xfa63EA28fB0F6901d76E9B418eB4350281a89c62,event_name:Create1155RaribleUserProxy,from_block:42393019, to_block:42394019, current_block_height:44274815
2023-06-24 15:46:34,828 I event_name:TransferSingle,from_block:17527174, to_block:17528174, current_block_height:17547990
2023-06-24 15:46:34,829 I contract_address:0xB66a603f4cFe17e3D27B87a8BfCaD319856518B8,event_name:TransferSingle,from_block:17527174, to_block:17528174, current_block_height:17547990
2023-06-24 15:46:35,561 I event_name:TransferSingle,from_block:42394020, to_block:42395020, current_block_height:44274819
2023-06-24 15:46:35,562 I contract_address:0xA2D9Ded6115b7B7208459450D676f0127418ae7A,event_name:TransferSingle,from_block:42394020, to_block:42395020, current_block_height:44274819
2023-06-24 15:46:37,556 I event_name:TransferBatch,from_block:17527174, to_block:17528174, current_block_height:17547990
2023-06-24 15:46:37,557 I contract_address:0xB66a603f4cFe17e3D27B87a8BfCaD319856518B8,event_name:TransferBatch,from_block:17527174, to_block:17528174, current_block_height:17547990
2023-06-24 15:46:38,283 I event_name:TransferBatch,from_block:42394020, to_block:42395020, current_block_height:44274819
2023-06-24 15:46:38,284 I contract_address:0xA2D9Ded6115b7B7208459450D676f0127418ae7A,event_name:TransferBatch,from_block:42394020, to_block:42395020, current_block_height:44274819
2023-06-24 15:46:41,173 I event_name:Create1155RaribleUserProxy,from_block:17527174, to_block:17528174, current_block_height:17547991
2023-06-24 15:46:41,175 I contract_address:0x6a26E902E41B31c91701bBbf33773Ead8BF1691d,event_name:Create1155RaribleUserProxy,from_block:17527174, to_block:17528174, current_block_height:17547991
2023-06-24 15:46:41,987 I event_name:Create1155RaribleUserProxy,from_block:42394020, to_block:42395020, current_block_height:44274821
2023-06-24 15:46:41,989 I contract_address:0xfa63EA28fB0F6901d76E9B418eB4350281a89c62,event_name:Create1155RaribleUserProxy,from_block:42394020, to_block:42395020, current_block_height:44274821
2023-06-24 15:46:49,345 I event_name:TransferSingle,from_block:17528175, to_block:17529175, current_block_height:17547991
2023-06-24 15:46:49,346 I contract_address:0xB66a603f4cFe17e3D27B87a8BfCaD319856518B8,event_name:TransferSingle,from_block:17528175, to_block:17529175, current_block_height:17547991
2023-06-24 15:46:50,055 I event_name:TransferSingle,from_block:42395021, to_block:42396021, current_block_height:44274826
2023-06-24 15:46:50,057 I contract_address:0xA2D9Ded6115b7B7208459450D676f0127418ae7A,event_name:TransferSingle,from_block:42395021, to_block:42396021, current_block_height:44274826
2023-06-24 15:46:51,729 I event_name:TransferBatch,from_block:17528175, to_block:17529175, current_block_height:17547991
2023-06-24 15:46:51,732 I contract_address:0xB66a603f4cFe17e3D27B87a8BfCaD319856518B8,event_name:TransferBatch,from_block:17528175, to_block:17529175, current_block_height:17547991
2023-06-24 15:46:56,032 I event_name:TransferBatch,from_block:42395021, to_block:42396021, current_block_height:44274826
2023-06-24 15:46:56,034 I contract_address:0xA2D9Ded6115b7B7208459450D676f0127418ae7A,event_name:TransferBatch,from_block:42395021, to_block:42396021, current_block_height:44274826
2023-06-24 15:46:59,324 I event_name:Create1155RaribleUserProxy,from_block:17528175, to_block:17529175, current_block_height:17547992
2023-06-24 15:46:59,325 I contract_address:0x6a26E902E41B31c91701bBbf33773Ead8BF1691d,event_name:Create1155RaribleUserProxy,from_block:17528175, to_block:17529175, current_block_height:17547992
2023-06-24 15:47:01,017 I event_name:Create1155RaribleUserProxy,from_block:42395021, to_block:42396021, current_block_height:44274831
2023-06-24 15:47:01,018 I contract_address:0xfa63EA28fB0F6901d76E9B418eB4350281a89c62,event_name:Create1155RaribleUserProxy,from_block:42395021, to_block:42396021, current_block_height:44274831
2023-06-24 15:47:08,657 I event_name:TransferSingle,from_block:17529176, to_block:17530176, current_block_height:17547993
2023-06-24 15:47:08,658 I contract_address:0xB66a603f4cFe17e3D27B87a8BfCaD319856518B8,event_name:TransferSingle,from_block:17529176, to_block:17530176, current_block_height:17547993
2023-06-24 15:47:09,909 I event_name:TransferSingle,from_block:42396022, to_block:42397022, current_block_height:44274834
2023-06-24 15:47:09,912 I contract_address:0xA2D9Ded6115b7B7208459450D676f0127418ae7A,event_name:TransferSingle,from_block:42396022, to_block:42397022, current_block_height:44274834
2023-06-24 15:47:11,792 I event_name:TransferBatch,from_block:17529176, to_block:17530176, current_block_height:17547993
2023-06-24 15:47:11,793 I contract_address:0xB66a603f4cFe17e3D27B87a8BfCaD319856518B8,event_name:TransferBatch,from_block:17529176, to_block:17530176, current_block_height:17547993
2023-06-24 15:47:12,501 I event_name:TransferBatch,from_block:42396022, to_block:42397022, current_block_height:44274834
2023-06-24 15:47:12,503 I contract_address:0xA2D9Ded6115b7B7208459450D676f0127418ae7A,event_name:TransferBatch,from_block:42396022, to_block:42397022, current_block_height:44274834
2023-06-24 15:47:18,699 I event_name:Create1155RaribleUserProxy,from_block:17529176, to_block:17530176, current_block_height:17547994
2023-06-24 15:47:18,701 I contract_address:0x6a26E902E41B31c91701bBbf33773Ead8BF1691d,event_name:Create1155RaribleUserProxy,from_block:17529176, to_block:17530176, current_block_height:17547994
2023-06-24 15:47:19,418 I event_name:Create1155RaribleUserProxy,from_block:42396022, to_block:42397022, current_block_height:44274839
2023-06-24 15:47:19,420 I contract_address:0xfa63EA28fB0F6901d76E9B418eB4350281a89c62,event_name:Create1155RaribleUserProxy,from_block:42396022, to_block:42397022, current_block_height:44274839
2023-06-24 15:47:28,308 I event_name:TransferSingle,from_block:17530177, to_block:17531177, current_block_height:17547994
2023-06-24 15:47:28,309 I contract_address:0xB66a603f4cFe17e3D27B87a8BfCaD319856518B8,event_name:TransferSingle,from_block:17530177, to_block:17531177, current_block_height:17547994
2023-06-24 15:47:29,098 I event_name:TransferSingle,from_block:42397023, to_block:42398023, current_block_height:44274844
2023-06-24 15:47:29,101 I contract_address:0xA2D9Ded6115b7B7208459450D676f0127418ae7A,event_name:TransferSingle,from_block:42397023, to_block:42398023, current_block_height:44274844
2023-06-24 15:47:29,916 I event_name:TransferBatch,from_block:17530177, to_block:17531177, current_block_height:17547994
2023-06-24 15:47:29,917 I contract_address:0xB66a603f4cFe17e3D27B87a8BfCaD319856518B8,event_name:TransferBatch,from_block:17530177, to_block:17531177, current_block_height:17547994
2023-06-24 15:47:30,619 I event_name:TransferBatch,from_block:42397023, to_block:42398023, current_block_height:44274844
2023-06-24 15:47:30,620 I contract_address:0xA2D9Ded6115b7B7208459450D676f0127418ae7A,event_name:TransferBatch,from_block:42397023, to_block:42398023, current_block_height:44274844
2023-06-24 15:47:32,648 I event_name:Create1155RaribleUserProxy,from_block:17530177, to_block:17531177, current_block_height:17547995
2023-06-24 15:47:32,650 I contract_address:0x6a26E902E41B31c91701bBbf33773Ead8BF1691d,event_name:Create1155RaribleUserProxy,from_block:17530177, to_block:17531177, current_block_height:17547995
2023-06-24 15:47:34,443 I event_name:Create1155RaribleUserProxy,from_block:42397023, to_block:42398023, current_block_height:44274846
2023-06-24 15:47:34,444 I contract_address:0xfa63EA28fB0F6901d76E9B418eB4350281a89c62,event_name:Create1155RaribleUserProxy,from_block:42397023, to_block:42398023, current_block_height:44274846
2023-06-24 15:47:42,557 I event_name:TransferSingle,from_block:17531178, to_block:17532178, current_block_height:17547996
2023-06-24 15:47:42,559 I contract_address:0xB66a603f4cFe17e3D27B87a8BfCaD319856518B8,event_name:TransferSingle,from_block:17531178, to_block:17532178, current_block_height:17547996
2023-06-24 15:47:43,335 I event_name:TransferSingle,from_block:42398024, to_block:42399024, current_block_height:44274851
2023-06-24 15:47:43,337 I contract_address:0xA2D9Ded6115b7B7208459450D676f0127418ae7A,event_name:TransferSingle,from_block:42398024, to_block:42399024, current_block_height:44274851
2023-06-24 15:47:44,755 I event_name:TransferBatch,from_block:17531178, to_block:17532178, current_block_height:17547996
2023-06-24 15:47:44,757 I contract_address:0xB66a603f4cFe17e3D27B87a8BfCaD319856518B8,event_name:TransferBatch,from_block:17531178, to_block:17532178, current_block_height:17547996
2023-06-24 15:47:45,472 I event_name:TransferBatch,from_block:42398024, to_block:42399024, current_block_height:44274851
2023-06-24 15:47:45,474 I contract_address:0xA2D9Ded6115b7B7208459450D676f0127418ae7A,event_name:TransferBatch,from_block:42398024, to_block:42399024, current_block_height:44274851
2023-06-24 15:47:49,077 I event_name:Create1155RaribleUserProxy,from_block:17531178, to_block:17532178, current_block_height:17547996
2023-06-24 15:47:49,078 I contract_address:0x6a26E902E41B31c91701bBbf33773Ead8BF1691d,event_name:Create1155RaribleUserProxy,from_block:17531178, to_block:17532178, current_block_height:17547996
2023-06-24 15:47:49,815 I event_name:Create1155RaribleUserProxy,from_block:42398024, to_block:42399024, current_block_height:44274853
2023-06-24 15:47:49,816 I contract_address:0xfa63EA28fB0F6901d76E9B418eB4350281a89c62,event_name:Create1155RaribleUserProxy,from_block:42398024, to_block:42399024, current_block_height:44274853
2023-06-24 15:47:58,796 I event_name:TransferSingle,from_block:17532179, to_block:17533179, current_block_height:17547997
2023-06-24 15:47:58,797 I contract_address:0xB66a603f4cFe17e3D27B87a8BfCaD319856518B8,event_name:TransferSingle,from_block:17532179, to_block:17533179, current_block_height:17547997
2023-06-24 15:47:59,820 I event_name:TransferSingle,from_block:42399025, to_block:42400025, current_block_height:44274859
2023-06-24 15:47:59,821 I contract_address:0xA2D9Ded6115b7B7208459450D676f0127418ae7A,event_name:TransferSingle,from_block:42399025, to_block:42400025, current_block_height:44274859
2023-06-24 15:48:04,667 I event_name:TransferBatch,from_block:17532179, to_block:17533179, current_block_height:17547997
2023-06-24 15:48:04,669 I contract_address:0xB66a603f4cFe17e3D27B87a8BfCaD319856518B8,event_name:TransferBatch,from_block:17532179, to_block:17533179, current_block_height:17547997
2023-06-24 15:48:05,813 I event_name:TransferBatch,from_block:42399025, to_block:42400025, current_block_height:44274859
2023-06-24 15:48:05,814 I contract_address:0xA2D9Ded6115b7B7208459450D676f0127418ae7A,event_name:TransferBatch,from_block:42399025, to_block:42400025, current_block_height:44274859
2023-06-24 15:48:08,797 I event_name:Create1155RaribleUserProxy,from_block:17532179, to_block:17533179, current_block_height:17547998
2023-06-24 15:48:08,798 I contract_address:0x6a26E902E41B31c91701bBbf33773Ead8BF1691d,event_name:Create1155RaribleUserProxy,from_block:17532179, to_block:17533179, current_block_height:17547998
2023-06-24 15:48:09,940 I event_name:Create1155RaribleUserProxy,from_block:42399025, to_block:42400025, current_block_height:44274863
2023-06-24 15:48:09,941 I contract_address:0xfa63EA28fB0F6901d76E9B418eB4350281a89c62,event_name:Create1155RaribleUserProxy,from_block:42399025, to_block:42400025, current_block_height:44274863
2023-06-24 15:48:19,122 I event_name:TransferSingle,from_block:17533180, to_block:17534180, current_block_height:17547999
2023-06-24 15:48:19,123 I contract_address:0xB66a603f4cFe17e3D27B87a8BfCaD319856518B8,event_name:TransferSingle,from_block:17533180, to_block:17534180, current_block_height:17547999
2023-06-24 15:48:20,492 I event_name:TransferSingle,from_block:42400026, to_block:42401026, current_block_height:44274867
2023-06-24 15:48:20,493 I contract_address:0xA2D9Ded6115b7B7208459450D676f0127418ae7A,event_name:TransferSingle,from_block:42400026, to_block:42401026, current_block_height:44274867
2023-06-24 15:48:23,463 I event_name:TransferBatch,from_block:17533180, to_block:17534180, current_block_height:17547999
2023-06-24 15:48:23,464 I contract_address:0xB66a603f4cFe17e3D27B87a8BfCaD319856518B8,event_name:TransferBatch,from_block:17533180, to_block:17534180, current_block_height:17547999
2023-06-24 15:48:24,687 I event_name:TransferBatch,from_block:42400026, to_block:42401026, current_block_height:44274867
2023-06-24 15:48:24,688 I contract_address:0xA2D9Ded6115b7B7208459450D676f0127418ae7A,event_name:TransferBatch,from_block:42400026, to_block:42401026, current_block_height:44274867
2023-06-24 15:48:26,948 I event_name:Create1155RaribleUserProxy,from_block:17533180, to_block:17534180, current_block_height:17547999
2023-06-24 15:48:26,950 I contract_address:0x6a26E902E41B31c91701bBbf33773Ead8BF1691d,event_name:Create1155RaribleUserProxy,from_block:17533180, to_block:17534180, current_block_height:17547999
2023-06-24 15:48:27,664 I event_name:Create1155RaribleUserProxy,from_block:42400026, to_block:42401026, current_block_height:44274871
2023-06-24 15:48:27,668 I contract_address:0xfa63EA28fB0F6901d76E9B418eB4350281a89c62,event_name:Create1155RaribleUserProxy,from_block:42400026, to_block:42401026, current_block_height:44274871
2023-06-24 15:48:42,067 I event_name:TransferSingle,from_block:17534181, to_block:17535181, current_block_height:17548000
2023-06-24 15:48:42,070 I contract_address:0xB66a603f4cFe17e3D27B87a8BfCaD319856518B8,event_name:TransferSingle,from_block:17534181, to_block:17535181, current_block_height:17548000
2023-06-24 15:48:43,750 I event_name:TransferSingle,from_block:42401027, to_block:42402027, current_block_height:44274876
2023-06-24 15:48:43,751 I contract_address:0xA2D9Ded6115b7B7208459450D676f0127418ae7A,event_name:TransferSingle,from_block:42401027, to_block:42402027, current_block_height:44274876
2023-06-24 15:48:57,372 I event_name:TransferBatch,from_block:17534181, to_block:17535181, current_block_height:17548000
2023-06-24 15:48:57,374 I contract_address:0xB66a603f4cFe17e3D27B87a8BfCaD319856518B8,event_name:TransferBatch,from_block:17534181, to_block:17535181, current_block_height:17548000
2023-06-24 15:48:58,517 I event_name:TransferBatch,from_block:42401027, to_block:42402027, current_block_height:44274876
2023-06-24 15:48:58,519 I contract_address:0xA2D9Ded6115b7B7208459450D676f0127418ae7A,event_name:TransferBatch,from_block:42401027, to_block:42402027, current_block_height:44274876
2023-06-24 15:49:01,262 I event_name:Create1155RaribleUserProxy,from_block:17534181, to_block:17535181, current_block_height:17548002
2023-06-24 15:49:01,265 I contract_address:0x6a26E902E41B31c91701bBbf33773Ead8BF1691d,event_name:Create1155RaribleUserProxy,from_block:17534181, to_block:17535181, current_block_height:17548002
2023-06-24 15:49:02,070 I event_name:Create1155RaribleUserProxy,from_block:42401027, to_block:42402027, current_block_height:44274887
2023-06-24 15:49:02,071 I contract_address:0xfa63EA28fB0F6901d76E9B418eB4350281a89c62,event_name:Create1155RaribleUserProxy,from_block:42401027, to_block:42402027, current_block_height:44274887
