2023-06-22 13:33:28,671 I event_name:TransferSingle,from_block:17527943, to_block:17528943, current_block_height:17533112
2023-06-22 13:33:29,381 I event_name:TransferBatch,from_block:17527943, to_block:17528943, current_block_height:17533112
2023-06-22 13:33:31,386 I event_name:TransferSingle,from_block:42395021, to_block:42396021, current_block_height:44194768
2023-06-22 13:33:32,193 I event_name:TransferBatch,from_block:42395021, to_block:42396021, current_block_height:44194768
2023-06-22 13:33:33,373 I event_name:Create1155RaribleUserProxy,from_block:17527943, to_block:17528943, current_block_height:17533112
2023-06-22 13:33:54,845 I event_name:TransferSingle,from_block:17528944, to_block:17529944, current_block_height:17533114
2023-06-22 13:33:55,551 I event_name:TransferBatch,from_block:17528944, to_block:17529944, current_block_height:17533114
2023-06-22 13:33:58,143 I event_name:TransferSingle,from_block:42396022, to_block:42397022, current_block_height:44194781
2023-06-22 13:33:59,049 I event_name:TransferBatch,from_block:42396022, to_block:42397022, current_block_height:44194781
2023-06-22 13:34:00,826 I event_name:Create1155RaribleUserProxy,from_block:17527943, to_block:17528943, current_block_height:17533114
2023-06-22 13:34:02,397 I event_name:Create1155RaribleUserProxy,from_block:42382008, to_block:42383008, current_block_height:44194783
2023-06-22 13:34:03,829 E ("The event 'Create1155RaribleUserProxy' was not found in this contract's abi. ", 'Are you sure you provided the correct contract abi?')
2023-06-22 13:34:03,829 E ("The event 'Create1155RaribleUserProxy' was not found in this contract's abi. ", 'Are you sure you provided the correct contract abi?')
2023-06-22 13:34:09,157 I event_name:TransferSingle,from_block:17529945, to_block:17530945, current_block_height:17533115
2023-06-22 13:34:09,809 I event_name:TransferBatch,from_block:17529945, to_block:17530945, current_block_height:17533115
2023-06-22 13:55:35,086 I event_name:TransferSingle,from_block:17530946, to_block:17531946, current_block_height:17533221
2023-06-22 13:55:35,784 I event_name:TransferBatch,from_block:17529945, to_block:17530945, current_block_height:17533221
2023-06-22 13:55:37,194 I event_name:TransferSingle,from_block:42397023, to_block:42398023, current_block_height:44195368
2023-06-22 13:55:38,180 I event_name:TransferBatch,from_block:42397023, to_block:42398023, current_block_height:44195368
2023-06-22 13:55:39,138 I event_name:Create1155RaribleUserProxy,from_block:17528944, to_block:17529944, current_block_height:17533222
2023-06-22 13:55:40,065 I event_name:Create1155RaribleUserProxy,from_block:42382008, to_block:42383008, current_block_height:44195369
2023-06-22 13:55:40,813 E ("The event 'Create1155RaribleUserProxy' was not found in this contract's abi. ", 'Are you sure you provided the correct contract abi?')
2023-06-22 13:55:40,813 E ("The event 'Create1155RaribleUserProxy' was not found in this contract's abi. ", 'Are you sure you provided the correct contract abi?')
2023-06-22 13:55:46,129 I event_name:TransferSingle,from_block:17531947, to_block:17532947, current_block_height:17533222
2023-06-22 13:55:47,268 I event_name:TransferBatch,from_block:17530946, to_block:17531946, current_block_height:17533222
2023-06-22 13:55:48,194 I event_name:TransferSingle,from_block:42398024, to_block:42399024, current_block_height:44195371
2023-06-22 13:55:49,150 I event_name:TransferBatch,from_block:42398024, to_block:42399024, current_block_height:44195371
2023-06-22 13:55:50,064 I event_name:Create1155RaribleUserProxy,from_block:17529945, to_block:17530945, current_block_height:17533223
2023-06-22 13:55:51,042 I event_name:Create1155RaribleUserProxy,from_block:42382008, to_block:42383008, current_block_height:44195371
2023-06-22 13:55:51,693 E ("The event 'Create1155RaribleUserProxy' was not found in this contract's abi. ", 'Are you sure you provided the correct contract abi?')
2023-06-22 13:55:51,693 E ("The event 'Create1155RaribleUserProxy' was not found in this contract's abi. ", 'Are you sure you provided the correct contract abi?')
2023-06-22 13:55:57,027 I event_name:TransferSingle,from_block:17532948, to_block:17533223, current_block_height:17533223
2023-06-22 13:55:57,677 I event_name:TransferBatch,from_block:17531947, to_block:17532947, current_block_height:17533223
2023-06-22 13:55:58,625 I event_name:TransferSingle,from_block:42399025, to_block:42400025, current_block_height:44195373
2023-06-22 13:55:59,440 I event_name:TransferBatch,from_block:42399025, to_block:42400025, current_block_height:44195373
2023-06-22 13:56:00,418 I event_name:Create1155RaribleUserProxy,from_block:17530946, to_block:17531946, current_block_height:17533223
2023-06-22 13:56:01,360 I event_name:Create1155RaribleUserProxy,from_block:42382008, to_block:42383008, current_block_height:44195374
2023-06-22 13:56:02,011 E ("The event 'Create1155RaribleUserProxy' was not found in this contract's abi. ", 'Are you sure you provided the correct contract abi?')
2023-06-22 13:56:02,011 E ("The event 'Create1155RaribleUserProxy' was not found in this contract's abi. ", 'Are you sure you provided the correct contract abi?')
2023-06-22 13:56:19,331 I event_name:TransferSingle,from_block:17533224, to_block:17533224, current_block_height:17533224
2023-06-22 13:56:20,013 I event_name:TransferBatch,from_block:17532948, to_block:17533224, current_block_height:17533224
2023-06-22 13:56:21,121 I event_name:TransferSingle,from_block:42400026, to_block:42401026, current_block_height:44195382
2023-06-22 13:56:21,980 I event_name:TransferBatch,from_block:42400026, to_block:42401026, current_block_height:44195382
2023-06-22 13:56:22,992 I event_name:Create1155RaribleUserProxy,from_block:17531947, to_block:17532947, current_block_height:17533225
2023-06-22 13:56:23,943 I event_name:Create1155RaribleUserProxy,from_block:42382008, to_block:42383008, current_block_height:44195383
2023-06-22 13:56:24,568 E ("The event 'Create1155RaribleUserProxy' was not found in this contract's abi. ", 'Are you sure you provided the correct contract abi?')
2023-06-22 13:56:24,568 E ("The event 'Create1155RaribleUserProxy' was not found in this contract's abi. ", 'Are you sure you provided the correct contract abi?')
2023-06-22 13:56:29,910 I event_name:TransferSingle,from_block:17533225, to_block:17533226, current_block_height:17533226
2023-06-22 13:56:30,720 I event_name:TransferBatch,from_block:17533225, to_block:17533226, current_block_height:17533226
2023-06-22 13:56:31,765 I event_name:TransferSingle,from_block:42401027, to_block:42402027, current_block_height:44195387
2023-06-22 13:56:32,579 I event_name:TransferBatch,from_block:42401027, to_block:42402027, current_block_height:44195387
2023-06-22 13:56:33,606 I event_name:Create1155RaribleUserProxy,from_block:17532948, to_block:17533226, current_block_height:17533226
2023-06-22 13:56:34,640 I event_name:Create1155RaribleUserProxy,from_block:42382008, to_block:42383008, current_block_height:44195389
2023-06-22 13:56:35,284 E ("The event 'Create1155RaribleUserProxy' was not found in this contract's abi. ", 'Are you sure you provided the correct contract abi?')
2023-06-22 13:56:35,284 E ("The event 'Create1155RaribleUserProxy' was not found in this contract's abi. ", 'Are you sure you provided the correct contract abi?')
2023-06-22 13:56:53,182 I event_name:TransferSingle,from_block:17533227, to_block:17533227, current_block_height:17533227
2023-06-22 13:57:05,846 I event_name:TransferBatch,from_block:17533227, to_block:17533227, current_block_height:17533227
2023-06-22 13:57:06,829 I event_name:TransferSingle,from_block:42402028, to_block:42403028, current_block_height:44195404
2023-06-22 13:57:08,361 I event_name:TransferBatch,from_block:42402028, to_block:42403028, current_block_height:44195404
2023-06-22 13:57:09,658 I event_name:Create1155RaribleUserProxy,from_block:17533227, to_block:17533229, current_block_height:17533229
2023-06-22 13:57:10,802 I event_name:Create1155RaribleUserProxy,from_block:42382008, to_block:42383008, current_block_height:44195406
2023-06-22 13:57:11,525 E ("The event 'Create1155RaribleUserProxy' was not found in this contract's abi. ", 'Are you sure you provided the correct contract abi?')
2023-06-22 13:57:11,526 E ("The event 'Create1155RaribleUserProxy' was not found in this contract's abi. ", 'Are you sure you provided the correct contract abi?')
2023-06-22 13:57:16,893 I event_name:TransferSingle,from_block:17533228, to_block:17533230, current_block_height:17533230
2023-06-22 13:57:17,629 I event_name:TransferBatch,from_block:17533228, to_block:17533230, current_block_height:17533230
2023-06-22 13:57:18,587 I event_name:TransferSingle,from_block:42403029, to_block:42404029, current_block_height:44195409
2023-06-22 13:57:20,549 I event_name:TransferBatch,from_block:42403029, to_block:42404029, current_block_height:44195409
2023-06-22 13:57:33,518 I event_name:Create1155RaribleUserProxy,from_block:17533230, to_block:17533230, current_block_height:17533230
2023-06-22 13:57:34,471 I event_name:Create1155RaribleUserProxy,from_block:42382008, to_block:42383008, current_block_height:44195416
2023-06-22 13:57:35,102 E ("The event 'Create1155RaribleUserProxy' was not found in this contract's abi. ", 'Are you sure you provided the correct contract abi?')
2023-06-22 13:57:35,102 E ("The event 'Create1155RaribleUserProxy' was not found in this contract's abi. ", 'Are you sure you provided the correct contract abi?')
2023-06-22 13:57:40,416 I event_name:TransferSingle,from_block:17533231, to_block:17533232, current_block_height:17533232
2023-06-22 13:57:41,014 I event_name:TransferBatch,from_block:17533231, to_block:17533232, current_block_height:17533232
2023-06-22 13:57:42,022 I event_name:TransferSingle,from_block:42404030, to_block:42405030, current_block_height:44195420
2023-06-22 13:57:42,853 I event_name:TransferBatch,from_block:42404030, to_block:42405030, current_block_height:44195420
2023-06-22 13:57:43,913 I event_name:Create1155RaribleUserProxy,from_block:17533231, to_block:17533232, current_block_height:17533232
2023-06-22 13:57:44,832 I event_name:Create1155RaribleUserProxy,from_block:42382008, to_block:42383008, current_block_height:44195422
2023-06-22 13:57:45,575 E ("The event 'Create1155RaribleUserProxy' was not found in this contract's abi. ", 'Are you sure you provided the correct contract abi?')
2023-06-22 13:57:45,575 E ("The event 'Create1155RaribleUserProxy' was not found in this contract's abi. ", 'Are you sure you provided the correct contract abi?')
2023-06-22 13:58:03,181 I event_name:TransferSingle,from_block:17533233, to_block:17533233, current_block_height:17533233
2023-06-22 13:58:15,796 I event_name:TransferBatch,from_block:17533233, to_block:17533233, current_block_height:17533233
2023-06-22 13:58:16,691 I event_name:TransferSingle,from_block:42405031, to_block:42406031, current_block_height:44195437
2023-06-22 13:58:17,936 I event_name:TransferBatch,from_block:42405031, to_block:42406031, current_block_height:44195437
2023-06-22 13:58:19,066 I event_name:Create1155RaribleUserProxy,from_block:17533233, to_block:17533235, current_block_height:17533235
2023-06-22 13:58:20,012 I event_name:Create1155RaribleUserProxy,from_block:42382008, to_block:42383008, current_block_height:44195439
2023-06-22 13:58:20,644 E ("The event 'Create1155RaribleUserProxy' was not found in this contract's abi. ", 'Are you sure you provided the correct contract abi?')
2023-06-22 13:58:20,644 E ("The event 'Create1155RaribleUserProxy' was not found in this contract's abi. ", 'Are you sure you provided the correct contract abi?')
2023-06-22 13:58:25,964 I event_name:TransferSingle,from_block:17533234, to_block:17533236, current_block_height:17533236
2023-06-22 13:58:26,557 I event_name:TransferBatch,from_block:17533234, to_block:17533236, current_block_height:17533236
2023-06-22 13:58:27,497 I event_name:TransferSingle,from_block:42406032, to_block:42407032, current_block_height:44195441
2023-06-22 13:58:28,122 I event_name:TransferBatch,from_block:42406032, to_block:42407032, current_block_height:44195441
2023-06-22 13:58:41,446 I event_name:Create1155RaribleUserProxy,from_block:17533236, to_block:17533236, current_block_height:17533236
2023-06-22 13:58:42,333 I event_name:Create1155RaribleUserProxy,from_block:42382008, to_block:42383008, current_block_height:44195449
2023-06-22 13:58:42,969 E ("The event 'Create1155RaribleUserProxy' was not found in this contract's abi. ", 'Are you sure you provided the correct contract abi?')
2023-06-22 13:58:42,969 E ("The event 'Create1155RaribleUserProxy' was not found in this contract's abi. ", 'Are you sure you provided the correct contract abi?')
2023-06-22 13:59:00,269 I event_name:TransferSingle,from_block:17533237, to_block:17533237, current_block_height:17533237
2023-06-22 13:59:12,891 I event_name:TransferBatch,from_block:17533237, to_block:17533237, current_block_height:17533237
2023-06-22 13:59:13,780 I event_name:TransferSingle,from_block:42407033, to_block:42408033, current_block_height:44195464
2023-06-22 13:59:17,106 I event_name:TransferBatch,from_block:42407033, to_block:42408033, current_block_height:44195464
2023-06-22 13:59:18,032 I event_name:Create1155RaribleUserProxy,from_block:17533237, to_block:17533240, current_block_height:17533240
2023-06-22 13:59:18,930 I event_name:Create1155RaribleUserProxy,from_block:42382008, to_block:42383008, current_block_height:44195466
2023-06-22 13:59:19,574 E ("The event 'Create1155RaribleUserProxy' was not found in this contract's abi. ", 'Are you sure you provided the correct contract abi?')
2023-06-22 13:59:19,574 E ("The event 'Create1155RaribleUserProxy' was not found in this contract's abi. ", 'Are you sure you provided the correct contract abi?')
2023-06-22 13:59:24,894 I event_name:TransferSingle,from_block:17533238, to_block:17533240, current_block_height:17533240
2023-06-22 13:59:25,541 I event_name:TransferBatch,from_block:17533238, to_block:17533240, current_block_height:17533240
2023-06-22 13:59:26,477 I event_name:TransferSingle,from_block:42408034, to_block:42409034, current_block_height:44195470
2023-06-22 13:59:27,084 I event_name:TransferBatch,from_block:42408034, to_block:42409034, current_block_height:44195470
2023-06-22 13:59:42,951 I event_name:Create1155RaribleUserProxy,from_block:17533241, to_block:17533241, current_block_height:17533241
2023-06-22 13:59:44,259 I event_name:Create1155RaribleUserProxy,from_block:42382008, to_block:42383008, current_block_height:44195478
2023-06-22 13:59:44,908 E ("The event 'Create1155RaribleUserProxy' was not found in this contract's abi. ", 'Are you sure you provided the correct contract abi?')
2023-06-22 13:59:44,908 E ("The event 'Create1155RaribleUserProxy' was not found in this contract's abi. ", 'Are you sure you provided the correct contract abi?')
2023-06-22 13:59:50,228 I event_name:TransferSingle,from_block:17533241, to_block:17533243, current_block_height:17533243
2023-06-22 13:59:50,875 I event_name:TransferBatch,from_block:17533241, to_block:17533243, current_block_height:17533243
2023-06-22 13:59:51,831 I event_name:TransferSingle,from_block:42409035, to_block:42410035, current_block_height:44195482
2023-06-22 13:59:52,556 I event_name:TransferBatch,from_block:42409035, to_block:42410035, current_block_height:44195482
2023-06-22 13:59:53,526 I event_name:Create1155RaribleUserProxy,from_block:17533242, to_block:17533243, current_block_height:17533243
2023-06-22 13:59:54,447 I event_name:Create1155RaribleUserProxy,from_block:42382008, to_block:42383008, current_block_height:44195482
2023-06-22 13:59:55,097 E ("The event 'Create1155RaribleUserProxy' was not found in this contract's abi. ", 'Are you sure you provided the correct contract abi?')
2023-06-22 13:59:55,097 E ("The event 'Create1155RaribleUserProxy' was not found in this contract's abi. ", 'Are you sure you provided the correct contract abi?')
2023-06-22 14:00:01,021 I event_name:TransferSingle,from_block:42410036, to_block:42411036, current_block_height:44195486
2023-06-22 14:00:06,811 I event_name:TransferBatch,from_block:42410036, to_block:42411036, current_block_height:44195486
2023-06-22 14:00:19,752 I event_name:Create1155RaribleUserProxy,from_block:17533244, to_block:17533244, current_block_height:17533244
2023-06-22 14:00:20,644 I event_name:Create1155RaribleUserProxy,from_block:42382008, to_block:42383008, current_block_height:44195495
2023-06-22 14:00:21,330 E ("The event 'Create1155RaribleUserProxy' was not found in this contract's abi. ", 'Are you sure you provided the correct contract abi?')
2023-06-22 14:00:21,330 E ("The event 'Create1155RaribleUserProxy' was not found in this contract's abi. ", 'Are you sure you provided the correct contract abi?')
2023-06-22 14:00:26,867 I event_name:TransferSingle,from_block:17533244, to_block:17533246, current_block_height:17533246
2023-06-22 14:00:27,577 I event_name:TransferBatch,from_block:17533244, to_block:17533246, current_block_height:17533246
2023-06-22 14:00:28,719 I event_name:TransferSingle,from_block:42411037, to_block:42412037, current_block_height:44195499
2023-06-22 14:00:31,530 I event_name:TransferBatch,from_block:42411037, to_block:42412037, current_block_height:44195499
2023-06-22 14:00:32,510 I event_name:Create1155RaribleUserProxy,from_block:17533245, to_block:17533246, current_block_height:17533246
2023-06-22 14:00:33,436 I event_name:Create1155RaribleUserProxy,from_block:42382008, to_block:42383008, current_block_height:44195501
2023-06-22 14:00:34,257 E ("The event 'Create1155RaribleUserProxy' was not found in this contract's abi. ", 'Are you sure you provided the correct contract abi?')
2023-06-22 14:00:34,258 E ("The event 'Create1155RaribleUserProxy' was not found in this contract's abi. ", 'Are you sure you provided the correct contract abi?')
2023-06-22 14:00:51,599 I event_name:TransferSingle,from_block:17533247, to_block:17533247, current_block_height:17533247
2023-06-22 14:01:04,265 I event_name:TransferBatch,from_block:17533247, to_block:17533247, current_block_height:17533247
2023-06-22 14:01:05,578 I event_name:TransferSingle,from_block:42412038, to_block:42413038, current_block_height:44195515
2023-06-22 14:01:06,555 I event_name:TransferBatch,from_block:42412038, to_block:42413038, current_block_height:44195515
2023-06-22 14:01:07,583 I event_name:Create1155RaribleUserProxy,from_block:17533247, to_block:17533249, current_block_height:17533249
2023-06-22 14:01:09,029 I event_name:Create1155RaribleUserProxy,from_block:42382008, to_block:42383008, current_block_height:44195517
2023-06-22 14:01:10,163 E ("The event 'Create1155RaribleUserProxy' was not found in this contract's abi. ", 'Are you sure you provided the correct contract abi?')
2023-06-22 14:01:10,163 E ("The event 'Create1155RaribleUserProxy' was not found in this contract's abi. ", 'Are you sure you provided the correct contract abi?')
2023-06-22 14:01:15,472 I event_name:TransferSingle,from_block:17533248, to_block:17533250, current_block_height:17533250
2023-06-22 14:01:16,106 I event_name:TransferBatch,from_block:17533248, to_block:17533250, current_block_height:17533250
2023-06-22 14:01:17,073 I event_name:TransferSingle,from_block:42413039, to_block:42414039, current_block_height:44195521
2023-06-22 14:01:17,724 I event_name:TransferBatch,from_block:42413039, to_block:42414039, current_block_height:44195521
2023-06-22 14:01:31,095 I event_name:Create1155RaribleUserProxy,from_block:17533250, to_block:17533250, current_block_height:17533250
2023-06-22 14:01:31,992 I event_name:Create1155RaribleUserProxy,from_block:42382008, to_block:42383008, current_block_height:44195528
2023-06-22 14:01:32,934 E ("The event 'Create1155RaribleUserProxy' was not found in this contract's abi. ", 'Are you sure you provided the correct contract abi?')
2023-06-22 14:01:32,934 E ("The event 'Create1155RaribleUserProxy' was not found in this contract's abi. ", 'Are you sure you provided the correct contract abi?')
2023-06-22 14:01:50,250 I event_name:TransferSingle,from_block:17533251, to_block:17533251, current_block_height:17533251
2023-06-22 14:02:02,919 I event_name:TransferBatch,from_block:17533251, to_block:17533251, current_block_height:17533251
2023-06-22 14:02:04,038 I event_name:TransferSingle,from_block:42414040, to_block:42415040, current_block_height:44195544
2023-06-22 14:02:05,107 I event_name:TransferBatch,from_block:42414040, to_block:42415040, current_block_height:44195544
2023-06-22 14:02:08,103 I event_name:Create1155RaribleUserProxy,from_block:17533251, to_block:17533254, current_block_height:17533254
2023-06-22 14:02:09,025 I event_name:Create1155RaribleUserProxy,from_block:42382008, to_block:42383008, current_block_height:44195546
2023-06-22 14:02:09,701 E ("The event 'Create1155RaribleUserProxy' was not found in this contract's abi. ", 'Are you sure you provided the correct contract abi?')
2023-06-22 14:02:09,701 E ("The event 'Create1155RaribleUserProxy' was not found in this contract's abi. ", 'Are you sure you provided the correct contract abi?')
2023-06-22 14:02:15,059 I event_name:TransferSingle,from_block:17533252, to_block:17533255, current_block_height:17533255
2023-06-22 14:02:16,385 I event_name:TransferBatch,from_block:17533252, to_block:17533255, current_block_height:17533255
2023-06-22 14:02:17,475 I event_name:TransferSingle,from_block:42415041, to_block:42416041, current_block_height:44195550
2023-06-22 14:02:18,194 I event_name:TransferBatch,from_block:42415041, to_block:42416041, current_block_height:44195550
2023-06-22 14:02:31,170 I event_name:Create1155RaribleUserProxy,from_block:17533255, to_block:17533255, current_block_height:17533255
2023-06-22 14:02:32,104 I event_name:Create1155RaribleUserProxy,from_block:42382008, to_block:42383008, current_block_height:44195557
2023-06-22 14:02:33,331 E ("The event 'Create1155RaribleUserProxy' was not found in this contract's abi. ", 'Are you sure you provided the correct contract abi?')
2023-06-22 14:02:33,331 E ("The event 'Create1155RaribleUserProxy' was not found in this contract's abi. ", 'Are you sure you provided the correct contract abi?')
2023-06-22 14:02:38,660 I event_name:TransferSingle,from_block:17533256, to_block:17533257, current_block_height:17533257
2023-06-22 14:02:39,377 I event_name:TransferBatch,from_block:17533256, to_block:17533257, current_block_height:17533257
2023-06-22 14:02:40,833 I event_name:TransferSingle,from_block:42416042, to_block:42417042, current_block_height:44195561
2023-06-22 14:02:41,619 I event_name:TransferBatch,from_block:42416042, to_block:42417042, current_block_height:44195561
2023-06-22 14:02:42,580 I event_name:Create1155RaribleUserProxy,from_block:17533256, to_block:17533257, current_block_height:17533257
2023-06-22 14:02:43,671 I event_name:Create1155RaribleUserProxy,from_block:42382008, to_block:42383008, current_block_height:44195562
2023-06-22 14:02:44,401 E ("The event 'Create1155RaribleUserProxy' was not found in this contract's abi. ", 'Are you sure you provided the correct contract abi?')
2023-06-22 14:02:44,402 E ("The event 'Create1155RaribleUserProxy' was not found in this contract's abi. ", 'Are you sure you provided the correct contract abi?')
2023-06-22 14:02:50,332 I event_name:TransferSingle,from_block:42417043, to_block:42418043, current_block_height:44195565
2023-06-22 14:02:51,349 I event_name:TransferBatch,from_block:42417043, to_block:42418043, current_block_height:44195565
2023-06-22 14:03:04,474 I event_name:Create1155RaribleUserProxy,from_block:17533258, to_block:17533258, current_block_height:17533258
2023-06-22 14:03:05,407 I event_name:Create1155RaribleUserProxy,from_block:42382008, to_block:42383008, current_block_height:44195572
2023-06-22 14:03:06,590 E ("The event 'Create1155RaribleUserProxy' was not found in this contract's abi. ", 'Are you sure you provided the correct contract abi?')
2023-06-22 14:03:06,590 E ("The event 'Create1155RaribleUserProxy' was not found in this contract's abi. ", 'Are you sure you provided the correct contract abi?')
2023-06-22 14:03:11,906 I event_name:TransferSingle,from_block:17533258, to_block:17533259, current_block_height:17533259
2023-06-22 14:03:12,989 I event_name:TransferBatch,from_block:17533258, to_block:17533259, current_block_height:17533259
2023-06-22 14:03:13,935 I event_name:TransferSingle,from_block:42418044, to_block:42419044, current_block_height:44195577
2023-06-22 14:03:14,726 I event_name:TransferBatch,from_block:42418044, to_block:42419044, current_block_height:44195577
2023-06-22 14:03:15,732 I event_name:Create1155RaribleUserProxy,from_block:17533259, to_block:17533260, current_block_height:17533260
2023-06-22 14:03:16,649 I event_name:Create1155RaribleUserProxy,from_block:42382008, to_block:42383008, current_block_height:44195578
2023-06-22 14:03:17,309 E ("The event 'Create1155RaribleUserProxy' was not found in this contract's abi. ", 'Are you sure you provided the correct contract abi?')
2023-06-22 14:03:17,309 E ("The event 'Create1155RaribleUserProxy' was not found in this contract's abi. ", 'Are you sure you provided the correct contract abi?')
2023-06-22 14:03:34,645 I event_name:TransferSingle,from_block:17533260, to_block:17533260, current_block_height:17533260
2023-06-22 14:03:48,016 I event_name:TransferBatch,from_block:17533260, to_block:17533260, current_block_height:17533260
2023-06-22 14:03:48,969 I event_name:TransferSingle,from_block:42419045, to_block:42420045, current_block_height:44195593
2023-06-22 14:03:49,797 I event_name:TransferBatch,from_block:42419045, to_block:42420045, current_block_height:44195593
2023-06-22 14:03:50,794 I event_name:Create1155RaribleUserProxy,from_block:17533261, to_block:17533263, current_block_height:17533263
2023-06-22 14:03:51,793 I event_name:Create1155RaribleUserProxy,from_block:42382008, to_block:42383008, current_block_height:44195594
2023-06-22 14:03:52,495 E ("The event 'Create1155RaribleUserProxy' was not found in this contract's abi. ", 'Are you sure you provided the correct contract abi?')
2023-06-22 14:03:52,495 E ("The event 'Create1155RaribleUserProxy' was not found in this contract's abi. ", 'Are you sure you provided the correct contract abi?')
2023-06-22 14:03:57,816 I event_name:TransferSingle,from_block:17533261, to_block:17533263, current_block_height:17533263
2023-06-22 14:03:58,454 I event_name:TransferBatch,from_block:17533261, to_block:17533263, current_block_height:17533263
2023-06-22 14:03:59,461 I event_name:TransferSingle,from_block:42420046, to_block:42421046, current_block_height:44195598
2023-06-22 14:04:00,223 I event_name:TransferBatch,from_block:42420046, to_block:42421046, current_block_height:44195598
2023-06-22 14:04:13,180 I event_name:Create1155RaribleUserProxy,from_block:17533264, to_block:17533264, current_block_height:17533264
2023-06-22 14:04:14,427 I event_name:Create1155RaribleUserProxy,from_block:42382008, to_block:42383008, current_block_height:44195605
2023-06-22 14:04:17,493 E ("The event 'Create1155RaribleUserProxy' was not found in this contract's abi. ", 'Are you sure you provided the correct contract abi?')
2023-06-22 14:04:17,493 E ("The event 'Create1155RaribleUserProxy' was not found in this contract's abi. ", 'Are you sure you provided the correct contract abi?')
2023-06-22 14:04:23,009 I event_name:TransferSingle,from_block:17533264, to_block:17533265, current_block_height:17533265
2023-06-22 14:04:23,823 I event_name:TransferBatch,from_block:17533264, to_block:17533265, current_block_height:17533265
2023-06-22 14:04:25,091 I event_name:TransferSingle,from_block:42421047, to_block:42422047, current_block_height:44195610
2023-06-22 14:04:26,384 I event_name:TransferBatch,from_block:42421047, to_block:42422047, current_block_height:44195610
2023-06-22 14:04:27,493 I event_name:Create1155RaribleUserProxy,from_block:17533265, to_block:17533266, current_block_height:17533266
2023-06-22 14:04:28,451 I event_name:Create1155RaribleUserProxy,from_block:42382008, to_block:42383008, current_block_height:44195612
2023-06-22 14:04:33,295 E ("The event 'Create1155RaribleUserProxy' was not found in this contract's abi. ", 'Are you sure you provided the correct contract abi?')
2023-06-22 14:04:33,295 E ("The event 'Create1155RaribleUserProxy' was not found in this contract's abi. ", 'Are you sure you provided the correct contract abi?')
2023-06-22 14:04:38,775 I event_name:TransferSingle,from_block:17533266, to_block:17533267, current_block_height:17533267
2023-06-22 14:04:39,461 I event_name:TransferBatch,from_block:17533266, to_block:17533267, current_block_height:17533267
2023-06-22 14:04:40,712 I event_name:TransferSingle,from_block:42422048, to_block:42423048, current_block_height:44195617
2023-06-22 14:04:41,748 I event_name:TransferBatch,from_block:42422048, to_block:42423048, current_block_height:44195617
2023-06-22 14:04:54,855 I event_name:Create1155RaribleUserProxy,from_block:17533267, to_block:17533267, current_block_height:17533267
2023-06-22 14:04:55,827 I event_name:Create1155RaribleUserProxy,from_block:42382008, to_block:42383008, current_block_height:44195624
2023-06-22 14:04:56,503 E ("The event 'Create1155RaribleUserProxy' was not found in this contract's abi. ", 'Are you sure you provided the correct contract abi?')
2023-06-22 14:04:56,503 E ("The event 'Create1155RaribleUserProxy' was not found in this contract's abi. ", 'Are you sure you provided the correct contract abi?')
2023-06-22 14:05:01,830 I event_name:TransferSingle,from_block:17533268, to_block:17533269, current_block_height:17533269
2023-06-22 14:05:02,435 I event_name:TransferBatch,from_block:17533268, to_block:17533269, current_block_height:17533269
2023-06-22 14:05:03,409 I event_name:TransferSingle,from_block:42423049, to_block:42424049, current_block_height:44195628
2023-06-22 14:05:06,778 I event_name:TransferBatch,from_block:42423049, to_block:42424049, current_block_height:44195628
2023-06-22 14:05:07,851 I event_name:Create1155RaribleUserProxy,from_block:17533268, to_block:17533269, current_block_height:17533269
2023-06-22 14:05:08,904 I event_name:Create1155RaribleUserProxy,from_block:42382008, to_block:42383008, current_block_height:44195631
2023-06-22 14:05:09,669 E ("The event 'Create1155RaribleUserProxy' was not found in this contract's abi. ", 'Are you sure you provided the correct contract abi?')
2023-06-22 14:05:09,669 E ("The event 'Create1155RaribleUserProxy' was not found in this contract's abi. ", 'Are you sure you provided the correct contract abi?')
2023-06-22 14:05:15,380 I event_name:TransferSingle,from_block:42424050, to_block:42425050, current_block_height:44195633
2023-06-22 14:05:16,178 I event_name:TransferBatch,from_block:42424050, to_block:42425050, current_block_height:44195633
2023-06-22 14:05:29,130 I event_name:Create1155RaribleUserProxy,from_block:17533270, to_block:17533270, current_block_height:17533270
2023-06-22 14:05:30,103 I event_name:Create1155RaribleUserProxy,from_block:42382008, to_block:42383008, current_block_height:44195641
2023-06-22 14:05:30,851 E ("The event 'Create1155RaribleUserProxy' was not found in this contract's abi. ", 'Are you sure you provided the correct contract abi?')
2023-06-22 14:05:30,851 E ("The event 'Create1155RaribleUserProxy' was not found in this contract's abi. ", 'Are you sure you provided the correct contract abi?')
2023-06-22 14:05:36,764 I event_name:TransferSingle,from_block:17533270, to_block:17533272, current_block_height:17533272
2023-06-22 14:05:37,360 I event_name:TransferBatch,from_block:17533270, to_block:17533272, current_block_height:17533272
2023-06-22 14:05:38,889 I event_name:TransferSingle,from_block:42425051, to_block:42426051, current_block_height:44195645
2023-06-22 14:05:39,927 I event_name:TransferBatch,from_block:42425051, to_block:42426051, current_block_height:44195645
2023-06-22 14:05:40,928 I event_name:Create1155RaribleUserProxy,from_block:17533271, to_block:17533272, current_block_height:17533272
2023-06-22 14:05:41,864 I event_name:Create1155RaribleUserProxy,from_block:42382008, to_block:42383008, current_block_height:44195646
2023-06-22 14:05:42,501 E ("The event 'Create1155RaribleUserProxy' was not found in this contract's abi. ", 'Are you sure you provided the correct contract abi?')
2023-06-22 14:05:42,502 E ("The event 'Create1155RaribleUserProxy' was not found in this contract's abi. ", 'Are you sure you provided the correct contract abi?')
2023-06-22 14:05:48,191 I event_name:TransferSingle,from_block:42426052, to_block:42427052, current_block_height:44195649
2023-06-22 14:05:50,511 I event_name:TransferBatch,from_block:42426052, to_block:42427052, current_block_height:44195649
2023-06-22 14:06:03,448 I event_name:Create1155RaribleUserProxy,from_block:17533273, to_block:17533273, current_block_height:17533273
2023-06-22 14:06:04,568 I event_name:Create1155RaribleUserProxy,from_block:42382008, to_block:42383008, current_block_height:44195657
2023-06-22 14:06:05,268 E ("The event 'Create1155RaribleUserProxy' was not found in this contract's abi. ", 'Are you sure you provided the correct contract abi?')
2023-06-22 14:06:05,268 E ("The event 'Create1155RaribleUserProxy' was not found in this contract's abi. ", 'Are you sure you provided the correct contract abi?')
2023-06-22 14:06:10,655 I event_name:TransferSingle,from_block:17533273, to_block:17533274, current_block_height:17533274
2023-06-22 14:06:11,676 I event_name:TransferBatch,from_block:17533273, to_block:17533274, current_block_height:17533274
2023-06-22 14:06:12,659 I event_name:TransferSingle,from_block:42427053, to_block:42428053, current_block_height:44195661
2023-06-22 14:06:13,678 I event_name:TransferBatch,from_block:42427053, to_block:42428053, current_block_height:44195661
2023-06-22 14:06:14,627 I event_name:Create1155RaribleUserProxy,from_block:17533274, to_block:17533275, current_block_height:17533275
2023-06-22 14:06:15,579 I event_name:Create1155RaribleUserProxy,from_block:42382008, to_block:42383008, current_block_height:44195662
2023-06-22 14:06:16,256 E ("The event 'Create1155RaribleUserProxy' was not found in this contract's abi. ", 'Are you sure you provided the correct contract abi?')
2023-06-22 14:06:16,256 E ("The event 'Create1155RaribleUserProxy' was not found in this contract's abi. ", 'Are you sure you provided the correct contract abi?')
2023-06-22 14:13:20,736 I event_name:TransferSingle,from_block:17533275, to_block:17533309, current_block_height:17533309
2023-06-22 14:13:21,414 I event_name:TransferBatch,from_block:17533275, to_block:17533309, current_block_height:17533309
2023-06-22 14:13:23,488 I event_name:TransferSingle,from_block:42428054, to_block:42429054, current_block_height:44195848
2023-06-22 14:13:24,891 I event_name:TransferBatch,from_block:42428054, to_block:42429054, current_block_height:44195848
2023-06-22 14:13:26,029 I event_name:Create1155RaribleUserProxy,from_block:17533276, to_block:17533310, current_block_height:17533310
2023-06-22 14:13:27,199 I event_name:Create1155RaribleUserProxy,from_block:42382008, to_block:42383008, current_block_height:44195850
2023-06-22 14:13:28,131 E ("The event 'Create1155RaribleUserProxy' was not found in this contract's abi. ", 'Are you sure you provided the correct contract abi?')
2023-06-22 14:13:28,131 E ("The event 'Create1155RaribleUserProxy' was not found in this contract's abi. ", 'Are you sure you provided the correct contract abi?')
2023-06-22 14:13:45,518 I event_name:TransferSingle,from_block:17533310, to_block:17533310, current_block_height:17533310
2023-06-22 14:17:02,771 I event_name:TransferSingle,from_block:17533311, to_block:17533328, current_block_height:17533328
2023-06-22 14:17:03,399 I event_name:TransferBatch,from_block:17533310, to_block:17533328, current_block_height:17533328
2023-06-22 14:17:05,621 I event_name:TransferSingle,from_block:42429055, to_block:42430055, current_block_height:44195951
2023-06-22 14:17:08,337 I event_name:TransferBatch,from_block:42429055, to_block:42430055, current_block_height:44195951
2023-06-22 14:17:09,325 I event_name:Create1155RaribleUserProxy,from_block:17533311, to_block:17533328, current_block_height:17533328
2023-06-22 14:17:10,316 I event_name:Create1155RaribleUserProxy,from_block:42382008, to_block:42383008, current_block_height:44195952
2023-06-22 14:17:30,325 I event_name:TransferSingle,from_block:17533329, to_block:17533329, current_block_height:17533329
2023-06-22 14:17:43,047 I event_name:TransferBatch,from_block:17533329, to_block:17533329, current_block_height:17533329
2023-06-22 14:17:44,582 I event_name:TransferSingle,from_block:42430056, to_block:42431056, current_block_height:44195961
2023-06-22 14:17:45,428 I event_name:TransferBatch,from_block:42430056, to_block:42431056, current_block_height:44195961
2023-06-22 14:17:46,420 I event_name:Create1155RaribleUserProxy,from_block:17533329, to_block:17533331, current_block_height:17533331
2023-06-22 14:17:47,428 I event_name:Create1155RaribleUserProxy,from_block:42383009, to_block:42384009, current_block_height:44195962
2023-06-22 14:17:53,889 I event_name:TransferSingle,from_block:17533330, to_block:17533332, current_block_height:17533332
2023-06-22 14:17:54,515 I event_name:TransferBatch,from_block:17533330, to_block:17533332, current_block_height:17533332
2023-06-22 14:17:55,518 I event_name:TransferSingle,from_block:42431057, to_block:42432057, current_block_height:44195965
2023-06-22 14:17:56,406 I event_name:TransferBatch,from_block:42431057, to_block:42432057, current_block_height:44195965
2023-06-22 14:18:09,728 I event_name:Create1155RaribleUserProxy,from_block:17533332, to_block:17533332, current_block_height:17533332
2023-06-22 14:18:10,710 I event_name:Create1155RaribleUserProxy,from_block:42384010, to_block:42385010, current_block_height:44195972
2023-06-22 14:18:16,810 I event_name:TransferSingle,from_block:17533333, to_block:17533334, current_block_height:17533334
2023-06-22 14:18:17,472 I event_name:TransferBatch,from_block:17533333, to_block:17533334, current_block_height:17533334
2023-06-22 14:18:19,059 I event_name:TransferSingle,from_block:42432058, to_block:42433058, current_block_height:44195976
2023-06-22 14:18:20,787 I event_name:TransferBatch,from_block:42432058, to_block:42433058, current_block_height:44195976
2023-06-22 14:18:21,845 I event_name:Create1155RaribleUserProxy,from_block:17533333, to_block:17533334, current_block_height:17533334
2023-06-22 14:18:22,777 I event_name:Create1155RaribleUserProxy,from_block:42385011, to_block:42386011, current_block_height:44195978
2023-06-22 14:18:40,827 I event_name:TransferSingle,from_block:17533335, to_block:17533335, current_block_height:17533335
2023-06-22 14:18:53,768 I event_name:TransferBatch,from_block:17533335, to_block:17533335, current_block_height:17533335
2023-06-22 14:18:54,813 I event_name:TransferSingle,from_block:42433059, to_block:42434059, current_block_height:44195993
2023-06-22 14:18:56,091 I event_name:TransferBatch,from_block:42433059, to_block:42434059, current_block_height:44195993
2023-06-22 14:18:57,345 I event_name:Create1155RaribleUserProxy,from_block:17533335, to_block:17533337, current_block_height:17533337
2023-06-22 14:18:58,315 I event_name:Create1155RaribleUserProxy,from_block:42386012, to_block:42387012, current_block_height:44195995
2023-06-22 14:19:04,297 I event_name:TransferSingle,from_block:17533336, to_block:17533338, current_block_height:17533338
2023-06-22 14:19:04,940 I event_name:TransferBatch,from_block:17533336, to_block:17533338, current_block_height:17533338
2023-06-22 14:19:06,076 I event_name:TransferSingle,from_block:42434060, to_block:42435060, current_block_height:44195998
2023-06-22 14:19:06,944 I event_name:TransferBatch,from_block:42434060, to_block:42435060, current_block_height:44195998
2023-06-22 14:19:19,948 I event_name:Create1155RaribleUserProxy,from_block:17533338, to_block:17533338, current_block_height:17533338
2023-06-22 14:19:21,486 I event_name:Create1155RaribleUserProxy,from_block:42387013, to_block:42388013, current_block_height:44196005
2023-06-22 14:19:27,490 I event_name:TransferSingle,from_block:17533339, to_block:17533340, current_block_height:17533340
2023-06-22 14:19:28,118 I event_name:TransferBatch,from_block:17533339, to_block:17533340, current_block_height:17533340
2023-06-22 14:19:29,662 I event_name:TransferSingle,from_block:42435061, to_block:42436061, current_block_height:44196009
2023-06-22 14:19:30,492 I event_name:TransferBatch,from_block:42435061, to_block:42436061, current_block_height:44196009
2023-06-22 14:19:31,486 I event_name:Create1155RaribleUserProxy,from_block:17533339, to_block:17533340, current_block_height:17533340
2023-06-22 14:19:32,581 I event_name:Create1155RaribleUserProxy,from_block:42388014, to_block:42389014, current_block_height:44196011
2023-06-22 14:23:25,856 I event_name:TransferSingle,from_block:17533341, to_block:17533358, current_block_height:17533358
2023-06-22 14:23:26,565 I event_name:TransferBatch,from_block:17533341, to_block:17533358, current_block_height:17533358
2023-06-22 14:23:28,543 I event_name:TransferSingle,from_block:42436062, to_block:42437062, current_block_height:44196121
2023-06-22 14:23:29,358 I event_name:TransferBatch,from_block:42436062, to_block:42437062, current_block_height:44196121
2023-06-22 14:23:30,445 I event_name:Create1155RaribleUserProxy,from_block:17533341, to_block:17533359, current_block_height:17533359
2023-06-22 14:23:31,429 I event_name:Create1155RaribleUserProxy,from_block:42389015, to_block:42390015, current_block_height:44196123
2023-06-22 14:23:37,731 I event_name:TransferSingle,from_block:17533359, to_block:17533360, current_block_height:17533360
2023-06-22 14:23:38,359 I event_name:TransferBatch,from_block:17533359, to_block:17533360, current_block_height:17533360
2023-06-22 14:23:39,318 I event_name:TransferSingle,from_block:42437063, to_block:42438063, current_block_height:44196127
2023-06-22 14:23:40,168 I event_name:TransferBatch,from_block:42437063, to_block:42438063, current_block_height:44196127
2023-06-22 14:44:48,826 I event_name:TransferSingle,from_block:17506153, to_block:17507153, current_block_height:17533465
2023-06-22 14:44:48,828 I contract_address:0xB66a603f4cFe17e3D27B87a8BfCaD319856518B8,event_name:TransferSingle,from_block:17506153, to_block:17507153, current_block_height:17533465
2023-06-22 14:44:52,178 I event_name:TransferBatch,from_block:17506153, to_block:17507153, current_block_height:17533465
2023-06-22 14:44:52,179 I contract_address:0xB66a603f4cFe17e3D27B87a8BfCaD319856518B8,event_name:TransferBatch,from_block:17506153, to_block:17507153, current_block_height:17533465
2023-06-22 14:44:54,768 I event_name:TransferSingle,from_block:42372999, to_block:42373999, current_block_height:44196682
2023-06-22 14:44:54,771 I contract_address:0xA2D9Ded6115b7B7208459450D676f0127418ae7A,event_name:TransferSingle,from_block:42372999, to_block:42373999, current_block_height:44196682
2023-06-22 14:44:56,394 I event_name:TransferBatch,from_block:42372999, to_block:42373999, current_block_height:44196682
2023-06-22 14:44:56,395 I contract_address:0xA2D9Ded6115b7B7208459450D676f0127418ae7A,event_name:TransferBatch,from_block:42372999, to_block:42373999, current_block_height:44196682
2023-06-22 14:44:57,631 I event_name:Create1155RaribleUserProxy,from_block:17506153, to_block:17507153, current_block_height:17533466
2023-06-22 14:44:57,634 I contract_address:0x6a26E902E41B31c91701bBbf33773Ead8BF1691d,event_name:Create1155RaribleUserProxy,from_block:17506153, to_block:17507153, current_block_height:17533466
2023-06-22 14:44:59,797 I event_name:Create1155RaribleUserProxy,from_block:42372999, to_block:42373999, current_block_height:44196684
2023-06-22 14:44:59,801 I contract_address:0xfa63EA28fB0F6901d76E9B418eB4350281a89c62,event_name:Create1155RaribleUserProxy,from_block:42372999, to_block:42373999, current_block_height:44196684
2023-06-22 14:45:06,320 I event_name:TransferSingle,from_block:17507154, to_block:17508154, current_block_height:17533467
2023-06-22 14:45:06,323 I contract_address:0xB66a603f4cFe17e3D27B87a8BfCaD319856518B8,event_name:TransferSingle,from_block:17507154, to_block:17508154, current_block_height:17533467
2023-06-22 14:45:07,086 I event_name:TransferBatch,from_block:17507154, to_block:17508154, current_block_height:17533467
2023-06-22 14:45:07,088 I contract_address:0xB66a603f4cFe17e3D27B87a8BfCaD319856518B8,event_name:TransferBatch,from_block:17507154, to_block:17508154, current_block_height:17533467
2023-06-22 14:45:08,785 I event_name:TransferSingle,from_block:42374000, to_block:42375000, current_block_height:44196688
2023-06-22 14:45:08,788 I contract_address:0xA2D9Ded6115b7B7208459450D676f0127418ae7A,event_name:TransferSingle,from_block:42374000, to_block:42375000, current_block_height:44196688
2023-06-22 14:45:10,493 I event_name:TransferBatch,from_block:42374000, to_block:42375000, current_block_height:44196688
2023-06-22 14:45:10,495 I contract_address:0xA2D9Ded6115b7B7208459450D676f0127418ae7A,event_name:TransferBatch,from_block:42374000, to_block:42375000, current_block_height:44196688
2023-06-22 14:45:11,972 I event_name:Create1155RaribleUserProxy,from_block:17507154, to_block:17508154, current_block_height:17533467
2023-06-22 14:45:11,975 I contract_address:0x6a26E902E41B31c91701bBbf33773Ead8BF1691d,event_name:Create1155RaribleUserProxy,from_block:17507154, to_block:17508154, current_block_height:17533467
2023-06-22 14:45:13,128 I event_name:Create1155RaribleUserProxy,from_block:42374000, to_block:42375000, current_block_height:44196690
2023-06-22 14:45:13,131 I contract_address:0xfa63EA28fB0F6901d76E9B418eB4350281a89c62,event_name:Create1155RaribleUserProxy,from_block:42374000, to_block:42375000, current_block_height:44196690
2023-06-22 14:45:19,336 I event_name:TransferSingle,from_block:17508155, to_block:17509155, current_block_height:17533468
2023-06-22 14:45:19,343 I contract_address:0xB66a603f4cFe17e3D27B87a8BfCaD319856518B8,event_name:TransferSingle,from_block:17508155, to_block:17509155, current_block_height:17533468
2023-06-22 14:45:20,505 I event_name:TransferBatch,from_block:17508155, to_block:17509155, current_block_height:17533468
2023-06-22 14:45:20,506 I contract_address:0xB66a603f4cFe17e3D27B87a8BfCaD319856518B8,event_name:TransferBatch,from_block:17508155, to_block:17509155, current_block_height:17533468
2023-06-22 14:45:21,968 I event_name:TransferSingle,from_block:42375001, to_block:42376001, current_block_height:44196694
2023-06-22 14:45:21,968 I contract_address:0xA2D9Ded6115b7B7208459450D676f0127418ae7A,event_name:TransferSingle,from_block:42375001, to_block:42376001, current_block_height:44196694
2023-06-22 14:45:23,257 I event_name:TransferBatch,from_block:42375001, to_block:42376001, current_block_height:44196694
2023-06-22 14:45:23,260 I contract_address:0xA2D9Ded6115b7B7208459450D676f0127418ae7A,event_name:TransferBatch,from_block:42375001, to_block:42376001, current_block_height:44196694
2023-06-22 14:45:24,696 I event_name:Create1155RaribleUserProxy,from_block:17508155, to_block:17509155, current_block_height:17533468
2023-06-22 14:45:24,697 I contract_address:0x6a26E902E41B31c91701bBbf33773Ead8BF1691d,event_name:Create1155RaribleUserProxy,from_block:17508155, to_block:17509155, current_block_height:17533468
2023-06-22 14:45:26,751 I event_name:Create1155RaribleUserProxy,from_block:42375001, to_block:42376001, current_block_height:44196696
2023-06-22 14:45:26,754 I contract_address:0xfa63EA28fB0F6901d76E9B418eB4350281a89c62,event_name:Create1155RaribleUserProxy,from_block:42375001, to_block:42376001, current_block_height:44196696
2023-06-22 14:45:33,323 I event_name:TransferSingle,from_block:17509156, to_block:17510156, current_block_height:17533469
2023-06-22 14:45:33,324 I contract_address:0xB66a603f4cFe17e3D27B87a8BfCaD319856518B8,event_name:TransferSingle,from_block:17509156, to_block:17510156, current_block_height:17533469
2023-06-22 14:45:34,393 I event_name:TransferBatch,from_block:17509156, to_block:17510156, current_block_height:17533469
2023-06-22 14:45:34,396 I contract_address:0xB66a603f4cFe17e3D27B87a8BfCaD319856518B8,event_name:TransferBatch,from_block:17509156, to_block:17510156, current_block_height:17533469
2023-06-22 14:45:36,401 I event_name:TransferSingle,from_block:42376002, to_block:42377002, current_block_height:44196702
2023-06-22 14:45:36,403 I contract_address:0xA2D9Ded6115b7B7208459450D676f0127418ae7A,event_name:TransferSingle,from_block:42376002, to_block:42377002, current_block_height:44196702
2023-06-22 14:45:38,351 I event_name:TransferBatch,from_block:42376002, to_block:42377002, current_block_height:44196702
2023-06-22 14:45:38,353 I contract_address:0xA2D9Ded6115b7B7208459450D676f0127418ae7A,event_name:TransferBatch,from_block:42376002, to_block:42377002, current_block_height:44196702
2023-06-22 14:45:39,943 I event_name:Create1155RaribleUserProxy,from_block:17509156, to_block:17510156, current_block_height:17533470
2023-06-22 14:45:39,944 I contract_address:0x6a26E902E41B31c91701bBbf33773Ead8BF1691d,event_name:Create1155RaribleUserProxy,from_block:17509156, to_block:17510156, current_block_height:17533470
2023-06-22 14:45:42,465 I event_name:Create1155RaribleUserProxy,from_block:42376002, to_block:42377002, current_block_height:44196703
2023-06-22 14:45:42,467 I contract_address:0xfa63EA28fB0F6901d76E9B418eB4350281a89c62,event_name:Create1155RaribleUserProxy,from_block:42376002, to_block:42377002, current_block_height:44196703
2023-06-22 14:45:49,518 I event_name:TransferSingle,from_block:17510157, to_block:17511157, current_block_height:17533471
2023-06-22 14:45:49,519 I contract_address:0xB66a603f4cFe17e3D27B87a8BfCaD319856518B8,event_name:TransferSingle,from_block:17510157, to_block:17511157, current_block_height:17533471
2023-06-22 14:45:50,372 I event_name:TransferBatch,from_block:17510157, to_block:17511157, current_block_height:17533471
2023-06-22 14:45:50,375 I contract_address:0xB66a603f4cFe17e3D27B87a8BfCaD319856518B8,event_name:TransferBatch,from_block:17510157, to_block:17511157, current_block_height:17533471
2023-06-22 14:45:52,341 I event_name:TransferSingle,from_block:42377003, to_block:42378003, current_block_height:44196709
2023-06-22 14:45:52,343 I contract_address:0xA2D9Ded6115b7B7208459450D676f0127418ae7A,event_name:TransferSingle,from_block:42377003, to_block:42378003, current_block_height:44196709
2023-06-22 14:45:54,273 I event_name:TransferBatch,from_block:42377003, to_block:42378003, current_block_height:44196709
2023-06-22 14:45:54,274 I contract_address:0xA2D9Ded6115b7B7208459450D676f0127418ae7A,event_name:TransferBatch,from_block:42377003, to_block:42378003, current_block_height:44196709
2023-06-22 14:45:55,321 I event_name:Create1155RaribleUserProxy,from_block:17510157, to_block:17511157, current_block_height:17533471
2023-06-22 14:45:55,323 I contract_address:0x6a26E902E41B31c91701bBbf33773Ead8BF1691d,event_name:Create1155RaribleUserProxy,from_block:17510157, to_block:17511157, current_block_height:17533471
2023-06-22 14:45:56,718 I event_name:Create1155RaribleUserProxy,from_block:42377003, to_block:42378003, current_block_height:44196711
2023-06-22 14:45:56,721 I contract_address:0xfa63EA28fB0F6901d76E9B418eB4350281a89c62,event_name:Create1155RaribleUserProxy,from_block:42377003, to_block:42378003, current_block_height:44196711
2023-06-22 14:46:02,897 I event_name:TransferSingle,from_block:17511158, to_block:17512158, current_block_height:17533472
2023-06-22 14:46:02,898 I contract_address:0xB66a603f4cFe17e3D27B87a8BfCaD319856518B8,event_name:TransferSingle,from_block:17511158, to_block:17512158, current_block_height:17533472
2023-06-22 14:46:03,591 I event_name:TransferBatch,from_block:17511158, to_block:17512158, current_block_height:17533472
2023-06-22 14:46:03,592 I contract_address:0xB66a603f4cFe17e3D27B87a8BfCaD319856518B8,event_name:TransferBatch,from_block:17511158, to_block:17512158, current_block_height:17533472
2023-06-22 14:46:04,631 I event_name:TransferSingle,from_block:42378004, to_block:42379004, current_block_height:44196715
2023-06-22 14:46:04,632 I contract_address:0xA2D9Ded6115b7B7208459450D676f0127418ae7A,event_name:TransferSingle,from_block:42378004, to_block:42379004, current_block_height:44196715
2023-06-22 14:46:05,733 I event_name:TransferBatch,from_block:42378004, to_block:42379004, current_block_height:44196715
2023-06-22 14:46:05,734 I contract_address:0xA2D9Ded6115b7B7208459450D676f0127418ae7A,event_name:TransferBatch,from_block:42378004, to_block:42379004, current_block_height:44196715
2023-06-22 14:46:07,085 I event_name:Create1155RaribleUserProxy,from_block:17511158, to_block:17512158, current_block_height:17533472
2023-06-22 14:46:07,086 I contract_address:0x6a26E902E41B31c91701bBbf33773Ead8BF1691d,event_name:Create1155RaribleUserProxy,from_block:17511158, to_block:17512158, current_block_height:17533472
2023-06-22 14:46:08,438 I event_name:Create1155RaribleUserProxy,from_block:42378004, to_block:42379004, current_block_height:44196717
2023-06-22 14:46:08,440 I contract_address:0xfa63EA28fB0F6901d76E9B418eB4350281a89c62,event_name:Create1155RaribleUserProxy,from_block:42378004, to_block:42379004, current_block_height:44196717
2023-06-22 14:46:14,632 I event_name:TransferSingle,from_block:17512159, to_block:17513159, current_block_height:17533473
2023-06-22 14:46:14,633 I contract_address:0xB66a603f4cFe17e3D27B87a8BfCaD319856518B8,event_name:TransferSingle,from_block:17512159, to_block:17513159, current_block_height:17533473
2023-06-22 14:46:15,661 I event_name:TransferBatch,from_block:17512159, to_block:17513159, current_block_height:17533473
2023-06-22 14:46:15,662 I contract_address:0xB66a603f4cFe17e3D27B87a8BfCaD319856518B8,event_name:TransferBatch,from_block:17512159, to_block:17513159, current_block_height:17533473
2023-06-22 14:46:16,946 I event_name:TransferSingle,from_block:42379005, to_block:42380005, current_block_height:44196720
2023-06-22 14:46:16,949 I contract_address:0xA2D9Ded6115b7B7208459450D676f0127418ae7A,event_name:TransferSingle,from_block:42379005, to_block:42380005, current_block_height:44196720
2023-06-22 14:46:18,134 I event_name:TransferBatch,from_block:42379005, to_block:42380005, current_block_height:44196720
2023-06-22 14:46:18,136 I contract_address:0xA2D9Ded6115b7B7208459450D676f0127418ae7A,event_name:TransferBatch,from_block:42379005, to_block:42380005, current_block_height:44196720
2023-06-22 14:46:20,771 I event_name:Create1155RaribleUserProxy,from_block:17512159, to_block:17513159, current_block_height:17533473
2023-06-22 14:46:20,772 I contract_address:0x6a26E902E41B31c91701bBbf33773Ead8BF1691d,event_name:Create1155RaribleUserProxy,from_block:17512159, to_block:17513159, current_block_height:17533473
2023-06-22 14:46:22,605 I event_name:Create1155RaribleUserProxy,from_block:42379005, to_block:42380005, current_block_height:44196723
2023-06-22 14:46:22,608 I contract_address:0xfa63EA28fB0F6901d76E9B418eB4350281a89c62,event_name:Create1155RaribleUserProxy,from_block:42379005, to_block:42380005, current_block_height:44196723
2023-06-22 14:46:28,913 I event_name:TransferSingle,from_block:17513160, to_block:17514160, current_block_height:17533474
2023-06-22 14:46:28,914 I contract_address:0xB66a603f4cFe17e3D27B87a8BfCaD319856518B8,event_name:TransferSingle,from_block:17513160, to_block:17514160, current_block_height:17533474
2023-06-22 14:46:29,890 I event_name:TransferBatch,from_block:17513160, to_block:17514160, current_block_height:17533474
2023-06-22 14:46:29,892 I contract_address:0xB66a603f4cFe17e3D27B87a8BfCaD319856518B8,event_name:TransferBatch,from_block:17513160, to_block:17514160, current_block_height:17533474
2023-06-22 14:46:32,644 I event_name:TransferSingle,from_block:42380006, to_block:42381006, current_block_height:44196728
2023-06-22 14:46:32,646 I contract_address:0xA2D9Ded6115b7B7208459450D676f0127418ae7A,event_name:TransferSingle,from_block:42380006, to_block:42381006, current_block_height:44196728
2023-06-22 14:46:37,162 I event_name:TransferBatch,from_block:42380006, to_block:42381006, current_block_height:44196728
2023-06-22 14:46:37,163 I contract_address:0xA2D9Ded6115b7B7208459450D676f0127418ae7A,event_name:TransferBatch,from_block:42380006, to_block:42381006, current_block_height:44196728
2023-06-22 14:46:38,857 I event_name:Create1155RaribleUserProxy,from_block:17513160, to_block:17514160, current_block_height:17533475
2023-06-22 14:46:38,858 I contract_address:0x6a26E902E41B31c91701bBbf33773Ead8BF1691d,event_name:Create1155RaribleUserProxy,from_block:17513160, to_block:17514160, current_block_height:17533475
2023-06-22 14:46:41,160 I event_name:Create1155RaribleUserProxy,from_block:42380006, to_block:42381006, current_block_height:44196732
2023-06-22 14:46:41,163 I contract_address:0xfa63EA28fB0F6901d76E9B418eB4350281a89c62,event_name:Create1155RaribleUserProxy,from_block:42380006, to_block:42381006, current_block_height:44196732
2023-06-22 14:46:47,699 I event_name:TransferSingle,from_block:17514161, to_block:17515161, current_block_height:17533475
2023-06-22 14:46:47,701 I contract_address:0xB66a603f4cFe17e3D27B87a8BfCaD319856518B8,event_name:TransferSingle,from_block:17514161, to_block:17515161, current_block_height:17533475
2023-06-22 14:46:49,534 I event_name:TransferBatch,from_block:17514161, to_block:17515161, current_block_height:17533475
2023-06-22 14:46:49,538 I contract_address:0xB66a603f4cFe17e3D27B87a8BfCaD319856518B8,event_name:TransferBatch,from_block:17514161, to_block:17515161, current_block_height:17533475
2023-06-22 14:46:50,633 I event_name:TransferSingle,from_block:42381007, to_block:42382007, current_block_height:44196736
2023-06-22 14:46:50,635 I contract_address:0xA2D9Ded6115b7B7208459450D676f0127418ae7A,event_name:TransferSingle,from_block:42381007, to_block:42382007, current_block_height:44196736
2023-06-22 14:46:51,796 I event_name:TransferBatch,from_block:42381007, to_block:42382007, current_block_height:44196736
2023-06-22 14:46:51,797 I contract_address:0xA2D9Ded6115b7B7208459450D676f0127418ae7A,event_name:TransferBatch,from_block:42381007, to_block:42382007, current_block_height:44196736
2023-06-22 14:46:53,764 I event_name:Create1155RaribleUserProxy,from_block:17514161, to_block:17515161, current_block_height:17533476
2023-06-22 14:46:53,775 I contract_address:0x6a26E902E41B31c91701bBbf33773Ead8BF1691d,event_name:Create1155RaribleUserProxy,from_block:17514161, to_block:17515161, current_block_height:17533476
2023-06-22 14:46:54,954 I event_name:Create1155RaribleUserProxy,from_block:42381007, to_block:42382007, current_block_height:44196738
2023-06-22 14:46:54,956 I contract_address:0xfa63EA28fB0F6901d76E9B418eB4350281a89c62,event_name:Create1155RaribleUserProxy,from_block:42381007, to_block:42382007, current_block_height:44196738
2023-06-22 14:47:01,430 I event_name:TransferSingle,from_block:17515162, to_block:17516162, current_block_height:17533476
2023-06-22 14:47:01,432 I contract_address:0xB66a603f4cFe17e3D27B87a8BfCaD319856518B8,event_name:TransferSingle,from_block:17515162, to_block:17516162, current_block_height:17533476
2023-06-22 14:47:02,335 I event_name:TransferBatch,from_block:17515162, to_block:17516162, current_block_height:17533476
2023-06-22 14:47:02,336 I contract_address:0xB66a603f4cFe17e3D27B87a8BfCaD319856518B8,event_name:TransferBatch,from_block:17515162, to_block:17516162, current_block_height:17533476
2023-06-22 14:47:03,447 I event_name:TransferSingle,from_block:42382008, to_block:42383008, current_block_height:44196742
2023-06-22 14:47:03,448 I contract_address:0xA2D9Ded6115b7B7208459450D676f0127418ae7A,event_name:TransferSingle,from_block:42382008, to_block:42383008, current_block_height:44196742
2023-06-22 14:47:05,450 I event_name:TransferBatch,from_block:42382008, to_block:42383008, current_block_height:44196742
2023-06-22 14:47:05,451 I contract_address:0xA2D9Ded6115b7B7208459450D676f0127418ae7A,event_name:TransferBatch,from_block:42382008, to_block:42383008, current_block_height:44196742
2023-06-22 14:47:06,616 I event_name:Create1155RaribleUserProxy,from_block:17515162, to_block:17516162, current_block_height:17533476
2023-06-22 14:47:06,618 I contract_address:0x6a26E902E41B31c91701bBbf33773Ead8BF1691d,event_name:Create1155RaribleUserProxy,from_block:17515162, to_block:17516162, current_block_height:17533476
2023-06-22 14:47:07,694 I event_name:Create1155RaribleUserProxy,from_block:42382008, to_block:42383008, current_block_height:44196744
2023-06-22 14:47:07,697 I contract_address:0xfa63EA28fB0F6901d76E9B418eB4350281a89c62,event_name:Create1155RaribleUserProxy,from_block:42382008, to_block:42383008, current_block_height:44196744
2023-06-22 14:50:53,784 I event_name:TransferSingle,from_block:17506153, to_block:17507153, current_block_height:17533495
2023-06-22 14:50:53,785 I contract_address:0xB66a603f4cFe17e3D27B87a8BfCaD319856518B8,event_name:TransferSingle,from_block:17506153, to_block:17507153, current_block_height:17533495
2023-06-22 14:50:54,804 I event_name:TransferBatch,from_block:17506153, to_block:17507153, current_block_height:17533495
2023-06-22 14:50:54,805 I contract_address:0xB66a603f4cFe17e3D27B87a8BfCaD319856518B8,event_name:TransferBatch,from_block:17506153, to_block:17507153, current_block_height:17533495
2023-06-22 14:50:56,744 I event_name:TransferSingle,from_block:42372999, to_block:42373999, current_block_height:44196848
2023-06-22 14:50:56,747 I contract_address:0xA2D9Ded6115b7B7208459450D676f0127418ae7A,event_name:TransferSingle,from_block:42372999, to_block:42373999, current_block_height:44196848
2023-06-22 14:50:57,696 I event_name:TransferBatch,from_block:42372999, to_block:42373999, current_block_height:44196848
2023-06-22 14:50:57,697 I contract_address:0xA2D9Ded6115b7B7208459450D676f0127418ae7A,event_name:TransferBatch,from_block:42372999, to_block:42373999, current_block_height:44196848
2023-06-22 14:50:59,437 I event_name:Create1155RaribleUserProxy,from_block:17506153, to_block:17507153, current_block_height:17533495
2023-06-22 14:50:59,439 I contract_address:0x6a26E902E41B31c91701bBbf33773Ead8BF1691d,event_name:Create1155RaribleUserProxy,from_block:17506153, to_block:17507153, current_block_height:17533495
2023-06-22 14:51:00,550 I event_name:Create1155RaribleUserProxy,from_block:42372999, to_block:42373999, current_block_height:44196850
2023-06-22 14:51:00,551 I contract_address:0xfa63EA28fB0F6901d76E9B418eB4350281a89c62,event_name:Create1155RaribleUserProxy,from_block:42372999, to_block:42373999, current_block_height:44196850
2023-06-22 14:51:06,758 I event_name:TransferSingle,from_block:17507154, to_block:17508154, current_block_height:17533496
2023-06-22 14:51:06,760 I contract_address:0xB66a603f4cFe17e3D27B87a8BfCaD319856518B8,event_name:TransferSingle,from_block:17507154, to_block:17508154, current_block_height:17533496
2023-06-22 14:51:07,484 I event_name:TransferBatch,from_block:17507154, to_block:17508154, current_block_height:17533496
2023-06-22 14:51:07,488 I contract_address:0xB66a603f4cFe17e3D27B87a8BfCaD319856518B8,event_name:TransferBatch,from_block:17507154, to_block:17508154, current_block_height:17533496
2023-06-22 14:51:08,535 I event_name:TransferSingle,from_block:42374000, to_block:42375000, current_block_height:44196853
2023-06-22 14:51:08,536 I contract_address:0xA2D9Ded6115b7B7208459450D676f0127418ae7A,event_name:TransferSingle,from_block:42374000, to_block:42375000, current_block_height:44196853
2023-06-22 14:51:09,419 I event_name:TransferBatch,from_block:42374000, to_block:42375000, current_block_height:44196853
2023-06-22 14:51:09,420 I contract_address:0xA2D9Ded6115b7B7208459450D676f0127418ae7A,event_name:TransferBatch,from_block:42374000, to_block:42375000, current_block_height:44196853
2023-06-22 14:51:10,821 I event_name:Create1155RaribleUserProxy,from_block:17507154, to_block:17508154, current_block_height:17533496
2023-06-22 14:51:10,823 I contract_address:0x6a26E902E41B31c91701bBbf33773Ead8BF1691d,event_name:Create1155RaribleUserProxy,from_block:17507154, to_block:17508154, current_block_height:17533496
2023-06-22 14:51:11,990 I event_name:Create1155RaribleUserProxy,from_block:42374000, to_block:42375000, current_block_height:44196856
2023-06-22 14:51:11,991 I contract_address:0xfa63EA28fB0F6901d76E9B418eB4350281a89c62,event_name:Create1155RaribleUserProxy,from_block:42374000, to_block:42375000, current_block_height:44196856
2023-06-22 14:51:18,300 I event_name:TransferSingle,from_block:17508155, to_block:17509155, current_block_height:17533497
2023-06-22 14:51:18,300 I contract_address:0xB66a603f4cFe17e3D27B87a8BfCaD319856518B8,event_name:TransferSingle,from_block:17508155, to_block:17509155, current_block_height:17533497
2023-06-22 14:51:19,100 I event_name:TransferBatch,from_block:17508155, to_block:17509155, current_block_height:17533497
2023-06-22 14:51:19,101 I contract_address:0xB66a603f4cFe17e3D27B87a8BfCaD319856518B8,event_name:TransferBatch,from_block:17508155, to_block:17509155, current_block_height:17533497
2023-06-22 14:51:21,099 I event_name:TransferSingle,from_block:42375001, to_block:42376001, current_block_height:44196860
2023-06-22 14:51:21,101 I contract_address:0xA2D9Ded6115b7B7208459450D676f0127418ae7A,event_name:TransferSingle,from_block:42375001, to_block:42376001, current_block_height:44196860
2023-06-22 14:51:21,953 I event_name:TransferBatch,from_block:42375001, to_block:42376001, current_block_height:44196860
2023-06-22 14:51:21,955 I contract_address:0xA2D9Ded6115b7B7208459450D676f0127418ae7A,event_name:TransferBatch,from_block:42375001, to_block:42376001, current_block_height:44196860
2023-06-22 14:51:23,477 I event_name:Create1155RaribleUserProxy,from_block:17508155, to_block:17509155, current_block_height:17533497
2023-06-22 14:51:23,478 I contract_address:0x6a26E902E41B31c91701bBbf33773Ead8BF1691d,event_name:Create1155RaribleUserProxy,from_block:17508155, to_block:17509155, current_block_height:17533497
2023-06-22 14:51:25,819 I event_name:Create1155RaribleUserProxy,from_block:42375001, to_block:42376001, current_block_height:44196863
2023-06-22 14:51:25,822 I contract_address:0xfa63EA28fB0F6901d76E9B418eB4350281a89c62,event_name:Create1155RaribleUserProxy,from_block:42375001, to_block:42376001, current_block_height:44196863
2023-06-22 14:51:31,888 I event_name:TransferSingle,from_block:17509156, to_block:17510156, current_block_height:17533498
2023-06-22 14:51:31,889 I contract_address:0xB66a603f4cFe17e3D27B87a8BfCaD319856518B8,event_name:TransferSingle,from_block:17509156, to_block:17510156, current_block_height:17533498
2023-06-22 14:51:32,828 I event_name:TransferBatch,from_block:17509156, to_block:17510156, current_block_height:17533498
2023-06-22 14:51:32,832 I contract_address:0xB66a603f4cFe17e3D27B87a8BfCaD319856518B8,event_name:TransferBatch,from_block:17509156, to_block:17510156, current_block_height:17533498
2023-06-22 14:51:33,959 I event_name:TransferSingle,from_block:42376002, to_block:42377002, current_block_height:44196866
2023-06-22 14:51:33,960 I contract_address:0xA2D9Ded6115b7B7208459450D676f0127418ae7A,event_name:TransferSingle,from_block:42376002, to_block:42377002, current_block_height:44196866
2023-06-22 14:51:36,025 I event_name:TransferBatch,from_block:42376002, to_block:42377002, current_block_height:44196866
2023-06-22 14:51:36,028 I contract_address:0xA2D9Ded6115b7B7208459450D676f0127418ae7A,event_name:TransferBatch,from_block:42376002, to_block:42377002, current_block_height:44196866
2023-06-22 14:51:38,200 I event_name:Create1155RaribleUserProxy,from_block:17509156, to_block:17510156, current_block_height:17533498
2023-06-22 14:51:38,201 I contract_address:0x6a26E902E41B31c91701bBbf33773Ead8BF1691d,event_name:Create1155RaribleUserProxy,from_block:17509156, to_block:17510156, current_block_height:17533498
2023-06-22 14:51:39,226 I event_name:Create1155RaribleUserProxy,from_block:42376002, to_block:42377002, current_block_height:44196869
2023-06-22 14:51:39,229 I contract_address:0xfa63EA28fB0F6901d76E9B418eB4350281a89c62,event_name:Create1155RaribleUserProxy,from_block:42376002, to_block:42377002, current_block_height:44196869
2023-06-22 14:51:45,713 I event_name:TransferSingle,from_block:17510157, to_block:17511157, current_block_height:17533499
2023-06-22 14:51:45,714 I contract_address:0xB66a603f4cFe17e3D27B87a8BfCaD319856518B8,event_name:TransferSingle,from_block:17510157, to_block:17511157, current_block_height:17533499
2023-06-22 14:51:46,437 I event_name:TransferBatch,from_block:17510157, to_block:17511157, current_block_height:17533499
2023-06-22 14:51:46,440 I contract_address:0xB66a603f4cFe17e3D27B87a8BfCaD319856518B8,event_name:TransferBatch,from_block:17510157, to_block:17511157, current_block_height:17533499
2023-06-22 14:51:48,240 I event_name:TransferSingle,from_block:42377003, to_block:42378003, current_block_height:44196873
2023-06-22 14:51:48,241 I contract_address:0xA2D9Ded6115b7B7208459450D676f0127418ae7A,event_name:TransferSingle,from_block:42377003, to_block:42378003, current_block_height:44196873
2023-06-22 14:51:49,254 I event_name:TransferBatch,from_block:42377003, to_block:42378003, current_block_height:44196873
2023-06-22 14:51:49,255 I contract_address:0xA2D9Ded6115b7B7208459450D676f0127418ae7A,event_name:TransferBatch,from_block:42377003, to_block:42378003, current_block_height:44196873
2023-06-22 14:51:50,998 I event_name:Create1155RaribleUserProxy,from_block:17510157, to_block:17511157, current_block_height:17533500
2023-06-22 14:51:50,999 I contract_address:0x6a26E902E41B31c91701bBbf33773Ead8BF1691d,event_name:Create1155RaribleUserProxy,from_block:17510157, to_block:17511157, current_block_height:17533500
2023-06-22 14:51:52,448 I event_name:Create1155RaribleUserProxy,from_block:42377003, to_block:42378003, current_block_height:44196875
2023-06-22 14:51:52,449 I contract_address:0xfa63EA28fB0F6901d76E9B418eB4350281a89c62,event_name:Create1155RaribleUserProxy,from_block:42377003, to_block:42378003, current_block_height:44196875
2023-06-22 14:51:58,500 I event_name:TransferSingle,from_block:17511158, to_block:17512158, current_block_height:17533500
2023-06-22 14:51:58,501 I contract_address:0xB66a603f4cFe17e3D27B87a8BfCaD319856518B8,event_name:TransferSingle,from_block:17511158, to_block:17512158, current_block_height:17533500
2023-06-22 14:51:59,165 I event_name:TransferBatch,from_block:17511158, to_block:17512158, current_block_height:17533500
2023-06-22 14:51:59,167 I contract_address:0xB66a603f4cFe17e3D27B87a8BfCaD319856518B8,event_name:TransferBatch,from_block:17511158, to_block:17512158, current_block_height:17533500
2023-06-22 14:52:00,484 I event_name:TransferSingle,from_block:42378004, to_block:42379004, current_block_height:44196879
2023-06-22 14:52:00,485 I contract_address:0xA2D9Ded6115b7B7208459450D676f0127418ae7A,event_name:TransferSingle,from_block:42378004, to_block:42379004, current_block_height:44196879
2023-06-22 14:52:01,406 I event_name:TransferBatch,from_block:42378004, to_block:42379004, current_block_height:44196879
2023-06-22 14:52:01,408 I contract_address:0xA2D9Ded6115b7B7208459450D676f0127418ae7A,event_name:TransferBatch,from_block:42378004, to_block:42379004, current_block_height:44196879
2023-06-22 14:52:02,525 I event_name:Create1155RaribleUserProxy,from_block:17511158, to_block:17512158, current_block_height:17533501
2023-06-22 14:52:02,526 I contract_address:0x6a26E902E41B31c91701bBbf33773Ead8BF1691d,event_name:Create1155RaribleUserProxy,from_block:17511158, to_block:17512158, current_block_height:17533501
2023-06-22 14:52:03,581 I event_name:Create1155RaribleUserProxy,from_block:42378004, to_block:42379004, current_block_height:44196880
2023-06-22 14:52:03,583 I contract_address:0xfa63EA28fB0F6901d76E9B418eB4350281a89c62,event_name:Create1155RaribleUserProxy,from_block:42378004, to_block:42379004, current_block_height:44196880
2023-06-22 14:52:09,792 I event_name:TransferSingle,from_block:17512159, to_block:17513159, current_block_height:17533501
2023-06-22 14:52:09,794 I contract_address:0xB66a603f4cFe17e3D27B87a8BfCaD319856518B8,event_name:TransferSingle,from_block:17512159, to_block:17513159, current_block_height:17533501
2023-06-22 14:52:10,486 I event_name:TransferBatch,from_block:17512159, to_block:17513159, current_block_height:17533501
2023-06-22 14:52:10,487 I contract_address:0xB66a603f4cFe17e3D27B87a8BfCaD319856518B8,event_name:TransferBatch,from_block:17512159, to_block:17513159, current_block_height:17533501
2023-06-22 14:52:11,499 I event_name:TransferSingle,from_block:42379005, to_block:42380005, current_block_height:44196883
2023-06-22 14:52:11,501 I contract_address:0xA2D9Ded6115b7B7208459450D676f0127418ae7A,event_name:TransferSingle,from_block:42379005, to_block:42380005, current_block_height:44196883
2023-06-22 14:52:12,450 I event_name:TransferBatch,from_block:42379005, to_block:42380005, current_block_height:44196883
2023-06-22 14:52:12,451 I contract_address:0xA2D9Ded6115b7B7208459450D676f0127418ae7A,event_name:TransferBatch,from_block:42379005, to_block:42380005, current_block_height:44196883
2023-06-22 14:52:13,494 I event_name:Create1155RaribleUserProxy,from_block:17512159, to_block:17513159, current_block_height:17533501
2023-06-22 14:52:13,496 I contract_address:0x6a26E902E41B31c91701bBbf33773Ead8BF1691d,event_name:Create1155RaribleUserProxy,from_block:17512159, to_block:17513159, current_block_height:17533501
2023-06-22 14:52:15,498 I event_name:Create1155RaribleUserProxy,from_block:42379005, to_block:42380005, current_block_height:44196885
2023-06-22 14:52:15,500 I contract_address:0xfa63EA28fB0F6901d76E9B418eB4350281a89c62,event_name:Create1155RaribleUserProxy,from_block:42379005, to_block:42380005, current_block_height:44196885
2023-06-22 14:52:21,698 I event_name:TransferSingle,from_block:17513160, to_block:17514160, current_block_height:17533502
2023-06-22 14:52:21,700 I contract_address:0xB66a603f4cFe17e3D27B87a8BfCaD319856518B8,event_name:TransferSingle,from_block:17513160, to_block:17514160, current_block_height:17533502
2023-06-22 14:52:22,546 I event_name:TransferBatch,from_block:17513160, to_block:17514160, current_block_height:17533502
2023-06-22 14:52:22,548 I contract_address:0xB66a603f4cFe17e3D27B87a8BfCaD319856518B8,event_name:TransferBatch,from_block:17513160, to_block:17514160, current_block_height:17533502
2023-06-22 14:52:24,002 I event_name:TransferSingle,from_block:42380006, to_block:42381006, current_block_height:44196890
2023-06-22 14:52:24,006 I contract_address:0xA2D9Ded6115b7B7208459450D676f0127418ae7A,event_name:TransferSingle,from_block:42380006, to_block:42381006, current_block_height:44196890
2023-06-22 14:52:24,872 I event_name:TransferBatch,from_block:42380006, to_block:42381006, current_block_height:44196890
2023-06-22 14:52:24,874 I contract_address:0xA2D9Ded6115b7B7208459450D676f0127418ae7A,event_name:TransferBatch,from_block:42380006, to_block:42381006, current_block_height:44196890
2023-06-22 14:52:26,348 I event_name:Create1155RaribleUserProxy,from_block:17513160, to_block:17514160, current_block_height:17533503
2023-06-22 14:52:26,349 I contract_address:0x6a26E902E41B31c91701bBbf33773Ead8BF1691d,event_name:Create1155RaribleUserProxy,from_block:17513160, to_block:17514160, current_block_height:17533503
2023-06-22 14:52:27,631 I event_name:Create1155RaribleUserProxy,from_block:42380006, to_block:42381006, current_block_height:44196891
2023-06-22 14:52:27,634 I contract_address:0xfa63EA28fB0F6901d76E9B418eB4350281a89c62,event_name:Create1155RaribleUserProxy,from_block:42380006, to_block:42381006, current_block_height:44196891
2023-06-22 14:52:34,052 I event_name:TransferSingle,from_block:17514161, to_block:17515161, current_block_height:17533503
2023-06-22 14:52:34,053 I contract_address:0xB66a603f4cFe17e3D27B87a8BfCaD319856518B8,event_name:TransferSingle,from_block:17514161, to_block:17515161, current_block_height:17533503
2023-06-22 14:52:34,776 I event_name:TransferBatch,from_block:17514161, to_block:17515161, current_block_height:17533503
2023-06-22 14:52:34,778 I contract_address:0xB66a603f4cFe17e3D27B87a8BfCaD319856518B8,event_name:TransferBatch,from_block:17514161, to_block:17515161, current_block_height:17533503
2023-06-22 14:52:35,802 I event_name:TransferSingle,from_block:42381007, to_block:42382007, current_block_height:44196895
2023-06-22 14:52:35,804 I contract_address:0xA2D9Ded6115b7B7208459450D676f0127418ae7A,event_name:TransferSingle,from_block:42381007, to_block:42382007, current_block_height:44196895
2023-06-22 14:52:38,830 I event_name:TransferBatch,from_block:42381007, to_block:42382007, current_block_height:44196895
2023-06-22 14:52:38,832 I contract_address:0xA2D9Ded6115b7B7208459450D676f0127418ae7A,event_name:TransferBatch,from_block:42381007, to_block:42382007, current_block_height:44196895
2023-06-22 14:52:42,214 I event_name:Create1155RaribleUserProxy,from_block:17514161, to_block:17515161, current_block_height:17533504
2023-06-22 14:52:42,216 I contract_address:0x6a26E902E41B31c91701bBbf33773Ead8BF1691d,event_name:Create1155RaribleUserProxy,from_block:17514161, to_block:17515161, current_block_height:17533504
2023-06-22 14:52:43,590 I event_name:Create1155RaribleUserProxy,from_block:42381007, to_block:42382007, current_block_height:44196899
2023-06-22 14:52:43,591 I contract_address:0xfa63EA28fB0F6901d76E9B418eB4350281a89c62,event_name:Create1155RaribleUserProxy,from_block:42381007, to_block:42382007, current_block_height:44196899
2023-06-22 14:52:50,726 I event_name:TransferSingle,from_block:17515162, to_block:17516162, current_block_height:17533505
2023-06-22 14:52:50,731 I contract_address:0xB66a603f4cFe17e3D27B87a8BfCaD319856518B8,event_name:TransferSingle,from_block:17515162, to_block:17516162, current_block_height:17533505
2023-06-22 14:52:51,464 I event_name:TransferBatch,from_block:17515162, to_block:17516162, current_block_height:17533505
2023-06-22 14:52:51,466 I contract_address:0xB66a603f4cFe17e3D27B87a8BfCaD319856518B8,event_name:TransferBatch,from_block:17515162, to_block:17516162, current_block_height:17533505
2023-06-22 14:52:53,327 I event_name:TransferSingle,from_block:42382008, to_block:42383008, current_block_height:44196904
2023-06-22 14:52:53,329 I contract_address:0xA2D9Ded6115b7B7208459450D676f0127418ae7A,event_name:TransferSingle,from_block:42382008, to_block:42383008, current_block_height:44196904
2023-06-22 14:52:54,973 I event_name:TransferBatch,from_block:42382008, to_block:42383008, current_block_height:44196904
2023-06-22 14:52:54,974 I contract_address:0xA2D9Ded6115b7B7208459450D676f0127418ae7A,event_name:TransferBatch,from_block:42382008, to_block:42383008, current_block_height:44196904
2023-06-22 14:52:56,090 I event_name:Create1155RaribleUserProxy,from_block:17515162, to_block:17516162, current_block_height:17533505
2023-06-22 14:52:56,093 I contract_address:0x6a26E902E41B31c91701bBbf33773Ead8BF1691d,event_name:Create1155RaribleUserProxy,from_block:17515162, to_block:17516162, current_block_height:17533505
2023-06-22 14:52:57,455 I event_name:Create1155RaribleUserProxy,from_block:42382008, to_block:42383008, current_block_height:44196905
2023-06-22 14:52:57,458 I contract_address:0xfa63EA28fB0F6901d76E9B418eB4350281a89c62,event_name:Create1155RaribleUserProxy,from_block:42382008, to_block:42383008, current_block_height:44196905
2023-06-22 14:53:05,746 I event_name:TransferSingle,from_block:17516163, to_block:17517163, current_block_height:17533506
2023-06-22 14:53:05,749 I contract_address:0xB66a603f4cFe17e3D27B87a8BfCaD319856518B8,event_name:TransferSingle,from_block:17516163, to_block:17517163, current_block_height:17533506
2023-06-22 14:53:06,496 I event_name:TransferBatch,from_block:17516163, to_block:17517163, current_block_height:17533506
2023-06-22 14:53:06,503 I contract_address:0xB66a603f4cFe17e3D27B87a8BfCaD319856518B8,event_name:TransferBatch,from_block:17516163, to_block:17517163, current_block_height:17533506
2023-06-22 14:53:07,561 I event_name:TransferSingle,from_block:42383009, to_block:42384009, current_block_height:44196911
2023-06-22 14:53:07,564 I contract_address:0xA2D9Ded6115b7B7208459450D676f0127418ae7A,event_name:TransferSingle,from_block:42383009, to_block:42384009, current_block_height:44196911
2023-06-22 14:53:17,599 I event_name:TransferBatch,from_block:42383009, to_block:42384009, current_block_height:44196911
2023-06-22 14:53:17,600 I contract_address:0xA2D9Ded6115b7B7208459450D676f0127418ae7A,event_name:TransferBatch,from_block:42383009, to_block:42384009, current_block_height:44196911
2023-06-22 14:53:19,263 I event_name:Create1155RaribleUserProxy,from_block:17516163, to_block:17517163, current_block_height:17533507
2023-06-22 14:53:19,267 I contract_address:0x6a26E902E41B31c91701bBbf33773Ead8BF1691d,event_name:Create1155RaribleUserProxy,from_block:17516163, to_block:17517163, current_block_height:17533507
2023-06-22 14:53:20,314 I event_name:Create1155RaribleUserProxy,from_block:42383009, to_block:42384009, current_block_height:44196916
2023-06-22 14:53:20,317 I contract_address:0xfa63EA28fB0F6901d76E9B418eB4350281a89c62,event_name:Create1155RaribleUserProxy,from_block:42383009, to_block:42384009, current_block_height:44196916
2023-06-22 14:53:26,367 I event_name:TransferSingle,from_block:17517164, to_block:17518164, current_block_height:17533508
2023-06-22 14:53:26,370 I contract_address:0xB66a603f4cFe17e3D27B87a8BfCaD319856518B8,event_name:TransferSingle,from_block:17517164, to_block:17518164, current_block_height:17533508
2023-06-22 14:53:27,059 I event_name:TransferBatch,from_block:17517164, to_block:17518164, current_block_height:17533508
2023-06-22 14:53:27,063 I contract_address:0xB66a603f4cFe17e3D27B87a8BfCaD319856518B8,event_name:TransferBatch,from_block:17517164, to_block:17518164, current_block_height:17533508
2023-06-22 14:53:29,029 I event_name:TransferSingle,from_block:42384010, to_block:42385010, current_block_height:44196921
2023-06-22 14:53:29,034 I contract_address:0xA2D9Ded6115b7B7208459450D676f0127418ae7A,event_name:TransferSingle,from_block:42384010, to_block:42385010, current_block_height:44196921
2023-06-22 14:53:34,908 I event_name:TransferBatch,from_block:42384010, to_block:42385010, current_block_height:44196921
2023-06-22 14:53:34,910 I contract_address:0xA2D9Ded6115b7B7208459450D676f0127418ae7A,event_name:TransferBatch,from_block:42384010, to_block:42385010, current_block_height:44196921
2023-06-22 14:53:37,017 I event_name:Create1155RaribleUserProxy,from_block:17517164, to_block:17518164, current_block_height:17533508
2023-06-22 14:53:37,018 I contract_address:0x6a26E902E41B31c91701bBbf33773Ead8BF1691d,event_name:Create1155RaribleUserProxy,from_block:17517164, to_block:17518164, current_block_height:17533508
2023-06-22 14:54:18,895 I event_name:TransferSingle,from_block:17506153, to_block:17507153, current_block_height:17533512
2023-06-22 14:54:18,896 I contract_address:0xB66a603f4cFe17e3D27B87a8BfCaD319856518B8,event_name:TransferSingle,from_block:17506153, to_block:17507153, current_block_height:17533512
2023-06-22 14:54:20,349 I event_name:TransferBatch,from_block:17506153, to_block:17507153, current_block_height:17533512
2023-06-22 14:54:20,350 I contract_address:0xB66a603f4cFe17e3D27B87a8BfCaD319856518B8,event_name:TransferBatch,from_block:17506153, to_block:17507153, current_block_height:17533512
2023-06-22 14:54:24,983 I event_name:TransferSingle,from_block:42372999, to_block:42373999, current_block_height:44196946
2023-06-22 14:54:24,987 I contract_address:0xA2D9Ded6115b7B7208459450D676f0127418ae7A,event_name:TransferSingle,from_block:42372999, to_block:42373999, current_block_height:44196946
2023-06-22 14:54:26,552 I event_name:TransferBatch,from_block:42372999, to_block:42373999, current_block_height:44196946
2023-06-22 14:54:26,553 I contract_address:0xA2D9Ded6115b7B7208459450D676f0127418ae7A,event_name:TransferBatch,from_block:42372999, to_block:42373999, current_block_height:44196946
2023-06-22 14:54:28,537 I event_name:Create1155RaribleUserProxy,from_block:17506153, to_block:17507153, current_block_height:17533513
2023-06-22 14:54:28,541 I contract_address:0x6a26E902E41B31c91701bBbf33773Ead8BF1691d,event_name:Create1155RaribleUserProxy,from_block:17506153, to_block:17507153, current_block_height:17533513
2023-06-22 14:54:31,216 I event_name:Create1155RaribleUserProxy,from_block:42372999, to_block:42373999, current_block_height:44196949
2023-06-22 14:54:31,219 I contract_address:0xfa63EA28fB0F6901d76E9B418eB4350281a89c62,event_name:Create1155RaribleUserProxy,from_block:42372999, to_block:42373999, current_block_height:44196949
2023-06-22 14:54:37,278 I event_name:TransferSingle,from_block:17507154, to_block:17508154, current_block_height:17533513
2023-06-22 14:54:37,280 I contract_address:0xB66a603f4cFe17e3D27B87a8BfCaD319856518B8,event_name:TransferSingle,from_block:17507154, to_block:17508154, current_block_height:17533513
2023-06-22 14:54:37,956 I event_name:TransferBatch,from_block:17507154, to_block:17508154, current_block_height:17533513
2023-06-22 14:54:37,959 I contract_address:0xB66a603f4cFe17e3D27B87a8BfCaD319856518B8,event_name:TransferBatch,from_block:17507154, to_block:17508154, current_block_height:17533513
2023-06-22 14:54:39,273 I event_name:TransferSingle,from_block:42374000, to_block:42375000, current_block_height:44196954
2023-06-22 14:54:39,275 I contract_address:0xA2D9Ded6115b7B7208459450D676f0127418ae7A,event_name:TransferSingle,from_block:42374000, to_block:42375000, current_block_height:44196954
2023-06-22 14:54:52,450 I event_name:TransferBatch,from_block:42374000, to_block:42375000, current_block_height:44196954
2023-06-22 14:54:52,451 I contract_address:0xA2D9Ded6115b7B7208459450D676f0127418ae7A,event_name:TransferBatch,from_block:42374000, to_block:42375000, current_block_height:44196954
2023-06-22 14:54:54,741 I event_name:Create1155RaribleUserProxy,from_block:17507154, to_block:17508154, current_block_height:17533515
2023-06-22 14:54:54,742 I contract_address:0x6a26E902E41B31c91701bBbf33773Ead8BF1691d,event_name:Create1155RaribleUserProxy,from_block:17507154, to_block:17508154, current_block_height:17533515
2023-06-22 14:54:56,071 I event_name:Create1155RaribleUserProxy,from_block:42374000, to_block:42375000, current_block_height:44196960
2023-06-22 14:54:56,074 I contract_address:0xfa63EA28fB0F6901d76E9B418eB4350281a89c62,event_name:Create1155RaribleUserProxy,from_block:42374000, to_block:42375000, current_block_height:44196960
2023-06-22 14:55:02,107 I event_name:TransferSingle,from_block:17508155, to_block:17509155, current_block_height:17533516
2023-06-22 14:55:02,108 I contract_address:0xB66a603f4cFe17e3D27B87a8BfCaD319856518B8,event_name:TransferSingle,from_block:17508155, to_block:17509155, current_block_height:17533516
2023-06-22 14:55:03,422 I event_name:TransferBatch,from_block:17508155, to_block:17509155, current_block_height:17533516
2023-06-22 14:55:03,425 I contract_address:0xB66a603f4cFe17e3D27B87a8BfCaD319856518B8,event_name:TransferBatch,from_block:17508155, to_block:17509155, current_block_height:17533516
2023-06-22 14:55:04,685 I event_name:TransferSingle,from_block:42375001, to_block:42376001, current_block_height:44196962
2023-06-22 14:55:04,686 I contract_address:0xA2D9Ded6115b7B7208459450D676f0127418ae7A,event_name:TransferSingle,from_block:42375001, to_block:42376001, current_block_height:44196962
2023-06-22 14:55:05,751 I event_name:TransferBatch,from_block:42375001, to_block:42376001, current_block_height:44196962
2023-06-22 14:55:05,752 I contract_address:0xA2D9Ded6115b7B7208459450D676f0127418ae7A,event_name:TransferBatch,from_block:42375001, to_block:42376001, current_block_height:44196962
2023-06-22 14:55:07,566 I event_name:Create1155RaribleUserProxy,from_block:17508155, to_block:17509155, current_block_height:17533516
2023-06-22 14:55:07,568 I contract_address:0x6a26E902E41B31c91701bBbf33773Ead8BF1691d,event_name:Create1155RaribleUserProxy,from_block:17508155, to_block:17509155, current_block_height:17533516
2023-06-22 14:55:09,628 I event_name:Create1155RaribleUserProxy,from_block:42375001, to_block:42376001, current_block_height:44196963
2023-06-22 14:55:09,630 I contract_address:0xfa63EA28fB0F6901d76E9B418eB4350281a89c62,event_name:Create1155RaribleUserProxy,from_block:42375001, to_block:42376001, current_block_height:44196963
2023-06-22 14:55:16,101 I event_name:TransferSingle,from_block:17509156, to_block:17510156, current_block_height:17533517
2023-06-22 14:55:16,102 I contract_address:0xB66a603f4cFe17e3D27B87a8BfCaD319856518B8,event_name:TransferSingle,from_block:17509156, to_block:17510156, current_block_height:17533517
2023-06-22 14:55:16,763 I event_name:TransferBatch,from_block:17509156, to_block:17510156, current_block_height:17533517
2023-06-22 14:55:16,765 I contract_address:0xB66a603f4cFe17e3D27B87a8BfCaD319856518B8,event_name:TransferBatch,from_block:17509156, to_block:17510156, current_block_height:17533517
2023-06-22 14:55:18,410 I event_name:TransferSingle,from_block:42376002, to_block:42377002, current_block_height:44196965
2023-06-22 14:55:18,412 I contract_address:0xA2D9Ded6115b7B7208459450D676f0127418ae7A,event_name:TransferSingle,from_block:42376002, to_block:42377002, current_block_height:44196965
2023-06-22 14:55:19,289 I event_name:TransferBatch,from_block:42376002, to_block:42377002, current_block_height:44196965
2023-06-22 14:55:19,290 I contract_address:0xA2D9Ded6115b7B7208459450D676f0127418ae7A,event_name:TransferBatch,from_block:42376002, to_block:42377002, current_block_height:44196965
2023-06-22 14:55:20,312 I event_name:Create1155RaribleUserProxy,from_block:17509156, to_block:17510156, current_block_height:17533517
2023-06-22 14:55:20,313 I contract_address:0x6a26E902E41B31c91701bBbf33773Ead8BF1691d,event_name:Create1155RaribleUserProxy,from_block:17509156, to_block:17510156, current_block_height:17533517
2023-06-22 14:55:21,606 I event_name:Create1155RaribleUserProxy,from_block:42376002, to_block:42377002, current_block_height:44196966
2023-06-22 14:55:21,611 I contract_address:0xfa63EA28fB0F6901d76E9B418eB4350281a89c62,event_name:Create1155RaribleUserProxy,from_block:42376002, to_block:42377002, current_block_height:44196966
2023-06-22 14:55:27,917 I event_name:TransferSingle,from_block:17510157, to_block:17511157, current_block_height:17533518
2023-06-22 14:55:27,918 I contract_address:0xB66a603f4cFe17e3D27B87a8BfCaD319856518B8,event_name:TransferSingle,from_block:17510157, to_block:17511157, current_block_height:17533518
2023-06-22 14:55:28,814 I event_name:TransferBatch,from_block:17510157, to_block:17511157, current_block_height:17533518
2023-06-22 14:55:28,818 I contract_address:0xB66a603f4cFe17e3D27B87a8BfCaD319856518B8,event_name:TransferBatch,from_block:17510157, to_block:17511157, current_block_height:17533518
2023-06-22 14:55:29,860 I event_name:TransferSingle,from_block:42377003, to_block:42378003, current_block_height:44196968
2023-06-22 14:55:29,861 I contract_address:0xA2D9Ded6115b7B7208459450D676f0127418ae7A,event_name:TransferSingle,from_block:42377003, to_block:42378003, current_block_height:44196968
2023-06-22 14:55:30,838 I event_name:TransferBatch,from_block:42377003, to_block:42378003, current_block_height:44196968
2023-06-22 14:55:30,839 I contract_address:0xA2D9Ded6115b7B7208459450D676f0127418ae7A,event_name:TransferBatch,from_block:42377003, to_block:42378003, current_block_height:44196968
2023-06-22 14:55:32,048 I event_name:Create1155RaribleUserProxy,from_block:17510157, to_block:17511157, current_block_height:17533518
2023-06-22 14:55:32,049 I contract_address:0x6a26E902E41B31c91701bBbf33773Ead8BF1691d,event_name:Create1155RaribleUserProxy,from_block:17510157, to_block:17511157, current_block_height:17533518
2023-06-22 14:55:33,231 I event_name:Create1155RaribleUserProxy,from_block:42377003, to_block:42378003, current_block_height:44196969
2023-06-22 14:55:33,233 I contract_address:0xfa63EA28fB0F6901d76E9B418eB4350281a89c62,event_name:Create1155RaribleUserProxy,from_block:42377003, to_block:42378003, current_block_height:44196969
2023-06-22 16:28:23,450 I event_name:TransferSingle,from_block:17511158, to_block:17512158, current_block_height:17533976
2023-06-22 16:28:23,452 I contract_address:0xB66a603f4cFe17e3D27B87a8BfCaD319856518B8,event_name:TransferSingle,from_block:17511158, to_block:17512158, current_block_height:17533976
2023-06-22 16:28:24,258 I event_name:TransferBatch,from_block:17511158, to_block:17512158, current_block_height:17533976
2023-06-22 16:28:24,259 I contract_address:0xB66a603f4cFe17e3D27B87a8BfCaD319856518B8,event_name:TransferBatch,from_block:17511158, to_block:17512158, current_block_height:17533976
2023-06-22 16:28:37,085 I event_name:TransferSingle,from_block:17512159, to_block:17513159, current_block_height:17533978
2023-06-22 16:28:37,087 I contract_address:0xB66a603f4cFe17e3D27B87a8BfCaD319856518B8,event_name:TransferSingle,from_block:17512159, to_block:17513159, current_block_height:17533978
2023-06-22 16:28:37,739 I event_name:TransferBatch,from_block:17512159, to_block:17513159, current_block_height:17533978
2023-06-22 16:28:37,741 I contract_address:0xB66a603f4cFe17e3D27B87a8BfCaD319856518B8,event_name:TransferBatch,from_block:17512159, to_block:17513159, current_block_height:17533978
2023-06-22 16:28:45,565 I event_name:TransferSingle,from_block:42378004, to_block:42379004, current_block_height:44199496
2023-06-22 16:28:45,567 I contract_address:0xA2D9Ded6115b7B7208459450D676f0127418ae7A,event_name:TransferSingle,from_block:42378004, to_block:42379004, current_block_height:44199496
2023-06-22 16:28:47,444 I event_name:TransferBatch,from_block:42378004, to_block:42379004, current_block_height:44199496
2023-06-22 16:28:47,445 I contract_address:0xA2D9Ded6115b7B7208459450D676f0127418ae7A,event_name:TransferBatch,from_block:42378004, to_block:42379004, current_block_height:44199496
2023-06-22 16:28:53,627 I event_name:Create1155RaribleUserProxy,from_block:17511158, to_block:17512158, current_block_height:17533979
2023-06-22 16:28:53,630 I contract_address:0x6a26E902E41B31c91701bBbf33773Ead8BF1691d,event_name:Create1155RaribleUserProxy,from_block:17511158, to_block:17512158, current_block_height:17533979
2023-06-22 16:29:00,291 I event_name:Create1155RaribleUserProxy,from_block:42378004, to_block:42379004, current_block_height:44199502
2023-06-22 16:29:00,293 I contract_address:0xfa63EA28fB0F6901d76E9B418eB4350281a89c62,event_name:Create1155RaribleUserProxy,from_block:42378004, to_block:42379004, current_block_height:44199502
2023-06-22 16:29:11,447 I event_name:TransferSingle,from_block:17513160, to_block:17514160, current_block_height:17533980
2023-06-22 16:29:11,449 I contract_address:0xB66a603f4cFe17e3D27B87a8BfCaD319856518B8,event_name:TransferSingle,from_block:17513160, to_block:17514160, current_block_height:17533980
2023-06-22 16:29:12,310 I event_name:TransferBatch,from_block:17513160, to_block:17514160, current_block_height:17533980
2023-06-22 16:29:12,311 I contract_address:0xB66a603f4cFe17e3D27B87a8BfCaD319856518B8,event_name:TransferBatch,from_block:17513160, to_block:17514160, current_block_height:17533980
2023-06-22 16:29:19,124 I event_name:TransferSingle,from_block:42379005, to_block:42380005, current_block_height:44199512
2023-06-22 16:29:19,126 I contract_address:0xA2D9Ded6115b7B7208459450D676f0127418ae7A,event_name:TransferSingle,from_block:42379005, to_block:42380005, current_block_height:44199512
2023-06-22 16:29:20,208 I event_name:TransferBatch,from_block:42379005, to_block:42380005, current_block_height:44199512
2023-06-22 16:29:20,209 I contract_address:0xA2D9Ded6115b7B7208459450D676f0127418ae7A,event_name:TransferBatch,from_block:42379005, to_block:42380005, current_block_height:44199512
2023-06-22 16:29:26,260 I event_name:Create1155RaribleUserProxy,from_block:17512159, to_block:17513159, current_block_height:17533982
2023-06-22 16:29:26,261 I contract_address:0x6a26E902E41B31c91701bBbf33773Ead8BF1691d,event_name:Create1155RaribleUserProxy,from_block:17512159, to_block:17513159, current_block_height:17533982
