2023-06-25 16:05:01,743 I event_name:TransferSingle,from_block:17535182, to_block:17536182, current_block_height:17555191
2023-06-25 16:05:01,743 I event_name:TransferSingle,from_block:17535182, to_block:17536182, current_block_height:17555191
2023-06-25 16:05:01,747 I contract_address:0xB66a603f4cFe17e3D27B87a8BfCaD319856518B8,event_name:TransferSingle,from_block:17535182, to_block:17536182, current_block_height:17555191
2023-06-25 16:05:02,791 I event_name:TransferSingle,from_block:42402028, to_block:42403028, current_block_height:44313993
2023-06-25 16:05:02,792 I event_name:TransferSingle,from_block:42402028, to_block:42403028, current_block_height:44313993
2023-06-25 16:05:02,793 I contract_address:0xA2D9Ded6115b7B7208459450D676f0127418ae7A,event_name:TransferSingle,from_block:42402028, to_block:42403028, current_block_height:44313993
2023-06-25 16:05:04,040 I event_name:TransferBatch,from_block:17535182, to_block:17536182, current_block_height:17555191
2023-06-25 16:05:04,041 I event_name:TransferBatch,from_block:17535182, to_block:17536182, current_block_height:17555191
2023-06-25 16:05:04,041 I contract_address:0xB66a603f4cFe17e3D27B87a8BfCaD319856518B8,event_name:TransferBatch,from_block:17535182, to_block:17536182, current_block_height:17555191
2023-06-25 16:05:05,120 I event_name:TransferBatch,from_block:42402028, to_block:42403028, current_block_height:44313993
2023-06-25 16:05:05,121 I event_name:TransferBatch,from_block:42402028, to_block:42403028, current_block_height:44313993
2023-06-25 16:05:05,123 I contract_address:0xA2D9Ded6115b7B7208459450D676f0127418ae7A,event_name:TransferBatch,from_block:42402028, to_block:42403028, current_block_height:44313993
2023-06-25 16:05:07,785 I event_name:Create1155RaribleUserProxy,from_block:17535182, to_block:17536182, current_block_height:17555192
2023-06-25 16:05:07,786 I event_name:Create1155RaribleUserProxy,from_block:17535182, to_block:17536182, current_block_height:17555192
2023-06-25 16:05:07,790 I contract_address:0x6a26E902E41B31c91701bBbf33773Ead8BF1691d,event_name:Create1155RaribleUserProxy,from_block:17535182, to_block:17536182, current_block_height:17555192
2023-06-25 16:05:09,006 I event_name:Create1155RaribleUserProxy,from_block:42402028, to_block:42403028, current_block_height:44313996
2023-06-25 16:05:09,007 I event_name:Create1155RaribleUserProxy,from_block:42402028, to_block:42403028, current_block_height:44313996
2023-06-25 16:05:09,009 I contract_address:0xfa63EA28fB0F6901d76E9B418eB4350281a89c62,event_name:Create1155RaribleUserProxy,from_block:42402028, to_block:42403028, current_block_height:44313996
2023-06-25 16:05:16,283 I event_name:TransferSingle,from_block:17536183, to_block:17537183, current_block_height:17555193
2023-06-25 16:05:16,283 I event_name:TransferSingle,from_block:17536183, to_block:17537183, current_block_height:17555193
2023-06-25 16:05:16,285 I contract_address:0xB66a603f4cFe17e3D27B87a8BfCaD319856518B8,event_name:TransferSingle,from_block:17536183, to_block:17537183, current_block_height:17555193
2023-06-25 16:05:17,329 I event_name:TransferSingle,from_block:42403029, to_block:42404029, current_block_height:44313999
2023-06-25 16:05:17,329 I event_name:TransferSingle,from_block:42403029, to_block:42404029, current_block_height:44313999
2023-06-25 16:05:17,331 I contract_address:0xA2D9Ded6115b7B7208459450D676f0127418ae7A,event_name:TransferSingle,from_block:42403029, to_block:42404029, current_block_height:44313999
2023-06-25 16:05:18,679 I event_name:TransferBatch,from_block:17536183, to_block:17537183, current_block_height:17555193
2023-06-25 16:05:18,680 I event_name:TransferBatch,from_block:17536183, to_block:17537183, current_block_height:17555193
2023-06-25 16:05:18,681 I contract_address:0xB66a603f4cFe17e3D27B87a8BfCaD319856518B8,event_name:TransferBatch,from_block:17536183, to_block:17537183, current_block_height:17555193
2023-06-25 16:05:20,095 I event_name:TransferBatch,from_block:42403029, to_block:42404029, current_block_height:44313999
2023-06-25 16:05:20,096 I event_name:TransferBatch,from_block:42403029, to_block:42404029, current_block_height:44313999
2023-06-25 16:05:20,098 I contract_address:0xA2D9Ded6115b7B7208459450D676f0127418ae7A,event_name:TransferBatch,from_block:42403029, to_block:42404029, current_block_height:44313999
2023-06-25 16:05:22,528 I event_name:Create1155RaribleUserProxy,from_block:17536183, to_block:17537183, current_block_height:17555193
2023-06-25 16:05:22,528 I event_name:Create1155RaribleUserProxy,from_block:17536183, to_block:17537183, current_block_height:17555193
2023-06-25 16:05:22,530 I contract_address:0x6a26E902E41B31c91701bBbf33773Ead8BF1691d,event_name:Create1155RaribleUserProxy,from_block:17536183, to_block:17537183, current_block_height:17555193
2023-06-25 16:05:23,549 I event_name:Create1155RaribleUserProxy,from_block:42403029, to_block:42404029, current_block_height:44314001
2023-06-25 16:05:23,549 I event_name:Create1155RaribleUserProxy,from_block:42403029, to_block:42404029, current_block_height:44314001
2023-06-25 16:05:23,551 I contract_address:0xfa63EA28fB0F6901d76E9B418eB4350281a89c62,event_name:Create1155RaribleUserProxy,from_block:42403029, to_block:42404029, current_block_height:44314001
2023-06-25 16:05:30,718 I event_name:TransferSingle,from_block:17537184, to_block:17538184, current_block_height:17555194
2023-06-25 16:05:30,718 I event_name:TransferSingle,from_block:17537184, to_block:17538184, current_block_height:17555194
2023-06-25 16:05:30,720 I contract_address:0xB66a603f4cFe17e3D27B87a8BfCaD319856518B8,event_name:TransferSingle,from_block:17537184, to_block:17538184, current_block_height:17555194
2023-06-25 16:05:31,845 I event_name:TransferSingle,from_block:42404030, to_block:42405030, current_block_height:44314005
2023-06-25 16:05:31,845 I event_name:TransferSingle,from_block:42404030, to_block:42405030, current_block_height:44314005
2023-06-25 16:05:31,846 I contract_address:0xA2D9Ded6115b7B7208459450D676f0127418ae7A,event_name:TransferSingle,from_block:42404030, to_block:42405030, current_block_height:44314005
2023-06-25 16:05:33,727 I event_name:TransferBatch,from_block:17537184, to_block:17538184, current_block_height:17555194
2023-06-25 16:05:33,727 I event_name:TransferBatch,from_block:17537184, to_block:17538184, current_block_height:17555194
2023-06-25 16:05:33,728 I contract_address:0xB66a603f4cFe17e3D27B87a8BfCaD319856518B8,event_name:TransferBatch,from_block:17537184, to_block:17538184, current_block_height:17555194
2023-06-25 16:05:34,733 I event_name:TransferBatch,from_block:42404030, to_block:42405030, current_block_height:44314005
2023-06-25 16:05:34,733 I event_name:TransferBatch,from_block:42404030, to_block:42405030, current_block_height:44314005
2023-06-25 16:05:34,735 I contract_address:0xA2D9Ded6115b7B7208459450D676f0127418ae7A,event_name:TransferBatch,from_block:42404030, to_block:42405030, current_block_height:44314005
2023-06-25 16:05:36,762 I event_name:Create1155RaribleUserProxy,from_block:17537184, to_block:17538184, current_block_height:17555194
2023-06-25 16:05:36,762 I event_name:Create1155RaribleUserProxy,from_block:17537184, to_block:17538184, current_block_height:17555194
2023-06-25 16:05:36,764 I contract_address:0x6a26E902E41B31c91701bBbf33773Ead8BF1691d,event_name:Create1155RaribleUserProxy,from_block:17537184, to_block:17538184, current_block_height:17555194
2023-06-25 16:05:37,787 I event_name:Create1155RaribleUserProxy,from_block:42404030, to_block:42405030, current_block_height:44314009
2023-06-25 16:05:37,787 I event_name:Create1155RaribleUserProxy,from_block:42404030, to_block:42405030, current_block_height:44314009
2023-06-25 16:05:37,789 I contract_address:0xfa63EA28fB0F6901d76E9B418eB4350281a89c62,event_name:Create1155RaribleUserProxy,from_block:42404030, to_block:42405030, current_block_height:44314009
2023-06-25 16:05:44,856 I event_name:TransferSingle,from_block:17538185, to_block:17539185, current_block_height:17555195
2023-06-25 16:05:44,856 I event_name:TransferSingle,from_block:17538185, to_block:17539185, current_block_height:17555195
2023-06-25 16:05:44,858 I contract_address:0xB66a603f4cFe17e3D27B87a8BfCaD319856518B8,event_name:TransferSingle,from_block:17538185, to_block:17539185, current_block_height:17555195
2023-06-25 16:05:46,327 I event_name:TransferSingle,from_block:42405031, to_block:42406031, current_block_height:44314013
2023-06-25 16:05:46,328 I event_name:TransferSingle,from_block:42405031, to_block:42406031, current_block_height:44314013
2023-06-25 16:05:46,330 I contract_address:0xA2D9Ded6115b7B7208459450D676f0127418ae7A,event_name:TransferSingle,from_block:42405031, to_block:42406031, current_block_height:44314013
2023-06-25 16:05:47,511 I event_name:TransferBatch,from_block:17538185, to_block:17539185, current_block_height:17555195
2023-06-25 16:05:47,511 I event_name:TransferBatch,from_block:17538185, to_block:17539185, current_block_height:17555195
2023-06-25 16:05:47,513 I contract_address:0xB66a603f4cFe17e3D27B87a8BfCaD319856518B8,event_name:TransferBatch,from_block:17538185, to_block:17539185, current_block_height:17555195
2023-06-25 16:05:49,047 I event_name:TransferBatch,from_block:42405031, to_block:42406031, current_block_height:44314013
2023-06-25 16:05:49,047 I event_name:TransferBatch,from_block:42405031, to_block:42406031, current_block_height:44314013
2023-06-25 16:05:49,049 I contract_address:0xA2D9Ded6115b7B7208459450D676f0127418ae7A,event_name:TransferBatch,from_block:42405031, to_block:42406031, current_block_height:44314013
2023-06-25 16:05:51,393 I event_name:Create1155RaribleUserProxy,from_block:17538185, to_block:17539185, current_block_height:17555196
2023-06-25 16:05:51,393 I event_name:Create1155RaribleUserProxy,from_block:17538185, to_block:17539185, current_block_height:17555196
2023-06-25 16:05:51,395 I contract_address:0x6a26E902E41B31c91701bBbf33773Ead8BF1691d,event_name:Create1155RaribleUserProxy,from_block:17538185, to_block:17539185, current_block_height:17555196
2023-06-25 16:05:52,433 I event_name:Create1155RaribleUserProxy,from_block:42405031, to_block:42406031, current_block_height:44314014
2023-06-25 16:05:52,433 I event_name:Create1155RaribleUserProxy,from_block:42405031, to_block:42406031, current_block_height:44314014
2023-06-25 16:05:52,434 I contract_address:0xfa63EA28fB0F6901d76E9B418eB4350281a89c62,event_name:Create1155RaribleUserProxy,from_block:42405031, to_block:42406031, current_block_height:44314014
2023-06-25 16:05:59,497 I event_name:TransferSingle,from_block:17539186, to_block:17540186, current_block_height:17555196
2023-06-25 16:05:59,497 I event_name:TransferSingle,from_block:17539186, to_block:17540186, current_block_height:17555196
2023-06-25 16:05:59,499 I contract_address:0xB66a603f4cFe17e3D27B87a8BfCaD319856518B8,event_name:TransferSingle,from_block:17539186, to_block:17540186, current_block_height:17555196
2023-06-25 16:06:00,518 I event_name:TransferSingle,from_block:42406032, to_block:42407032, current_block_height:44314017
2023-06-25 16:06:00,518 I event_name:TransferSingle,from_block:42406032, to_block:42407032, current_block_height:44314017
2023-06-25 16:06:00,520 I contract_address:0xA2D9Ded6115b7B7208459450D676f0127418ae7A,event_name:TransferSingle,from_block:42406032, to_block:42407032, current_block_height:44314017
2023-06-25 16:06:01,542 I event_name:TransferBatch,from_block:17539186, to_block:17540186, current_block_height:17555196
2023-06-25 16:06:01,542 I event_name:TransferBatch,from_block:17539186, to_block:17540186, current_block_height:17555196
2023-06-25 16:06:01,544 I contract_address:0xB66a603f4cFe17e3D27B87a8BfCaD319856518B8,event_name:TransferBatch,from_block:17539186, to_block:17540186, current_block_height:17555196
2023-06-25 16:06:02,847 I event_name:TransferBatch,from_block:42406032, to_block:42407032, current_block_height:44314017
2023-06-25 16:06:02,848 I event_name:TransferBatch,from_block:42406032, to_block:42407032, current_block_height:44314017
2023-06-25 16:06:02,850 I contract_address:0xA2D9Ded6115b7B7208459450D676f0127418ae7A,event_name:TransferBatch,from_block:42406032, to_block:42407032, current_block_height:44314017
2023-06-25 16:06:05,028 I event_name:Create1155RaribleUserProxy,from_block:17539186, to_block:17540186, current_block_height:17555197
2023-06-25 16:06:05,029 I event_name:Create1155RaribleUserProxy,from_block:17539186, to_block:17540186, current_block_height:17555197
2023-06-25 16:06:05,030 I contract_address:0x6a26E902E41B31c91701bBbf33773Ead8BF1691d,event_name:Create1155RaribleUserProxy,from_block:17539186, to_block:17540186, current_block_height:17555197
2023-06-25 16:06:06,005 I event_name:Create1155RaribleUserProxy,from_block:42406032, to_block:42407032, current_block_height:44314018
2023-06-25 16:06:06,005 I event_name:Create1155RaribleUserProxy,from_block:42406032, to_block:42407032, current_block_height:44314018
2023-06-25 16:06:06,007 I contract_address:0xfa63EA28fB0F6901d76E9B418eB4350281a89c62,event_name:Create1155RaribleUserProxy,from_block:42406032, to_block:42407032, current_block_height:44314018
2023-06-25 16:06:13,178 I event_name:TransferSingle,from_block:17540187, to_block:17541187, current_block_height:17555197
2023-06-25 16:06:13,178 I event_name:TransferSingle,from_block:17540187, to_block:17541187, current_block_height:17555197
2023-06-25 16:06:13,179 I contract_address:0xB66a603f4cFe17e3D27B87a8BfCaD319856518B8,event_name:TransferSingle,from_block:17540187, to_block:17541187, current_block_height:17555197
2023-06-25 16:06:14,243 I event_name:TransferSingle,from_block:42407033, to_block:42408033, current_block_height:44314022
2023-06-25 16:06:14,244 I event_name:TransferSingle,from_block:42407033, to_block:42408033, current_block_height:44314022
2023-06-25 16:06:14,245 I contract_address:0xA2D9Ded6115b7B7208459450D676f0127418ae7A,event_name:TransferSingle,from_block:42407033, to_block:42408033, current_block_height:44314022
2023-06-25 16:06:15,304 I event_name:TransferBatch,from_block:17540187, to_block:17541187, current_block_height:17555197
2023-06-25 16:06:15,304 I event_name:TransferBatch,from_block:17540187, to_block:17541187, current_block_height:17555197
2023-06-25 16:06:15,305 I contract_address:0xB66a603f4cFe17e3D27B87a8BfCaD319856518B8,event_name:TransferBatch,from_block:17540187, to_block:17541187, current_block_height:17555197
2023-06-25 16:06:16,287 I event_name:TransferBatch,from_block:42407033, to_block:42408033, current_block_height:44314022
2023-06-25 16:06:16,287 I event_name:TransferBatch,from_block:42407033, to_block:42408033, current_block_height:44314022
2023-06-25 16:06:16,288 I contract_address:0xA2D9Ded6115b7B7208459450D676f0127418ae7A,event_name:TransferBatch,from_block:42407033, to_block:42408033, current_block_height:44314022
2023-06-25 16:06:18,484 I event_name:Create1155RaribleUserProxy,from_block:17540187, to_block:17541187, current_block_height:17555198
2023-06-25 16:06:18,484 I event_name:Create1155RaribleUserProxy,from_block:17540187, to_block:17541187, current_block_height:17555198
2023-06-25 16:06:18,486 I contract_address:0x6a26E902E41B31c91701bBbf33773Ead8BF1691d,event_name:Create1155RaribleUserProxy,from_block:17540187, to_block:17541187, current_block_height:17555198
2023-06-25 16:06:19,465 I event_name:Create1155RaribleUserProxy,from_block:42407033, to_block:42408033, current_block_height:44314025
2023-06-25 16:06:19,465 I event_name:Create1155RaribleUserProxy,from_block:42407033, to_block:42408033, current_block_height:44314025
2023-06-25 16:06:19,467 I contract_address:0xfa63EA28fB0F6901d76E9B418eB4350281a89c62,event_name:Create1155RaribleUserProxy,from_block:42407033, to_block:42408033, current_block_height:44314025
2023-06-25 16:06:27,244 I event_name:TransferSingle,from_block:17541188, to_block:17542188, current_block_height:17555199
2023-06-25 16:06:27,244 I event_name:TransferSingle,from_block:17541188, to_block:17542188, current_block_height:17555199
2023-06-25 16:06:27,245 I contract_address:0xB66a603f4cFe17e3D27B87a8BfCaD319856518B8,event_name:TransferSingle,from_block:17541188, to_block:17542188, current_block_height:17555199
2023-06-25 16:06:28,374 I event_name:TransferSingle,from_block:42408034, to_block:42409034, current_block_height:44314029
2023-06-25 16:06:28,374 I event_name:TransferSingle,from_block:42408034, to_block:42409034, current_block_height:44314029
2023-06-25 16:06:28,377 I contract_address:0xA2D9Ded6115b7B7208459450D676f0127418ae7A,event_name:TransferSingle,from_block:42408034, to_block:42409034, current_block_height:44314029
2023-06-25 16:06:29,599 I event_name:TransferBatch,from_block:17541188, to_block:17542188, current_block_height:17555199
2023-06-25 16:06:29,600 I event_name:TransferBatch,from_block:17541188, to_block:17542188, current_block_height:17555199
2023-06-25 16:06:29,601 I contract_address:0xB66a603f4cFe17e3D27B87a8BfCaD319856518B8,event_name:TransferBatch,from_block:17541188, to_block:17542188, current_block_height:17555199
2023-06-25 16:06:35,854 I event_name:TransferSingle,from_block:17542189, to_block:17543189, current_block_height:17555199
2023-06-25 16:06:35,857 I contract_address:0xB66a603f4cFe17e3D27B87a8BfCaD319856518B8,event_name:TransferSingle,from_block:17542189, to_block:17543189, current_block_height:17555199
2023-06-25 16:06:36,876 I event_name:TransferSingle,from_block:42409035, to_block:42410035, current_block_height:44314032
2023-06-25 16:06:36,877 I contract_address:0xA2D9Ded6115b7B7208459450D676f0127418ae7A,event_name:TransferSingle,from_block:42409035, to_block:42410035, current_block_height:44314032
2023-06-25 16:06:37,875 I event_name:TransferBatch,from_block:17541188, to_block:17542188, current_block_height:17555199
2023-06-25 16:06:37,878 I contract_address:0xB66a603f4cFe17e3D27B87a8BfCaD319856518B8,event_name:TransferBatch,from_block:17541188, to_block:17542188, current_block_height:17555199
2023-06-25 16:06:39,224 I event_name:TransferBatch,from_block:42408034, to_block:42409034, current_block_height:44314032
2023-06-25 16:06:39,225 I contract_address:0xA2D9Ded6115b7B7208459450D676f0127418ae7A,event_name:TransferBatch,from_block:42408034, to_block:42409034, current_block_height:44314032
2023-06-25 16:06:41,271 I event_name:Create1155RaribleUserProxy,from_block:17541188, to_block:17542188, current_block_height:17555200
2023-06-25 16:06:41,272 I contract_address:0x6a26E902E41B31c91701bBbf33773Ead8BF1691d,event_name:Create1155RaribleUserProxy,from_block:17541188, to_block:17542188, current_block_height:17555200
2023-06-25 16:06:42,959 I event_name:Create1155RaribleUserProxy,from_block:42408034, to_block:42409034, current_block_height:44314035
2023-06-25 16:06:42,962 I contract_address:0xfa63EA28fB0F6901d76E9B418eB4350281a89c62,event_name:Create1155RaribleUserProxy,from_block:42408034, to_block:42409034, current_block_height:44314035
2023-06-25 16:06:50,495 I event_name:TransferSingle,from_block:17543190, to_block:17544190, current_block_height:17555201
2023-06-25 16:06:50,497 I contract_address:0xB66a603f4cFe17e3D27B87a8BfCaD319856518B8,event_name:TransferSingle,from_block:17543190, to_block:17544190, current_block_height:17555201
2023-06-25 16:06:52,334 I event_name:TransferSingle,from_block:42410036, to_block:42411036, current_block_height:44314040
2023-06-25 16:06:52,337 I contract_address:0xA2D9Ded6115b7B7208459450D676f0127418ae7A,event_name:TransferSingle,from_block:42410036, to_block:42411036, current_block_height:44314040
2023-06-25 16:06:53,464 I event_name:TransferBatch,from_block:17542189, to_block:17543189, current_block_height:17555201
2023-06-25 16:06:53,467 I contract_address:0xB66a603f4cFe17e3D27B87a8BfCaD319856518B8,event_name:TransferBatch,from_block:17542189, to_block:17543189, current_block_height:17555201
2023-06-25 16:06:54,790 I event_name:TransferBatch,from_block:42409035, to_block:42410035, current_block_height:44314040
2023-06-25 16:06:54,791 I contract_address:0xA2D9Ded6115b7B7208459450D676f0127418ae7A,event_name:TransferBatch,from_block:42409035, to_block:42410035, current_block_height:44314040
2023-06-25 16:06:59,398 I event_name:Create1155RaribleUserProxy,from_block:17542189, to_block:17543189, current_block_height:17555201
2023-06-25 16:06:59,400 I contract_address:0x6a26E902E41B31c91701bBbf33773Ead8BF1691d,event_name:Create1155RaribleUserProxy,from_block:17542189, to_block:17543189, current_block_height:17555201
2023-06-25 16:07:00,935 I event_name:Create1155RaribleUserProxy,from_block:42409035, to_block:42410035, current_block_height:44314044
2023-06-25 16:07:00,937 I contract_address:0xfa63EA28fB0F6901d76E9B418eB4350281a89c62,event_name:Create1155RaribleUserProxy,from_block:42409035, to_block:42410035, current_block_height:44314044
2023-06-25 16:07:08,620 I event_name:TransferSingle,from_block:17544191, to_block:17545191, current_block_height:17555202
2023-06-25 16:07:08,622 I contract_address:0xB66a603f4cFe17e3D27B87a8BfCaD319856518B8,event_name:TransferSingle,from_block:17544191, to_block:17545191, current_block_height:17555202
2023-06-25 16:07:09,646 I event_name:TransferSingle,from_block:42411037, to_block:42412037, current_block_height:44314048
2023-06-25 16:07:09,649 I contract_address:0xA2D9Ded6115b7B7208459450D676f0127418ae7A,event_name:TransferSingle,from_block:42411037, to_block:42412037, current_block_height:44314048
2023-06-25 16:07:10,669 I event_name:TransferBatch,from_block:17543190, to_block:17544190, current_block_height:17555202
2023-06-25 16:07:10,671 I contract_address:0xB66a603f4cFe17e3D27B87a8BfCaD319856518B8,event_name:TransferBatch,from_block:17543190, to_block:17544190, current_block_height:17555202
2023-06-25 16:07:11,750 I event_name:TransferBatch,from_block:42410036, to_block:42411036, current_block_height:44314048
2023-06-25 16:07:11,752 I contract_address:0xA2D9Ded6115b7B7208459450D676f0127418ae7A,event_name:TransferBatch,from_block:42410036, to_block:42411036, current_block_height:44314048
2023-06-25 16:07:14,253 I event_name:Create1155RaribleUserProxy,from_block:17543190, to_block:17544190, current_block_height:17555203
2023-06-25 16:07:14,256 I contract_address:0x6a26E902E41B31c91701bBbf33773Ead8BF1691d,event_name:Create1155RaribleUserProxy,from_block:17543190, to_block:17544190, current_block_height:17555203
2023-06-25 16:07:15,475 I event_name:Create1155RaribleUserProxy,from_block:42410036, to_block:42411036, current_block_height:44314051
2023-06-25 16:07:15,478 I contract_address:0xfa63EA28fB0F6901d76E9B418eB4350281a89c62,event_name:Create1155RaribleUserProxy,from_block:42410036, to_block:42411036, current_block_height:44314051
2023-06-25 16:07:22,529 I event_name:TransferSingle,from_block:17545192, to_block:17546192, current_block_height:17555203
2023-06-25 16:07:22,531 I contract_address:0xB66a603f4cFe17e3D27B87a8BfCaD319856518B8,event_name:TransferSingle,from_block:17545192, to_block:17546192, current_block_height:17555203
2023-06-25 16:07:23,684 I event_name:TransferSingle,from_block:42412038, to_block:42413038, current_block_height:44314055
2023-06-25 16:07:23,686 I contract_address:0xA2D9Ded6115b7B7208459450D676f0127418ae7A,event_name:TransferSingle,from_block:42412038, to_block:42413038, current_block_height:44314055
2023-06-25 16:07:24,638 I event_name:TransferBatch,from_block:17544191, to_block:17545191, current_block_height:17555203
2023-06-25 16:07:24,642 I contract_address:0xB66a603f4cFe17e3D27B87a8BfCaD319856518B8,event_name:TransferBatch,from_block:17544191, to_block:17545191, current_block_height:17555203
2023-06-25 16:07:25,608 I event_name:TransferBatch,from_block:42411037, to_block:42412037, current_block_height:44314055
2023-06-25 16:07:25,612 I contract_address:0xA2D9Ded6115b7B7208459450D676f0127418ae7A,event_name:TransferBatch,from_block:42411037, to_block:42412037, current_block_height:44314055
2023-06-25 16:07:28,519 I event_name:Create1155RaribleUserProxy,from_block:17544191, to_block:17545191, current_block_height:17555204
2023-06-25 16:07:28,521 I contract_address:0x6a26E902E41B31c91701bBbf33773Ead8BF1691d,event_name:Create1155RaribleUserProxy,from_block:17544191, to_block:17545191, current_block_height:17555204
2023-06-25 16:07:29,505 I event_name:Create1155RaribleUserProxy,from_block:42411037, to_block:42412037, current_block_height:44314057
2023-06-25 16:07:29,507 I contract_address:0xfa63EA28fB0F6901d76E9B418eB4350281a89c62,event_name:Create1155RaribleUserProxy,from_block:42411037, to_block:42412037, current_block_height:44314057
2023-06-25 16:07:36,781 I event_name:TransferSingle,from_block:17546193, to_block:17547193, current_block_height:17555204
2023-06-25 16:07:36,782 I contract_address:0xB66a603f4cFe17e3D27B87a8BfCaD319856518B8,event_name:TransferSingle,from_block:17546193, to_block:17547193, current_block_height:17555204
2023-06-25 16:07:37,802 I event_name:TransferSingle,from_block:42413039, to_block:42414039, current_block_height:44314062
2023-06-25 16:07:37,805 I contract_address:0xA2D9Ded6115b7B7208459450D676f0127418ae7A,event_name:TransferSingle,from_block:42413039, to_block:42414039, current_block_height:44314062
2023-06-25 16:07:38,753 I event_name:TransferBatch,from_block:17545192, to_block:17546192, current_block_height:17555204
2023-06-25 16:07:38,755 I contract_address:0xB66a603f4cFe17e3D27B87a8BfCaD319856518B8,event_name:TransferBatch,from_block:17545192, to_block:17546192, current_block_height:17555204
2023-06-25 16:07:39,746 I event_name:TransferBatch,from_block:42412038, to_block:42413038, current_block_height:44314062
2023-06-25 16:07:39,749 I contract_address:0xA2D9Ded6115b7B7208459450D676f0127418ae7A,event_name:TransferBatch,from_block:42412038, to_block:42413038, current_block_height:44314062
2023-06-25 16:07:41,969 I event_name:Create1155RaribleUserProxy,from_block:17545192, to_block:17546192, current_block_height:17555205
2023-06-25 16:07:41,971 I contract_address:0x6a26E902E41B31c91701bBbf33773Ead8BF1691d,event_name:Create1155RaribleUserProxy,from_block:17545192, to_block:17546192, current_block_height:17555205
2023-06-25 16:07:43,336 I event_name:Create1155RaribleUserProxy,from_block:42412038, to_block:42413038, current_block_height:44314063
2023-06-25 16:07:43,338 I contract_address:0xfa63EA28fB0F6901d76E9B418eB4350281a89c62,event_name:Create1155RaribleUserProxy,from_block:42412038, to_block:42413038, current_block_height:44314063
